{"/home/aman-jaiswal/Desktop/aws-ai4bharat-hackathon/backend/lambdas/business/businesses.js": {"path":"/home/aman-jaiswal/Desktop/aws-ai4bharat-hackathon/backend/lambdas/business/businesses.js","statementMap":{"0":{"start":{"line":5,"column":23},"end":{"line":5,"column":38}},"1":{"start":{"line":6,"column":18},"end":{"line":6,"column":43}},"2":{"start":{"line":9,"column":2},"end":{"line":11,"column":3}},"3":{"start":{"line":10,"column":4},"end":{"line":10,"column":37}},"4":{"start":{"line":13,"column":20},"end":{"line":13,"column":102}},"5":{"start":{"line":14,"column":2},"end":{"line":14,"column":73}},"6":{"start":{"line":14,"column":35},"end":{"line":14,"column":73}},"7":{"start":{"line":16,"column":20},"end":{"line":19,"column":3}},"8":{"start":{"line":20,"column":2},"end":{"line":20,"column":71}},"9":{"start":{"line":20,"column":33},"end":{"line":20,"column":71}},"10":{"start":{"line":22,"column":13},"end":{"line":22,"column":21}},"11":{"start":{"line":23,"column":17},"end":{"line":31,"column":3}},"12":{"start":{"line":33,"column":2},"end":{"line":33,"column":24}},"13":{"start":{"line":37,"column":21},"end":{"line":37,"column":23}},"14":{"start":{"line":38,"column":17},"end":{"line":38,"column":19}},"15":{"start":{"line":39,"column":17},"end":{"line":39,"column":18}},"16":{"start":{"line":41,"column":2},"end":{"line":45,"column":3}},"17":{"start":{"line":42,"column":4},"end":{"line":42,"column":99}},"18":{"start":{"line":43,"column":4},"end":{"line":43,"column":45}},"19":{"start":{"line":44,"column":4},"end":{"line":44,"column":15}},"20":{"start":{"line":46,"column":2},"end":{"line":50,"column":3}},"21":{"start":{"line":47,"column":4},"end":{"line":47,"column":52}},"22":{"start":{"line":48,"column":4},"end":{"line":48,"column":28}},"23":{"start":{"line":49,"column":4},"end":{"line":49,"column":15}},"24":{"start":{"line":51,"column":2},"end":{"line":55,"column":3}},"25":{"start":{"line":52,"column":4},"end":{"line":52,"column":52}},"26":{"start":{"line":53,"column":4},"end":{"line":53,"column":37}},"27":{"start":{"line":54,"column":4},"end":{"line":54,"column":15}},"28":{"start":{"line":56,"column":2},"end":{"line":62,"column":3}},"29":{"start":{"line":57,"column":4},"end":{"line":57,"column":50}},"30":{"start":{"line":58,"column":4},"end":{"line":58,"column":35}},"31":{"start":{"line":59,"column":4},"end":{"line":59,"column":15}},"32":{"start":{"line":61,"column":4},"end":{"line":61,"column":42}},"33":{"start":{"line":64,"column":22},"end":{"line":64,"column":86}},"34":{"start":{"line":66,"column":22},"end":{"line":66,"column":102}},"35":{"start":{"line":67,"column":16},"end":{"line":67,"column":51}},"36":{"start":{"line":69,"column":17},"end":{"line":69,"column":35}},"37":{"start":{"line":70,"column":21},"end":{"line":80,"column":3}},"38":{"start":{"line":82,"column":2},"end":{"line":85,"column":4}},"39":{"start":{"line":89,"column":17},"end":{"line":98,"column":3}},"40":{"start":{"line":99,"column":2},"end":{"line":99,"column":32}},"41":{"start":{"line":103,"column":19},"end":{"line":103,"column":78}},"42":{"start":{"line":104,"column":2},"end":{"line":104,"column":72}},"43":{"start":{"line":104,"column":34},"end":{"line":104,"column":72}},"44":{"start":{"line":105,"column":2},"end":{"line":105,"column":73}},"45":{"start":{"line":105,"column":44},"end":{"line":105,"column":73}},"46":{"start":{"line":107,"column":2},"end":{"line":107,"column":87}},"47":{"start":{"line":107,"column":54},"end":{"line":107,"column":87}},"48":{"start":{"line":109,"column":17},"end":{"line":109,"column":19}},"49":{"start":{"line":110,"column":17},"end":{"line":110,"column":19}},"50":{"start":{"line":111,"column":17},"end":{"line":111,"column":18}},"51":{"start":{"line":113,"column":2},"end":{"line":118,"column":3}},"52":{"start":{"line":114,"column":18},"end":{"line":114,"column":62}},"53":{"start":{"line":115,"column":4},"end":{"line":115,"column":43}},"54":{"start":{"line":116,"column":4},"end":{"line":116,"column":74}},"55":{"start":{"line":117,"column":4},"end":{"line":117,"column":15}},"56":{"start":{"line":120,"column":2},"end":{"line":120,"column":36}},"57":{"start":{"line":121,"column":2},"end":{"line":121,"column":18}},"58":{"start":{"line":123,"column":17},"end":{"line":126,"column":3}},"59":{"start":{"line":128,"column":2},"end":{"line":128,"column":24}},"60":{"start":{"line":132,"column":19},"end":{"line":132,"column":78}},"61":{"start":{"line":133,"column":2},"end":{"line":133,"column":72}},"62":{"start":{"line":133,"column":34},"end":{"line":133,"column":72}},"63":{"start":{"line":134,"column":2},"end":{"line":134,"column":73}},"64":{"start":{"line":134,"column":44},"end":{"line":134,"column":73}},"65":{"start":{"line":136,"column":2},"end":{"line":136,"column":97}},"66":{"start":{"line":137,"column":2},"end":{"line":137,"column":33}},"67":{"start":{"line":140,"column":0},"end":{"line":140,"column":105}}},"fnMap":{"0":{"name":"createBusiness","decl":{"start":{"line":8,"column":15},"end":{"line":8,"column":29}},"loc":{"start":{"line":8,"column":44},"end":{"line":34,"column":1}},"line":8},"1":{"name":"listBusinesses","decl":{"start":{"line":36,"column":15},"end":{"line":36,"column":29}},"loc":{"start":{"line":36,"column":94},"end":{"line":86,"column":1}},"line":36},"2":{"name":"getBusinessById","decl":{"start":{"line":88,"column":15},"end":{"line":88,"column":30}},"loc":{"start":{"line":88,"column":35},"end":{"line":100,"column":1}},"line":88},"3":{"name":"updateBusiness","decl":{"start":{"line":102,"column":15},"end":{"line":102,"column":29}},"loc":{"start":{"line":102,"column":48},"end":{"line":129,"column":1}},"line":102},"4":{"name":"deactivateBusiness","decl":{"start":{"line":131,"column":15},"end":{"line":131,"column":33}},"loc":{"start":{"line":131,"column":46},"end":{"line":138,"column":1}},"line":131}},"branchMap":{"0":{"loc":{"start":{"line":9,"column":2},"end":{"line":11,"column":3}},"type":"if","locations":[{"start":{"line":9,"column":2},"end":{"line":11,"column":3}},{"start":{},"end":{}}],"line":9},"1":{"loc":{"start":{"line":14,"column":2},"end":{"line":14,"column":73}},"type":"if","locations":[{"start":{"line":14,"column":2},"end":{"line":14,"column":73}},{"start":{},"end":{}}],"line":14},"2":{"loc":{"start":{"line":20,"column":2},"end":{"line":20,"column":71}},"type":"if","locations":[{"start":{"line":20,"column":2},"end":{"line":20,"column":71}},{"start":{},"end":{}}],"line":20},"3":{"loc":{"start":{"line":27,"column":20},"end":{"line":27,"column":44}},"type":"binary-expr","locations":[{"start":{"line":27,"column":20},"end":{"line":27,"column":36}},{"start":{"line":27,"column":40},"end":{"line":27,"column":44}}],"line":27},"4":{"loc":{"start":{"line":27,"column":58},"end":{"line":27,"column":76}},"type":"binary-expr","locations":[{"start":{"line":27,"column":58},"end":{"line":27,"column":68}},{"start":{"line":27,"column":72},"end":{"line":27,"column":76}}],"line":27},"5":{"loc":{"start":{"line":28,"column":20},"end":{"line":28,"column":41}},"type":"binary-expr","locations":[{"start":{"line":28,"column":20},"end":{"line":28,"column":33}},{"start":{"line":28,"column":37},"end":{"line":28,"column":41}}],"line":28},"6":{"loc":{"start":{"line":28,"column":43},"end":{"line":28,"column":65}},"type":"binary-expr","locations":[{"start":{"line":28,"column":43},"end":{"line":28,"column":57}},{"start":{"line":28,"column":61},"end":{"line":28,"column":65}}],"line":28},"7":{"loc":{"start":{"line":29,"column":6},"end":{"line":29,"column":70}},"type":"cond-expr","locations":[{"start":{"line":29,"column":28},"end":{"line":29,"column":63}},{"start":{"line":29,"column":66},"end":{"line":29,"column":70}}],"line":29},"8":{"loc":{"start":{"line":30,"column":31},"end":{"line":30,"column":57}},"type":"binary-expr","locations":[{"start":{"line":30,"column":31},"end":{"line":30,"column":49}},{"start":{"line":30,"column":53},"end":{"line":30,"column":57}}],"line":30},"9":{"loc":{"start":{"line":36,"column":32},"end":{"line":36,"column":40}},"type":"default-arg","locations":[{"start":{"line":36,"column":39},"end":{"line":36,"column":40}}],"line":36},"10":{"loc":{"start":{"line":36,"column":42},"end":{"line":36,"column":52}},"type":"default-arg","locations":[{"start":{"line":36,"column":50},"end":{"line":36,"column":52}}],"line":36},"11":{"loc":{"start":{"line":41,"column":2},"end":{"line":45,"column":3}},"type":"if","locations":[{"start":{"line":41,"column":2},"end":{"line":45,"column":3}},{"start":{},"end":{}}],"line":41},"12":{"loc":{"start":{"line":46,"column":2},"end":{"line":50,"column":3}},"type":"if","locations":[{"start":{"line":46,"column":2},"end":{"line":50,"column":3}},{"start":{},"end":{}}],"line":46},"13":{"loc":{"start":{"line":51,"column":2},"end":{"line":55,"column":3}},"type":"if","locations":[{"start":{"line":51,"column":2},"end":{"line":55,"column":3}},{"start":{},"end":{}}],"line":51},"14":{"loc":{"start":{"line":56,"column":2},"end":{"line":62,"column":3}},"type":"if","locations":[{"start":{"line":56,"column":2},"end":{"line":62,"column":3}},{"start":{"line":60,"column":9},"end":{"line":62,"column":3}}],"line":56},"15":{"loc":{"start":{"line":64,"column":22},"end":{"line":64,"column":86}},"type":"cond-expr","locations":[{"start":{"line":64,"column":46},"end":{"line":64,"column":81}},{"start":{"line":64,"column":84},"end":{"line":64,"column":86}}],"line":64},"16":{"loc":{"start":{"line":99,"column":9},"end":{"line":99,"column":31}},"type":"binary-expr","locations":[{"start":{"line":99,"column":9},"end":{"line":99,"column":23}},{"start":{"line":99,"column":27},"end":{"line":99,"column":31}}],"line":99},"17":{"loc":{"start":{"line":104,"column":2},"end":{"line":104,"column":72}},"type":"if","locations":[{"start":{"line":104,"column":2},"end":{"line":104,"column":72}},{"start":{},"end":{}}],"line":104},"18":{"loc":{"start":{"line":105,"column":2},"end":{"line":105,"column":73}},"type":"if","locations":[{"start":{"line":105,"column":2},"end":{"line":105,"column":73}},{"start":{},"end":{}}],"line":105},"19":{"loc":{"start":{"line":107,"column":2},"end":{"line":107,"column":87}},"type":"if","locations":[{"start":{"line":107,"column":2},"end":{"line":107,"column":87}},{"start":{},"end":{}}],"line":107},"20":{"loc":{"start":{"line":107,"column":6},"end":{"line":107,"column":52}},"type":"binary-expr","locations":[{"start":{"line":107,"column":6},"end":{"line":107,"column":16}},{"start":{"line":107,"column":20},"end":{"line":107,"column":52}}],"line":107},"21":{"loc":{"start":{"line":116,"column":16},"end":{"line":116,"column":72}},"type":"cond-expr","locations":[{"start":{"line":116,"column":43},"end":{"line":116,"column":64}},{"start":{"line":116,"column":67},"end":{"line":116,"column":72}}],"line":116},"22":{"loc":{"start":{"line":133,"column":2},"end":{"line":133,"column":72}},"type":"if","locations":[{"start":{"line":133,"column":2},"end":{"line":133,"column":72}},{"start":{},"end":{}}],"line":133},"23":{"loc":{"start":{"line":134,"column":2},"end":{"line":134,"column":73}},"type":"if","locations":[{"start":{"line":134,"column":2},"end":{"line":134,"column":73}},{"start":{},"end":{}}],"line":134}},"s":{"0":0,"1":0,"2":0,"3":0,"4":0,"5":0,"6":0,"7":0,"8":0,"9":0,"10":0,"11":0,"12":0,"13":0,"14":0,"15":0,"16":0,"17":0,"18":0,"19":0,"20":0,"21":0,"22":0,"23":0,"24":0,"25":0,"26":0,"27":0,"28":0,"29":0,"30":0,"31":0,"32":0,"33":0,"34":0,"35":0,"36":0,"37":0,"38":0,"39":0,"40":0,"41":0,"42":0,"43":0,"44":0,"45":0,"46":0,"47":0,"48":0,"49":0,"50":0,"51":0,"52":0,"53":0,"54":0,"55":0,"56":0,"57":0,"58":0,"59":0,"60":0,"61":0,"62":0,"63":0,"64":0,"65":0,"66":0,"67":0},"f":{"0":0,"1":0,"2":0,"3":0,"4":0},"b":{"0":[0,0],"1":[0,0],"2":[0,0],"3":[0,0],"4":[0,0],"5":[0,0],"6":[0,0],"7":[0,0],"8":[0,0],"9":[0],"10":[0],"11":[0,0],"12":[0,0],"13":[0,0],"14":[0,0],"15":[0,0],"16":[0,0],"17":[0,0],"18":[0,0],"19":[0,0],"20":[0,0],"21":[0,0],"22":[0,0],"23":[0,0]}}
,"/home/aman-jaiswal/Desktop/aws-ai4bharat-hackathon/backend/lambdas/business/categories.js": {"path":"/home/aman-jaiswal/Desktop/aws-ai4bharat-hackathon/backend/lambdas/business/categories.js","statementMap":{"0":{"start":{"line":5,"column":18},"end":{"line":5,"column":43}},"1":{"start":{"line":8,"column":17},"end":{"line":17,"column":3}},"2":{"start":{"line":18,"column":2},"end":{"line":18,"column":21}},"3":{"start":{"line":22,"column":17},"end":{"line":31,"column":3}},"4":{"start":{"line":32,"column":2},"end":{"line":32,"column":32}},"5":{"start":{"line":35,"column":0},"end":{"line":35,"column":53}}},"fnMap":{"0":{"name":"listCategories","decl":{"start":{"line":7,"column":15},"end":{"line":7,"column":29}},"loc":{"start":{"line":7,"column":32},"end":{"line":19,"column":1}},"line":7},"1":{"name":"getCategoryById","decl":{"start":{"line":21,"column":15},"end":{"line":21,"column":30}},"loc":{"start":{"line":21,"column":35},"end":{"line":33,"column":1}},"line":21}},"branchMap":{"0":{"loc":{"start":{"line":32,"column":9},"end":{"line":32,"column":31}},"type":"binary-expr","locations":[{"start":{"line":32,"column":9},"end":{"line":32,"column":23}},{"start":{"line":32,"column":27},"end":{"line":32,"column":31}}],"line":32}},"s":{"0":0,"1":0,"2":0,"3":0,"4":0,"5":0},"f":{"0":0,"1":0},"b":{"0":[0,0]}}
,"/home/aman-jaiswal/Desktop/aws-ai4bharat-hackathon/backend/lambdas/community/posts.js": {"path":"/home/aman-jaiswal/Desktop/aws-ai4bharat-hackathon/backend/lambdas/community/posts.js","statementMap":{"0":{"start":{"line":5,"column":23},"end":{"line":5,"column":38}},"1":{"start":{"line":6,"column":18},"end":{"line":6,"column":43}},"2":{"start":{"line":7,"column":29},"end":{"line":7,"column":61}},"3":{"start":{"line":10,"column":2},"end":{"line":12,"column":3}},"4":{"start":{"line":11,"column":4},"end":{"line":11,"column":37}},"5":{"start":{"line":14,"column":13},"end":{"line":14,"column":21}},"6":{"start":{"line":15,"column":17},"end":{"line":19,"column":3}},"7":{"start":{"line":20,"column":2},"end":{"line":20,"column":24}},"8":{"start":{"line":24,"column":21},"end":{"line":24,"column":23}},"9":{"start":{"line":25,"column":17},"end":{"line":25,"column":19}},"10":{"start":{"line":26,"column":12},"end":{"line":26,"column":13}},"11":{"start":{"line":28,"column":2},"end":{"line":28,"column":81}},"12":{"start":{"line":28,"column":15},"end":{"line":28,"column":52}},"13":{"start":{"line":28,"column":53},"end":{"line":28,"column":72}},"14":{"start":{"line":28,"column":73},"end":{"line":28,"column":79}},"15":{"start":{"line":29,"column":2},"end":{"line":29,"column":91}},"16":{"start":{"line":29,"column":18},"end":{"line":29,"column":59}},"17":{"start":{"line":29,"column":60},"end":{"line":29,"column":82}},"18":{"start":{"line":29,"column":83},"end":{"line":29,"column":89}},"19":{"start":{"line":30,"column":2},"end":{"line":33,"column":3}},"20":{"start":{"line":31,"column":4},"end":{"line":31,"column":86}},"21":{"start":{"line":32,"column":4},"end":{"line":32,"column":45}},"22":{"start":{"line":32,"column":46},"end":{"line":32,"column":52}},"23":{"start":{"line":35,"column":16},"end":{"line":35,"column":76}},"24":{"start":{"line":36,"column":22},"end":{"line":36,"column":101}},"25":{"start":{"line":37,"column":16},"end":{"line":37,"column":51}},"26":{"start":{"line":39,"column":17},"end":{"line":39,"column":35}},"27":{"start":{"line":40,"column":17},"end":{"line":47,"column":3}},"28":{"start":{"line":49,"column":2},"end":{"line":49,"column":106}},"29":{"start":{"line":53,"column":17},"end":{"line":59,"column":3}},"30":{"start":{"line":60,"column":2},"end":{"line":60,"column":32}},"31":{"start":{"line":63,"column":0},"end":{"line":63,"column":56}}},"fnMap":{"0":{"name":"createPost","decl":{"start":{"line":9,"column":15},"end":{"line":9,"column":25}},"loc":{"start":{"line":9,"column":40},"end":{"line":21,"column":1}},"line":9},"1":{"name":"listPosts","decl":{"start":{"line":23,"column":15},"end":{"line":23,"column":24}},"loc":{"start":{"line":23,"column":76},"end":{"line":50,"column":1}},"line":23},"2":{"name":"getPostById","decl":{"start":{"line":52,"column":15},"end":{"line":52,"column":26}},"loc":{"start":{"line":52,"column":31},"end":{"line":61,"column":1}},"line":52}},"branchMap":{"0":{"loc":{"start":{"line":10,"column":2},"end":{"line":12,"column":3}},"type":"if","locations":[{"start":{"line":10,"column":2},"end":{"line":12,"column":3}},{"start":{},"end":{}}],"line":10},"1":{"loc":{"start":{"line":10,"column":6},"end":{"line":10,"column":58}},"type":"binary-expr","locations":[{"start":{"line":10,"column":6},"end":{"line":10,"column":16}},{"start":{"line":10,"column":20},"end":{"line":10,"column":58}}],"line":10},"2":{"loc":{"start":{"line":18,"column":35},"end":{"line":18,"column":58}},"type":"binary-expr","locations":[{"start":{"line":18,"column":35},"end":{"line":18,"column":45}},{"start":{"line":18,"column":49},"end":{"line":18,"column":58}}],"line":18},"3":{"loc":{"start":{"line":23,"column":27},"end":{"line":23,"column":35}},"type":"default-arg","locations":[{"start":{"line":23,"column":34},"end":{"line":23,"column":35}}],"line":23},"4":{"loc":{"start":{"line":23,"column":37},"end":{"line":23,"column":47}},"type":"default-arg","locations":[{"start":{"line":23,"column":45},"end":{"line":23,"column":47}}],"line":23},"5":{"loc":{"start":{"line":28,"column":2},"end":{"line":28,"column":81}},"type":"if","locations":[{"start":{"line":28,"column":2},"end":{"line":28,"column":81}},{"start":{},"end":{}}],"line":28},"6":{"loc":{"start":{"line":29,"column":2},"end":{"line":29,"column":91}},"type":"if","locations":[{"start":{"line":29,"column":2},"end":{"line":29,"column":91}},{"start":{},"end":{}}],"line":29},"7":{"loc":{"start":{"line":30,"column":2},"end":{"line":33,"column":3}},"type":"if","locations":[{"start":{"line":30,"column":2},"end":{"line":33,"column":3}},{"start":{},"end":{}}],"line":30},"8":{"loc":{"start":{"line":35,"column":16},"end":{"line":35,"column":76}},"type":"cond-expr","locations":[{"start":{"line":35,"column":36},"end":{"line":35,"column":71}},{"start":{"line":35,"column":74},"end":{"line":35,"column":76}}],"line":35},"9":{"loc":{"start":{"line":60,"column":9},"end":{"line":60,"column":31}},"type":"binary-expr","locations":[{"start":{"line":60,"column":9},"end":{"line":60,"column":23}},{"start":{"line":60,"column":27},"end":{"line":60,"column":31}}],"line":60}},"s":{"0":0,"1":0,"2":0,"3":0,"4":0,"5":0,"6":0,"7":0,"8":0,"9":0,"10":0,"11":0,"12":0,"13":0,"14":0,"15":0,"16":0,"17":0,"18":0,"19":0,"20":0,"21":0,"22":0,"23":0,"24":0,"25":0,"26":0,"27":0,"28":0,"29":0,"30":0,"31":0},"f":{"0":0,"1":0,"2":0},"b":{"0":[0,0],"1":[0,0],"2":[0,0],"3":[0],"4":[0],"5":[0,0],"6":[0,0],"7":[0,0],"8":[0,0],"9":[0,0]}}
,"/home/aman-jaiswal/Desktop/aws-ai4bharat-hackathon/backend/lambdas/community/social.js": {"path":"/home/aman-jaiswal/Desktop/aws-ai4bharat-hackathon/backend/lambdas/community/social.js","statementMap":{"0":{"start":{"line":5,"column":23},"end":{"line":5,"column":38}},"1":{"start":{"line":6,"column":18},"end":{"line":6,"column":43}},"2":{"start":{"line":10,"column":19},"end":{"line":12,"column":3}},"3":{"start":{"line":14,"column":2},"end":{"line":17,"column":3}},"4":{"start":{"line":15,"column":4},"end":{"line":15,"column":95}},"5":{"start":{"line":16,"column":4},"end":{"line":16,"column":41}},"6":{"start":{"line":19,"column":2},"end":{"line":22,"column":4}},"7":{"start":{"line":23,"column":2},"end":{"line":23,"column":38}},"8":{"start":{"line":27,"column":22},"end":{"line":27,"column":105}},"9":{"start":{"line":28,"column":16},"end":{"line":28,"column":51}},"10":{"start":{"line":30,"column":17},"end":{"line":30,"column":35}},"11":{"start":{"line":31,"column":17},"end":{"line":39,"column":3}},"12":{"start":{"line":41,"column":2},"end":{"line":41,"column":110}},"13":{"start":{"line":46,"column":2},"end":{"line":48,"column":3}},"14":{"start":{"line":47,"column":4},"end":{"line":47,"column":42}},"15":{"start":{"line":50,"column":19},"end":{"line":52,"column":3}},"16":{"start":{"line":54,"column":2},"end":{"line":57,"column":3}},"17":{"start":{"line":55,"column":4},"end":{"line":55,"column":112}},"18":{"start":{"line":56,"column":4},"end":{"line":56,"column":54}},"19":{"start":{"line":59,"column":2},"end":{"line":62,"column":4}},"20":{"start":{"line":63,"column":2},"end":{"line":63,"column":51}},"21":{"start":{"line":67,"column":22},"end":{"line":67,"column":107}},"22":{"start":{"line":68,"column":16},"end":{"line":68,"column":51}},"23":{"start":{"line":70,"column":17},"end":{"line":70,"column":35}},"24":{"start":{"line":71,"column":17},"end":{"line":78,"column":3}},"25":{"start":{"line":80,"column":2},"end":{"line":80,"column":110}},"26":{"start":{"line":85,"column":19},"end":{"line":87,"column":3}},"27":{"start":{"line":88,"column":2},"end":{"line":90,"column":3}},"28":{"start":{"line":89,"column":4},"end":{"line":89,"column":40}},"29":{"start":{"line":92,"column":13},"end":{"line":92,"column":21}},"30":{"start":{"line":93,"column":2},"end":{"line":96,"column":4}},"31":{"start":{"line":97,"column":2},"end":{"line":97,"column":36}},"32":{"start":{"line":100,"column":0},"end":{"line":100,"column":92}}},"fnMap":{"0":{"name":"toggleBookmark","decl":{"start":{"line":9,"column":15},"end":{"line":9,"column":29}},"loc":{"start":{"line":9,"column":46},"end":{"line":24,"column":1}},"line":9},"1":{"name":"listBookmarks","decl":{"start":{"line":26,"column":15},"end":{"line":26,"column":28}},"loc":{"start":{"line":26,"column":63},"end":{"line":42,"column":1}},"line":26},"2":{"name":"toggleFollow","decl":{"start":{"line":45,"column":15},"end":{"line":45,"column":27}},"loc":{"start":{"line":45,"column":54},"end":{"line":64,"column":1}},"line":45},"3":{"name":"listFollowing","decl":{"start":{"line":66,"column":15},"end":{"line":66,"column":28}},"loc":{"start":{"line":66,"column":63},"end":{"line":81,"column":1}},"line":66},"4":{"name":"reportPost","decl":{"start":{"line":84,"column":15},"end":{"line":84,"column":25}},"loc":{"start":{"line":84,"column":50},"end":{"line":98,"column":1}},"line":84}},"branchMap":{"0":{"loc":{"start":{"line":14,"column":2},"end":{"line":17,"column":3}},"type":"if","locations":[{"start":{"line":14,"column":2},"end":{"line":17,"column":3}},{"start":{},"end":{}}],"line":14},"1":{"loc":{"start":{"line":26,"column":39},"end":{"line":26,"column":47}},"type":"default-arg","locations":[{"start":{"line":26,"column":46},"end":{"line":26,"column":47}}],"line":26},"2":{"loc":{"start":{"line":26,"column":49},"end":{"line":26,"column":59}},"type":"default-arg","locations":[{"start":{"line":26,"column":57},"end":{"line":26,"column":59}}],"line":26},"3":{"loc":{"start":{"line":46,"column":2},"end":{"line":48,"column":3}},"type":"if","locations":[{"start":{"line":46,"column":2},"end":{"line":48,"column":3}},{"start":{},"end":{}}],"line":46},"4":{"loc":{"start":{"line":54,"column":2},"end":{"line":57,"column":3}},"type":"if","locations":[{"start":{"line":54,"column":2},"end":{"line":57,"column":3}},{"start":{},"end":{}}],"line":54},"5":{"loc":{"start":{"line":66,"column":39},"end":{"line":66,"column":47}},"type":"default-arg","locations":[{"start":{"line":66,"column":46},"end":{"line":66,"column":47}}],"line":66},"6":{"loc":{"start":{"line":66,"column":49},"end":{"line":66,"column":59}},"type":"default-arg","locations":[{"start":{"line":66,"column":57},"end":{"line":66,"column":59}}],"line":66},"7":{"loc":{"start":{"line":88,"column":2},"end":{"line":90,"column":3}},"type":"if","locations":[{"start":{"line":88,"column":2},"end":{"line":90,"column":3}},{"start":{},"end":{}}],"line":88}},"s":{"0":0,"1":0,"2":0,"3":0,"4":0,"5":0,"6":0,"7":0,"8":0,"9":0,"10":0,"11":0,"12":0,"13":0,"14":0,"15":0,"16":0,"17":0,"18":0,"19":0,"20":0,"21":0,"22":0,"23":0,"24":0,"25":0,"26":0,"27":0,"28":0,"29":0,"30":0,"31":0,"32":0},"f":{"0":0,"1":0,"2":0,"3":0,"4":0},"b":{"0":[0,0],"1":[0],"2":[0],"3":[0,0],"4":[0,0],"5":[0],"6":[0],"7":[0,0]}}
,"/home/aman-jaiswal/Desktop/aws-ai4bharat-hackathon/backend/lambdas/economic-services/eligibility.js": {"path":"/home/aman-jaiswal/Desktop/aws-ai4bharat-hackathon/backend/lambdas/economic-services/eligibility.js","statementMap":{"0":{"start":{"line":6,"column":31},"end":{"line":6,"column":51}},"1":{"start":{"line":7,"column":26},"end":{"line":7,"column":46}},"2":{"start":{"line":10,"column":20},"end":{"line":10,"column":22}},"3":{"start":{"line":11,"column":17},"end":{"line":11,"column":19}},"4":{"start":{"line":13,"column":4},"end":{"line":17,"column":5}},"5":{"start":{"line":14,"column":8},"end":{"line":14,"column":95}},"6":{"start":{"line":16,"column":8},"end":{"line":16,"column":106}},"7":{"start":{"line":19,"column":4},"end":{"line":22,"column":5}},"8":{"start":{"line":20,"column":8},"end":{"line":21,"column":73}},"9":{"start":{"line":20,"column":38},"end":{"line":20,"column":93}},"10":{"start":{"line":21,"column":13},"end":{"line":21,"column":73}},"11":{"start":{"line":24,"column":4},"end":{"line":28,"column":5}},"12":{"start":{"line":25,"column":8},"end":{"line":25,"column":81}},"13":{"start":{"line":27,"column":8},"end":{"line":27,"column":91}},"14":{"start":{"line":30,"column":4},"end":{"line":35,"column":6}},"15":{"start":{"line":39,"column":20},"end":{"line":39,"column":71}},"16":{"start":{"line":40,"column":4},"end":{"line":46,"column":5}},"17":{"start":{"line":41,"column":8},"end":{"line":45,"column":10}},"18":{"start":{"line":48,"column":22},"end":{"line":50,"column":66}},"19":{"start":{"line":52,"column":24},"end":{"line":60,"column":11}},"20":{"start":{"line":55,"column":26},"end":{"line":60,"column":9}},"21":{"start":{"line":62,"column":4},"end":{"line":72,"column":6}},"22":{"start":{"line":75,"column":0},"end":{"line":78,"column":2}}},"fnMap":{"0":{"name":"evaluateSchemeEligibility","decl":{"start":{"line":9,"column":9},"end":{"line":9,"column":34}},"loc":{"start":{"line":9,"column":52},"end":{"line":36,"column":1}},"line":9},"1":{"name":"assessLoanEligibility","decl":{"start":{"line":38,"column":15},"end":{"line":38,"column":36}},"loc":{"start":{"line":38,"column":59},"end":{"line":73,"column":1}},"line":38},"2":{"name":"(anonymous_2)","decl":{"start":{"line":55,"column":13},"end":{"line":55,"column":14}},"loc":{"start":{"line":55,"column":26},"end":{"line":60,"column":9}},"line":55}},"branchMap":{"0":{"loc":{"start":{"line":13,"column":4},"end":{"line":17,"column":5}},"type":"if","locations":[{"start":{"line":13,"column":4},"end":{"line":17,"column":5}},{"start":{"line":15,"column":11},"end":{"line":17,"column":5}}],"line":13},"1":{"loc":{"start":{"line":13,"column":9},"end":{"line":13,"column":37}},"type":"binary-expr","locations":[{"start":{"line":13,"column":9},"end":{"line":13,"column":32}},{"start":{"line":13,"column":36},"end":{"line":13,"column":37}}],"line":13},"2":{"loc":{"start":{"line":19,"column":4},"end":{"line":22,"column":5}},"type":"if","locations":[{"start":{"line":19,"column":4},"end":{"line":22,"column":5}},{"start":{},"end":{}}],"line":19},"3":{"loc":{"start":{"line":20,"column":8},"end":{"line":21,"column":73}},"type":"if","locations":[{"start":{"line":20,"column":8},"end":{"line":21,"column":73}},{"start":{"line":21,"column":13},"end":{"line":21,"column":73}}],"line":20},"4":{"loc":{"start":{"line":24,"column":4},"end":{"line":28,"column":5}},"type":"if","locations":[{"start":{"line":24,"column":4},"end":{"line":28,"column":5}},{"start":{"line":26,"column":11},"end":{"line":28,"column":5}}],"line":24},"5":{"loc":{"start":{"line":34,"column":20},"end":{"line":34,"column":80}},"type":"cond-expr","locations":[{"start":{"line":34,"column":40},"end":{"line":34,"column":42}},{"start":{"line":34,"column":45},"end":{"line":34,"column":80}}],"line":34},"6":{"loc":{"start":{"line":38,"column":45},"end":{"line":38,"column":57}},"type":"default-arg","locations":[{"start":{"line":38,"column":55},"end":{"line":38,"column":57}}],"line":38},"7":{"loc":{"start":{"line":39,"column":20},"end":{"line":39,"column":71}},"type":"binary-expr","locations":[{"start":{"line":39,"column":20},"end":{"line":39,"column":35}},{"start":{"line":39,"column":39},"end":{"line":39,"column":71}}],"line":39},"8":{"loc":{"start":{"line":40,"column":4},"end":{"line":46,"column":5}},"type":"if","locations":[{"start":{"line":40,"column":4},"end":{"line":46,"column":5}},{"start":{},"end":{}}],"line":40},"9":{"loc":{"start":{"line":48,"column":22},"end":{"line":50,"column":66}},"type":"cond-expr","locations":[{"start":{"line":49,"column":10},"end":{"line":49,"column":28}},{"start":{"line":50,"column":10},"end":{"line":50,"column":66}}],"line":48},"10":{"loc":{"start":{"line":48,"column":22},"end":{"line":48,"column":84}},"type":"binary-expr","locations":[{"start":{"line":48,"column":22},"end":{"line":48,"column":55}},{"start":{"line":48,"column":59},"end":{"line":48,"column":84}}],"line":48},"11":{"loc":{"start":{"line":65,"column":29},"end":{"line":65,"column":57}},"type":"binary-expr","locations":[{"start":{"line":65,"column":29},"end":{"line":65,"column":52}},{"start":{"line":65,"column":56},"end":{"line":65,"column":57}}],"line":65},"12":{"loc":{"start":{"line":66,"column":24},"end":{"line":66,"column":48}},"type":"binary-expr","locations":[{"start":{"line":66,"column":24},"end":{"line":66,"column":42}},{"start":{"line":66,"column":46},"end":{"line":66,"column":48}}],"line":66}},"s":{"0":0,"1":0,"2":0,"3":0,"4":0,"5":0,"6":0,"7":0,"8":0,"9":0,"10":0,"11":0,"12":0,"13":0,"14":0,"15":0,"16":0,"17":0,"18":0,"19":0,"20":0,"21":0,"22":0},"f":{"0":0,"1":0,"2":0},"b":{"0":[0,0],"1":[0,0],"2":[0,0],"3":[0,0],"4":[0,0],"5":[0,0],"6":[0],"7":[0,0],"8":[0,0],"9":[0,0],"10":[0,0],"11":[0,0],"12":[0,0]}}
,"/home/aman-jaiswal/Desktop/aws-ai4bharat-hackathon/backend/lambdas/economic-services/index.js": {"path":"/home/aman-jaiswal/Desktop/aws-ai4bharat-hackathon/backend/lambdas/economic-services/index.js","statementMap":{"0":{"start":{"line":6,"column":49},"end":{"line":6,"column":80}},"1":{"start":{"line":7,"column":54},"end":{"line":7,"column":74}},"2":{"start":{"line":8,"column":41},"end":{"line":8,"column":61}},"3":{"start":{"line":9,"column":34},"end":{"line":9,"column":58}},"4":{"start":{"line":10,"column":32},"end":{"line":10,"column":52}},"5":{"start":{"line":11,"column":54},"end":{"line":11,"column":76}},"6":{"start":{"line":12,"column":56},"end":{"line":12,"column":75}},"7":{"start":{"line":14,"column":0},"end":{"line":73,"column":2}},"8":{"start":{"line":15,"column":4},"end":{"line":15,"column":76}},"9":{"start":{"line":17,"column":19},"end":{"line":17,"column":73}},"10":{"start":{"line":18,"column":17},"end":{"line":18,"column":44}},"11":{"start":{"line":19,"column":19},"end":{"line":19,"column":113}},"12":{"start":{"line":20,"column":15},"end":{"line":20,"column":48}},"13":{"start":{"line":21,"column":17},"end":{"line":21,"column":57}},"14":{"start":{"line":23,"column":4},"end":{"line":72,"column":5}},"15":{"start":{"line":24,"column":8},"end":{"line":26,"column":9}},"16":{"start":{"line":25,"column":12},"end":{"line":25,"column":61}},"17":{"start":{"line":28,"column":8},"end":{"line":30,"column":9}},"18":{"start":{"line":29,"column":12},"end":{"line":29,"column":75}},"19":{"start":{"line":32,"column":8},"end":{"line":34,"column":9}},"20":{"start":{"line":33,"column":12},"end":{"line":33,"column":46}},"21":{"start":{"line":36,"column":8},"end":{"line":41,"column":9}},"22":{"start":{"line":37,"column":29},"end":{"line":37,"column":81}},"23":{"start":{"line":38,"column":27},"end":{"line":38,"column":50}},"24":{"start":{"line":39,"column":12},"end":{"line":39,"column":61}},"25":{"start":{"line":39,"column":25},"end":{"line":39,"column":61}},"26":{"start":{"line":40,"column":12},"end":{"line":40,"column":35}},"27":{"start":{"line":43,"column":8},"end":{"line":45,"column":9}},"28":{"start":{"line":44,"column":12},"end":{"line":44,"column":70}},"29":{"start":{"line":47,"column":8},"end":{"line":49,"column":9}},"30":{"start":{"line":48,"column":12},"end":{"line":48,"column":54}},"31":{"start":{"line":51,"column":8},"end":{"line":54,"column":9}},"32":{"start":{"line":52,"column":12},"end":{"line":52,"column":76}},"33":{"start":{"line":52,"column":33},"end":{"line":52,"column":76}},"34":{"start":{"line":53,"column":12},"end":{"line":53,"column":74}},"35":{"start":{"line":56,"column":8},"end":{"line":58,"column":9}},"36":{"start":{"line":57,"column":12},"end":{"line":57,"column":94}},"37":{"start":{"line":60,"column":8},"end":{"line":62,"column":9}},"38":{"start":{"line":61,"column":12},"end":{"line":61,"column":71}},"39":{"start":{"line":64,"column":8},"end":{"line":66,"column":9}},"40":{"start":{"line":65,"column":12},"end":{"line":65,"column":94}},"41":{"start":{"line":68,"column":8},"end":{"line":68,"column":62}},"42":{"start":{"line":70,"column":8},"end":{"line":70,"column":55}},"43":{"start":{"line":71,"column":8},"end":{"line":71,"column":64}}},"fnMap":{"0":{"name":"(anonymous_0)","decl":{"start":{"line":14,"column":18},"end":{"line":14,"column":19}},"loc":{"start":{"line":14,"column":35},"end":{"line":73,"column":1}},"line":14}},"branchMap":{"0":{"loc":{"start":{"line":17,"column":19},"end":{"line":17,"column":73}},"type":"binary-expr","locations":[{"start":{"line":17,"column":19},"end":{"line":17,"column":35}},{"start":{"line":17,"column":39},"end":{"line":17,"column":73}}],"line":17},"1":{"loc":{"start":{"line":18,"column":17},"end":{"line":18,"column":44}},"type":"binary-expr","locations":[{"start":{"line":18,"column":17},"end":{"line":18,"column":27}},{"start":{"line":18,"column":31},"end":{"line":18,"column":44}}],"line":18},"2":{"loc":{"start":{"line":19,"column":19},"end":{"line":19,"column":113}},"type":"binary-expr","locations":[{"start":{"line":19,"column":19},"end":{"line":19,"column":64}},{"start":{"line":19,"column":68},"end":{"line":19,"column":96}},{"start":{"line":19,"column":100},"end":{"line":19,"column":113}}],"line":19},"3":{"loc":{"start":{"line":20,"column":15},"end":{"line":20,"column":48}},"type":"binary-expr","locations":[{"start":{"line":20,"column":15},"end":{"line":20,"column":42}},{"start":{"line":20,"column":46},"end":{"line":20,"column":48}}],"line":20},"4":{"loc":{"start":{"line":21,"column":17},"end":{"line":21,"column":57}},"type":"cond-expr","locations":[{"start":{"line":21,"column":30},"end":{"line":21,"column":52}},{"start":{"line":21,"column":55},"end":{"line":21,"column":57}}],"line":21},"5":{"loc":{"start":{"line":24,"column":8},"end":{"line":26,"column":9}},"type":"if","locations":[{"start":{"line":24,"column":8},"end":{"line":26,"column":9}},{"start":{},"end":{}}],"line":24},"6":{"loc":{"start":{"line":24,"column":12},"end":{"line":24,"column":67}},"type":"binary-expr","locations":[{"start":{"line":24,"column":12},"end":{"line":24,"column":47}},{"start":{"line":24,"column":51},"end":{"line":24,"column":67}}],"line":24},"7":{"loc":{"start":{"line":28,"column":8},"end":{"line":30,"column":9}},"type":"if","locations":[{"start":{"line":28,"column":8},"end":{"line":30,"column":9}},{"start":{},"end":{}}],"line":28},"8":{"loc":{"start":{"line":28,"column":12},"end":{"line":28,"column":68}},"type":"binary-expr","locations":[{"start":{"line":28,"column":12},"end":{"line":28,"column":47}},{"start":{"line":28,"column":51},"end":{"line":28,"column":68}}],"line":28},"9":{"loc":{"start":{"line":32,"column":8},"end":{"line":34,"column":9}},"type":"if","locations":[{"start":{"line":32,"column":8},"end":{"line":34,"column":9}},{"start":{},"end":{}}],"line":32},"10":{"loc":{"start":{"line":32,"column":12},"end":{"line":32,"column":67}},"type":"binary-expr","locations":[{"start":{"line":32,"column":12},"end":{"line":32,"column":47}},{"start":{"line":32,"column":51},"end":{"line":32,"column":67}}],"line":32},"11":{"loc":{"start":{"line":36,"column":8},"end":{"line":41,"column":9}},"type":"if","locations":[{"start":{"line":36,"column":8},"end":{"line":41,"column":9}},{"start":{},"end":{}}],"line":36},"12":{"loc":{"start":{"line":36,"column":12},"end":{"line":36,"column":81}},"type":"binary-expr","locations":[{"start":{"line":36,"column":12},"end":{"line":36,"column":61}},{"start":{"line":36,"column":65},"end":{"line":36,"column":81}}],"line":36},"13":{"loc":{"start":{"line":39,"column":12},"end":{"line":39,"column":61}},"type":"if","locations":[{"start":{"line":39,"column":12},"end":{"line":39,"column":61}},{"start":{},"end":{}}],"line":39},"14":{"loc":{"start":{"line":43,"column":8},"end":{"line":45,"column":9}},"type":"if","locations":[{"start":{"line":43,"column":8},"end":{"line":45,"column":9}},{"start":{},"end":{}}],"line":43},"15":{"loc":{"start":{"line":43,"column":12},"end":{"line":43,"column":80}},"type":"binary-expr","locations":[{"start":{"line":43,"column":12},"end":{"line":43,"column":59}},{"start":{"line":43,"column":63},"end":{"line":43,"column":80}}],"line":43},"16":{"loc":{"start":{"line":47,"column":8},"end":{"line":49,"column":9}},"type":"if","locations":[{"start":{"line":47,"column":8},"end":{"line":49,"column":9}},{"start":{},"end":{}}],"line":47},"17":{"loc":{"start":{"line":47,"column":12},"end":{"line":47,"column":74}},"type":"binary-expr","locations":[{"start":{"line":47,"column":12},"end":{"line":47,"column":53}},{"start":{"line":47,"column":57},"end":{"line":47,"column":74}}],"line":47},"18":{"loc":{"start":{"line":51,"column":8},"end":{"line":54,"column":9}},"type":"if","locations":[{"start":{"line":51,"column":8},"end":{"line":54,"column":9}},{"start":{},"end":{}}],"line":51},"19":{"loc":{"start":{"line":51,"column":12},"end":{"line":51,"column":78}},"type":"binary-expr","locations":[{"start":{"line":51,"column":12},"end":{"line":51,"column":57}},{"start":{"line":51,"column":61},"end":{"line":51,"column":78}}],"line":51},"20":{"loc":{"start":{"line":52,"column":12},"end":{"line":52,"column":76}},"type":"if","locations":[{"start":{"line":52,"column":12},"end":{"line":52,"column":76}},{"start":{},"end":{}}],"line":52},"21":{"loc":{"start":{"line":56,"column":8},"end":{"line":58,"column":9}},"type":"if","locations":[{"start":{"line":56,"column":8},"end":{"line":58,"column":9}},{"start":{},"end":{}}],"line":56},"22":{"loc":{"start":{"line":56,"column":12},"end":{"line":56,"column":77}},"type":"binary-expr","locations":[{"start":{"line":56,"column":12},"end":{"line":56,"column":57}},{"start":{"line":56,"column":61},"end":{"line":56,"column":77}}],"line":56},"23":{"loc":{"start":{"line":57,"column":70},"end":{"line":57,"column":86}},"type":"binary-expr","locations":[{"start":{"line":57,"column":70},"end":{"line":57,"column":78}},{"start":{"line":57,"column":82},"end":{"line":57,"column":86}}],"line":57},"24":{"loc":{"start":{"line":60,"column":8},"end":{"line":62,"column":9}},"type":"if","locations":[{"start":{"line":60,"column":8},"end":{"line":62,"column":9}},{"start":{},"end":{}}],"line":60},"25":{"loc":{"start":{"line":60,"column":12},"end":{"line":60,"column":77}},"type":"binary-expr","locations":[{"start":{"line":60,"column":12},"end":{"line":60,"column":56}},{"start":{"line":60,"column":60},"end":{"line":60,"column":77}}],"line":60},"26":{"loc":{"start":{"line":64,"column":8},"end":{"line":66,"column":9}},"type":"if","locations":[{"start":{"line":64,"column":8},"end":{"line":66,"column":9}},{"start":{},"end":{}}],"line":64},"27":{"loc":{"start":{"line":64,"column":12},"end":{"line":64,"column":66}},"type":"binary-expr","locations":[{"start":{"line":64,"column":12},"end":{"line":64,"column":46}},{"start":{"line":64,"column":50},"end":{"line":64,"column":66}}],"line":64},"28":{"loc":{"start":{"line":65,"column":70},"end":{"line":65,"column":86}},"type":"binary-expr","locations":[{"start":{"line":65,"column":70},"end":{"line":65,"column":78}},{"start":{"line":65,"column":82},"end":{"line":65,"column":86}}],"line":65}},"s":{"0":0,"1":0,"2":0,"3":0,"4":0,"5":0,"6":0,"7":0,"8":0,"9":0,"10":0,"11":0,"12":0,"13":0,"14":0,"15":0,"16":0,"17":0,"18":0,"19":0,"20":0,"21":0,"22":0,"23":0,"24":0,"25":0,"26":0,"27":0,"28":0,"29":0,"30":0,"31":0,"32":0,"33":0,"34":0,"35":0,"36":0,"37":0,"38":0,"39":0,"40":0,"41":0,"42":0,"43":0},"f":{"0":0},"b":{"0":[0,0],"1":[0,0],"2":[0,0,0],"3":[0,0],"4":[0,0],"5":[0,0],"6":[0,0],"7":[0,0],"8":[0,0],"9":[0,0],"10":[0,0],"11":[0,0],"12":[0,0],"13":[0,0],"14":[0,0],"15":[0,0],"16":[0,0],"17":[0,0],"18":[0,0],"19":[0,0],"20":[0,0],"21":[0,0],"22":[0,0],"23":[0,0],"24":[0,0],"25":[0,0],"26":[0,0],"27":[0,0],"28":[0,0]}}
,"/home/aman-jaiswal/Desktop/aws-ai4bharat-hackathon/backend/lambdas/economic-services/insurance.js": {"path":"/home/aman-jaiswal/Desktop/aws-ai4bharat-hackathon/backend/lambdas/economic-services/insurance.js","statementMap":{"0":{"start":{"line":6,"column":37},"end":{"line":6,"column":69}},"1":{"start":{"line":7,"column":23},"end":{"line":7,"column":38}},"2":{"start":{"line":8,"column":34},"end":{"line":8,"column":59}},"3":{"start":{"line":11,"column":21},"end":{"line":14,"column":31}},"4":{"start":{"line":16,"column":24},"end":{"line":16,"column":45}},"5":{"start":{"line":17,"column":19},"end":{"line":17,"column":27}},"6":{"start":{"line":18,"column":25},"end":{"line":18,"column":27}},"7":{"start":{"line":20,"column":4},"end":{"line":36,"column":5}},"8":{"start":{"line":21,"column":8},"end":{"line":21,"column":55}},"9":{"start":{"line":22,"column":8},"end":{"line":22,"column":26}},"10":{"start":{"line":23,"column":8},"end":{"line":23,"column":28}},"11":{"start":{"line":24,"column":11},"end":{"line":36,"column":5}},"12":{"start":{"line":25,"column":8},"end":{"line":25,"column":47}},"13":{"start":{"line":26,"column":8},"end":{"line":26,"column":26}},"14":{"start":{"line":27,"column":8},"end":{"line":27,"column":28}},"15":{"start":{"line":28,"column":11},"end":{"line":36,"column":5}},"16":{"start":{"line":29,"column":8},"end":{"line":29,"column":49}},"17":{"start":{"line":30,"column":8},"end":{"line":30,"column":28}},"18":{"start":{"line":31,"column":8},"end":{"line":31,"column":28}},"19":{"start":{"line":32,"column":11},"end":{"line":36,"column":5}},"20":{"start":{"line":33,"column":8},"end":{"line":33,"column":55}},"21":{"start":{"line":34,"column":8},"end":{"line":34,"column":28}},"22":{"start":{"line":35,"column":8},"end":{"line":35,"column":28}},"23":{"start":{"line":38,"column":4},"end":{"line":48,"column":6}},"24":{"start":{"line":52,"column":20},"end":{"line":52,"column":28}},"25":{"start":{"line":53,"column":29},"end":{"line":53,"column":58}},"26":{"start":{"line":54,"column":16},"end":{"line":54,"column":40}},"27":{"start":{"line":56,"column":18},"end":{"line":70,"column":5}},"28":{"start":{"line":72,"column":4},"end":{"line":75,"column":8}},"29":{"start":{"line":77,"column":4},"end":{"line":77,"column":17}},"30":{"start":{"line":81,"column":19},"end":{"line":87,"column":7}},"31":{"start":{"line":89,"column":4},"end":{"line":91,"column":6}},"32":{"start":{"line":94,"column":0},"end":{"line":98,"column":2}}},"fnMap":{"0":{"name":"assessDamageEvidence","decl":{"start":{"line":10,"column":9},"end":{"line":10,"column":29}},"loc":{"start":{"line":10,"column":39},"end":{"line":49,"column":1}},"line":10},"1":{"name":"createInsuranceClaim","decl":{"start":{"line":51,"column":15},"end":{"line":51,"column":35}},"loc":{"start":{"line":51,"column":53},"end":{"line":78,"column":1}},"line":51},"2":{"name":"listInsuranceClaims","decl":{"start":{"line":80,"column":15},"end":{"line":80,"column":34}},"loc":{"start":{"line":80,"column":55},"end":{"line":92,"column":1}},"line":80}},"branchMap":{"0":{"loc":{"start":{"line":12,"column":12},"end":{"line":12,"column":79}},"type":"cond-expr","locations":[{"start":{"line":12,"column":52},"end":{"line":12,"column":74}},{"start":{"line":12,"column":77},"end":{"line":12,"column":79}}],"line":12},"1":{"loc":{"start":{"line":13,"column":8},"end":{"line":13,"column":27}},"type":"binary-expr","locations":[{"start":{"line":13,"column":8},"end":{"line":13,"column":21}},{"start":{"line":13,"column":25},"end":{"line":13,"column":27}}],"line":13},"2":{"loc":{"start":{"line":20,"column":4},"end":{"line":36,"column":5}},"type":"if","locations":[{"start":{"line":20,"column":4},"end":{"line":36,"column":5}},{"start":{"line":24,"column":11},"end":{"line":36,"column":5}}],"line":20},"3":{"loc":{"start":{"line":20,"column":8},"end":{"line":20,"column":71}},"type":"binary-expr","locations":[{"start":{"line":20,"column":8},"end":{"line":20,"column":34}},{"start":{"line":20,"column":38},"end":{"line":20,"column":71}}],"line":20},"4":{"loc":{"start":{"line":24,"column":11},"end":{"line":36,"column":5}},"type":"if","locations":[{"start":{"line":24,"column":11},"end":{"line":36,"column":5}},{"start":{"line":28,"column":11},"end":{"line":36,"column":5}}],"line":24},"5":{"loc":{"start":{"line":24,"column":15},"end":{"line":24,"column":70}},"type":"binary-expr","locations":[{"start":{"line":24,"column":15},"end":{"line":24,"column":40}},{"start":{"line":24,"column":44},"end":{"line":24,"column":70}}],"line":24},"6":{"loc":{"start":{"line":28,"column":11},"end":{"line":36,"column":5}},"type":"if","locations":[{"start":{"line":28,"column":11},"end":{"line":36,"column":5}},{"start":{"line":32,"column":11},"end":{"line":36,"column":5}}],"line":28},"7":{"loc":{"start":{"line":28,"column":15},"end":{"line":28,"column":77}},"type":"binary-expr","locations":[{"start":{"line":28,"column":15},"end":{"line":28,"column":43}},{"start":{"line":28,"column":47},"end":{"line":28,"column":77}}],"line":28},"8":{"loc":{"start":{"line":32,"column":11},"end":{"line":36,"column":5}},"type":"if","locations":[{"start":{"line":32,"column":11},"end":{"line":36,"column":5}},{"start":{},"end":{}}],"line":32},"9":{"loc":{"start":{"line":32,"column":15},"end":{"line":32,"column":72}},"type":"binary-expr","locations":[{"start":{"line":32,"column":15},"end":{"line":32,"column":40}},{"start":{"line":32,"column":44},"end":{"line":32,"column":72}}],"line":32},"10":{"loc":{"start":{"line":59,"column":19},"end":{"line":59,"column":47}},"type":"binary-expr","locations":[{"start":{"line":59,"column":19},"end":{"line":59,"column":36}},{"start":{"line":59,"column":40},"end":{"line":59,"column":47}}],"line":59},"11":{"loc":{"start":{"line":60,"column":19},"end":{"line":60,"column":44}},"type":"binary-expr","locations":[{"start":{"line":60,"column":19},"end":{"line":60,"column":36}},{"start":{"line":60,"column":40},"end":{"line":60,"column":44}}],"line":60},"12":{"loc":{"start":{"line":61,"column":19},"end":{"line":61,"column":44}},"type":"binary-expr","locations":[{"start":{"line":61,"column":19},"end":{"line":61,"column":36}},{"start":{"line":61,"column":40},"end":{"line":61,"column":44}}],"line":61},"13":{"loc":{"start":{"line":62,"column":36},"end":{"line":62,"column":68}},"type":"binary-expr","locations":[{"start":{"line":62,"column":36},"end":{"line":62,"column":63}},{"start":{"line":62,"column":67},"end":{"line":62,"column":68}}],"line":62},"14":{"loc":{"start":{"line":63,"column":18},"end":{"line":63,"column":40}},"type":"binary-expr","locations":[{"start":{"line":63,"column":18},"end":{"line":63,"column":34}},{"start":{"line":63,"column":38},"end":{"line":63,"column":40}}],"line":63},"15":{"loc":{"start":{"line":64,"column":24},"end":{"line":64,"column":91}},"type":"cond-expr","locations":[{"start":{"line":64,"column":64},"end":{"line":64,"column":86}},{"start":{"line":64,"column":89},"end":{"line":64,"column":91}}],"line":64},"16":{"loc":{"start":{"line":65,"column":15},"end":{"line":65,"column":36}},"type":"binary-expr","locations":[{"start":{"line":65,"column":15},"end":{"line":65,"column":28}},{"start":{"line":65,"column":32},"end":{"line":65,"column":36}}],"line":65},"17":{"loc":{"start":{"line":67,"column":16},"end":{"line":67,"column":79}},"type":"cond-expr","locations":[{"start":{"line":67,"column":45},"end":{"line":67,"column":58}},{"start":{"line":67,"column":61},"end":{"line":67,"column":79}}],"line":67},"18":{"loc":{"start":{"line":80,"column":43},"end":{"line":80,"column":53}},"type":"default-arg","locations":[{"start":{"line":80,"column":51},"end":{"line":80,"column":53}}],"line":80},"19":{"loc":{"start":{"line":90,"column":16},"end":{"line":90,"column":34}},"type":"binary-expr","locations":[{"start":{"line":90,"column":16},"end":{"line":90,"column":28}},{"start":{"line":90,"column":32},"end":{"line":90,"column":34}}],"line":90}},"s":{"0":0,"1":0,"2":0,"3":0,"4":0,"5":0,"6":0,"7":0,"8":0,"9":0,"10":0,"11":0,"12":0,"13":0,"14":0,"15":0,"16":0,"17":0,"18":0,"19":0,"20":0,"21":0,"22":0,"23":0,"24":0,"25":0,"26":0,"27":0,"28":0,"29":0,"30":0,"31":0,"32":0},"f":{"0":0,"1":0,"2":0},"b":{"0":[0,0],"1":[0,0],"2":[0,0],"3":[0,0],"4":[0,0],"5":[0,0],"6":[0,0],"7":[0,0],"8":[0,0],"9":[0,0],"10":[0,0],"11":[0,0],"12":[0,0],"13":[0,0],"14":[0,0],"15":[0,0],"16":[0,0],"17":[0,0],"18":[0],"19":[0,0]}}
,"/home/aman-jaiswal/Desktop/aws-ai4bharat-hackathon/backend/lambdas/economic-services/nudges.js": {"path":"/home/aman-jaiswal/Desktop/aws-ai4bharat-hackathon/backend/lambdas/economic-services/nudges.js","statementMap":{"0":{"start":{"line":6,"column":37},"end":{"line":6,"column":69}},"1":{"start":{"line":7,"column":38},"end":{"line":7,"column":68}},"2":{"start":{"line":8,"column":34},"end":{"line":8,"column":59}},"3":{"start":{"line":10,"column":12},"end":{"line":10,"column":77}},"4":{"start":{"line":11,"column":42},"end":{"line":11,"column":93}},"5":{"start":{"line":14,"column":21},"end":{"line":14,"column":86}},"6":{"start":{"line":15,"column":21},"end":{"line":21,"column":5}},"7":{"start":{"line":23,"column":4},"end":{"line":23,"column":54}},"8":{"start":{"line":27,"column":20},"end":{"line":27,"column":43}},"9":{"start":{"line":28,"column":19},"end":{"line":28,"column":49}},"10":{"start":{"line":29,"column":24},"end":{"line":29,"column":48}},"11":{"start":{"line":30,"column":20},"end":{"line":30,"column":64}},"12":{"start":{"line":32,"column":18},"end":{"line":39,"column":5}},"13":{"start":{"line":41,"column":4},"end":{"line":44,"column":8}},"14":{"start":{"line":46,"column":4},"end":{"line":52,"column":5}},"15":{"start":{"line":47,"column":8},"end":{"line":51,"column":12}},"16":{"start":{"line":54,"column":4},"end":{"line":54,"column":17}},"17":{"start":{"line":58,"column":19},"end":{"line":64,"column":7}},"18":{"start":{"line":66,"column":4},"end":{"line":68,"column":6}},"19":{"start":{"line":71,"column":0},"end":{"line":75,"column":2}}},"fnMap":{"0":{"name":"buildSeasonalMessages","decl":{"start":{"line":13,"column":9},"end":{"line":13,"column":30}},"loc":{"start":{"line":13,"column":63},"end":{"line":24,"column":1}},"line":13},"1":{"name":"generateFinancialNudge","decl":{"start":{"line":26,"column":15},"end":{"line":26,"column":37}},"loc":{"start":{"line":26,"column":60},"end":{"line":55,"column":1}},"line":26},"2":{"name":"listFinancialNudges","decl":{"start":{"line":57,"column":15},"end":{"line":57,"column":34}},"loc":{"start":{"line":57,"column":55},"end":{"line":69,"column":1}},"line":57}},"branchMap":{"0":{"loc":{"start":{"line":10,"column":36},"end":{"line":10,"column":74}},"type":"binary-expr","locations":[{"start":{"line":10,"column":36},"end":{"line":10,"column":58}},{"start":{"line":10,"column":62},"end":{"line":10,"column":74}}],"line":10},"1":{"loc":{"start":{"line":11,"column":42},"end":{"line":11,"column":93}},"type":"binary-expr","locations":[{"start":{"line":11,"column":42},"end":{"line":11,"column":87}},{"start":{"line":11,"column":91},"end":{"line":11,"column":93}}],"line":11},"2":{"loc":{"start":{"line":13,"column":40},"end":{"line":13,"column":61}},"type":"default-arg","locations":[{"start":{"line":13,"column":49},"end":{"line":13,"column":61}}],"line":13},"3":{"loc":{"start":{"line":14,"column":21},"end":{"line":14,"column":86}},"type":"binary-expr","locations":[{"start":{"line":14,"column":21},"end":{"line":14,"column":70}},{"start":{"line":14,"column":74},"end":{"line":14,"column":86}}],"line":14},"4":{"loc":{"start":{"line":14,"column":22},"end":{"line":14,"column":46}},"type":"binary-expr","locations":[{"start":{"line":14,"column":22},"end":{"line":14,"column":40}},{"start":{"line":14,"column":44},"end":{"line":14,"column":46}}],"line":14},"5":{"loc":{"start":{"line":23,"column":11},"end":{"line":23,"column":53}},"type":"binary-expr","locations":[{"start":{"line":23,"column":11},"end":{"line":23,"column":27}},{"start":{"line":23,"column":31},"end":{"line":23,"column":53}}],"line":23},"6":{"loc":{"start":{"line":26,"column":46},"end":{"line":26,"column":58}},"type":"default-arg","locations":[{"start":{"line":26,"column":56},"end":{"line":26,"column":58}}],"line":26},"7":{"loc":{"start":{"line":27,"column":20},"end":{"line":27,"column":43}},"type":"binary-expr","locations":[{"start":{"line":27,"column":20},"end":{"line":27,"column":35}},{"start":{"line":27,"column":39},"end":{"line":27,"column":43}}],"line":27},"8":{"loc":{"start":{"line":28,"column":19},"end":{"line":28,"column":49}},"type":"binary-expr","locations":[{"start":{"line":28,"column":19},"end":{"line":28,"column":33}},{"start":{"line":28,"column":37},"end":{"line":28,"column":49}}],"line":28},"9":{"loc":{"start":{"line":30,"column":42},"end":{"line":30,"column":55}},"type":"binary-expr","locations":[{"start":{"line":30,"column":42},"end":{"line":30,"column":49}},{"start":{"line":30,"column":53},"end":{"line":30,"column":55}}],"line":30},"10":{"loc":{"start":{"line":36,"column":17},"end":{"line":36,"column":42}},"type":"binary-expr","locations":[{"start":{"line":36,"column":17},"end":{"line":36,"column":32}},{"start":{"line":36,"column":36},"end":{"line":36,"column":42}}],"line":36},"11":{"loc":{"start":{"line":38,"column":28},"end":{"line":38,"column":53}},"type":"binary-expr","locations":[{"start":{"line":38,"column":28},"end":{"line":38,"column":47}},{"start":{"line":38,"column":51},"end":{"line":38,"column":53}}],"line":38},"12":{"loc":{"start":{"line":46,"column":4},"end":{"line":52,"column":5}},"type":"if","locations":[{"start":{"line":46,"column":4},"end":{"line":52,"column":5}},{"start":{},"end":{}}],"line":46},"13":{"loc":{"start":{"line":57,"column":43},"end":{"line":57,"column":53}},"type":"default-arg","locations":[{"start":{"line":57,"column":51},"end":{"line":57,"column":53}}],"line":57},"14":{"loc":{"start":{"line":67,"column":16},"end":{"line":67,"column":34}},"type":"binary-expr","locations":[{"start":{"line":67,"column":16},"end":{"line":67,"column":28}},{"start":{"line":67,"column":32},"end":{"line":67,"column":34}}],"line":67}},"s":{"0":0,"1":0,"2":0,"3":0,"4":0,"5":0,"6":0,"7":0,"8":0,"9":0,"10":0,"11":0,"12":0,"13":0,"14":0,"15":0,"16":0,"17":0,"18":0,"19":0},"f":{"0":0,"1":0,"2":0},"b":{"0":[0,0],"1":[0,0],"2":[0],"3":[0,0],"4":[0,0],"5":[0,0],"6":[0],"7":[0,0],"8":[0,0],"9":[0,0],"10":[0,0],"11":[0,0],"12":[0,0],"13":[0],"14":[0,0]}}
,"/home/aman-jaiswal/Desktop/aws-ai4bharat-hackathon/backend/lambdas/economic-services/profile.js": {"path":"/home/aman-jaiswal/Desktop/aws-ai4bharat-hackathon/backend/lambdas/economic-services/profile.js","statementMap":{"0":{"start":{"line":5,"column":35},"end":{"line":5,"column":67}},"1":{"start":{"line":6,"column":34},"end":{"line":6,"column":59}},"2":{"start":{"line":9,"column":4},"end":{"line":18,"column":5}},"3":{"start":{"line":10,"column":23},"end":{"line":13,"column":11}},"4":{"start":{"line":15,"column":8},"end":{"line":15,"column":35}},"5":{"start":{"line":17,"column":8},"end":{"line":17,"column":20}},"6":{"start":{"line":22,"column":16},"end":{"line":22,"column":40}},"7":{"start":{"line":23,"column":21},"end":{"line":23,"column":53}},"8":{"start":{"line":25,"column":20},"end":{"line":49,"column":5}},"9":{"start":{"line":51,"column":4},"end":{"line":54,"column":8}},"10":{"start":{"line":56,"column":4},"end":{"line":56,"column":19}},"11":{"start":{"line":59,"column":0},"end":{"line":62,"column":2}}},"fnMap":{"0":{"name":"getEconomicProfile","decl":{"start":{"line":8,"column":15},"end":{"line":8,"column":33}},"loc":{"start":{"line":8,"column":42},"end":{"line":19,"column":1}},"line":8},"1":{"name":"upsertEconomicProfile","decl":{"start":{"line":21,"column":15},"end":{"line":21,"column":36}},"loc":{"start":{"line":21,"column":54},"end":{"line":57,"column":1}},"line":21}},"branchMap":{"0":{"loc":{"start":{"line":15,"column":15},"end":{"line":15,"column":34}},"type":"binary-expr","locations":[{"start":{"line":15,"column":15},"end":{"line":15,"column":26}},{"start":{"line":15,"column":30},"end":{"line":15,"column":34}}],"line":15},"1":{"loc":{"start":{"line":27,"column":19},"end":{"line":27,"column":67}},"type":"binary-expr","locations":[{"start":{"line":27,"column":19},"end":{"line":27,"column":36}},{"start":{"line":27,"column":40},"end":{"line":27,"column":59}},{"start":{"line":27,"column":63},"end":{"line":27,"column":67}}],"line":27},"2":{"loc":{"start":{"line":28,"column":15},"end":{"line":28,"column":55}},"type":"binary-expr","locations":[{"start":{"line":28,"column":15},"end":{"line":28,"column":28}},{"start":{"line":28,"column":32},"end":{"line":28,"column":47}},{"start":{"line":28,"column":51},"end":{"line":28,"column":55}}],"line":28},"3":{"loc":{"start":{"line":29,"column":18},"end":{"line":29,"column":64}},"type":"binary-expr","locations":[{"start":{"line":29,"column":18},"end":{"line":29,"column":34}},{"start":{"line":29,"column":38},"end":{"line":29,"column":56}},{"start":{"line":29,"column":60},"end":{"line":29,"column":64}}],"line":29},"4":{"loc":{"start":{"line":30,"column":26},"end":{"line":30,"column":88}},"type":"binary-expr","locations":[{"start":{"line":30,"column":26},"end":{"line":30,"column":50}},{"start":{"line":30,"column":54},"end":{"line":30,"column":80}},{"start":{"line":30,"column":84},"end":{"line":30,"column":88}}],"line":30},"5":{"loc":{"start":{"line":31,"column":32},"end":{"line":31,"column":89}},"type":"binary-expr","locations":[{"start":{"line":31,"column":32},"end":{"line":31,"column":55}},{"start":{"line":31,"column":59},"end":{"line":31,"column":84}},{"start":{"line":31,"column":88},"end":{"line":31,"column":89}}],"line":31},"6":{"loc":{"start":{"line":32,"column":20},"end":{"line":32,"column":105}},"type":"cond-expr","locations":[{"start":{"line":32,"column":56},"end":{"line":32,"column":74}},{"start":{"line":32,"column":78},"end":{"line":32,"column":104}}],"line":32},"7":{"loc":{"start":{"line":32,"column":78},"end":{"line":32,"column":104}},"type":"binary-expr","locations":[{"start":{"line":32,"column":78},"end":{"line":32,"column":98}},{"start":{"line":32,"column":102},"end":{"line":32,"column":104}}],"line":32},"8":{"loc":{"start":{"line":33,"column":34},"end":{"line":33,"column":95}},"type":"binary-expr","locations":[{"start":{"line":33,"column":34},"end":{"line":33,"column":59}},{"start":{"line":33,"column":63},"end":{"line":33,"column":90}},{"start":{"line":33,"column":94},"end":{"line":33,"column":95}}],"line":33},"9":{"loc":{"start":{"line":35,"column":12},"end":{"line":35,"column":93}},"type":"binary-expr","locations":[{"start":{"line":35,"column":12},"end":{"line":35,"column":47}},{"start":{"line":35,"column":51},"end":{"line":35,"column":88}},{"start":{"line":35,"column":92},"end":{"line":35,"column":93}}],"line":35},"10":{"loc":{"start":{"line":37,"column":27},"end":{"line":39,"column":49}},"type":"cond-expr","locations":[{"start":{"line":38,"column":14},"end":{"line":38,"column":39}},{"start":{"line":39,"column":15},"end":{"line":39,"column":48}}],"line":37},"11":{"loc":{"start":{"line":39,"column":15},"end":{"line":39,"column":48}},"type":"binary-expr","locations":[{"start":{"line":39,"column":15},"end":{"line":39,"column":42}},{"start":{"line":39,"column":46},"end":{"line":39,"column":48}}],"line":39},"12":{"loc":{"start":{"line":40,"column":24},"end":{"line":42,"column":46}},"type":"cond-expr","locations":[{"start":{"line":41,"column":14},"end":{"line":41,"column":36}},{"start":{"line":42,"column":15},"end":{"line":42,"column":45}}],"line":40},"13":{"loc":{"start":{"line":42,"column":15},"end":{"line":42,"column":45}},"type":"binary-expr","locations":[{"start":{"line":42,"column":15},"end":{"line":42,"column":39}},{"start":{"line":42,"column":43},"end":{"line":42,"column":45}}],"line":42},"14":{"loc":{"start":{"line":43,"column":26},"end":{"line":43,"column":89}},"type":"binary-expr","locations":[{"start":{"line":43,"column":26},"end":{"line":43,"column":50}},{"start":{"line":43,"column":54},"end":{"line":43,"column":80}},{"start":{"line":43,"column":84},"end":{"line":43,"column":89}}],"line":43},"15":{"loc":{"start":{"line":44,"column":17},"end":{"line":44,"column":62}},"type":"binary-expr","locations":[{"start":{"line":44,"column":17},"end":{"line":44,"column":32}},{"start":{"line":44,"column":36},"end":{"line":44,"column":53}},{"start":{"line":44,"column":57},"end":{"line":44,"column":62}}],"line":44},"16":{"loc":{"start":{"line":45,"column":29},"end":{"line":45,"column":98}},"type":"binary-expr","locations":[{"start":{"line":45,"column":29},"end":{"line":45,"column":56}},{"start":{"line":45,"column":60},"end":{"line":45,"column":89}},{"start":{"line":45,"column":93},"end":{"line":45,"column":98}}],"line":45},"17":{"loc":{"start":{"line":46,"column":28},"end":{"line":46,"column":94}},"type":"binary-expr","locations":[{"start":{"line":46,"column":28},"end":{"line":46,"column":54}},{"start":{"line":46,"column":58},"end":{"line":46,"column":86}},{"start":{"line":46,"column":90},"end":{"line":46,"column":94}}],"line":46},"18":{"loc":{"start":{"line":47,"column":19},"end":{"line":47,"column":45}},"type":"binary-expr","locations":[{"start":{"line":47,"column":19},"end":{"line":47,"column":38}},{"start":{"line":47,"column":42},"end":{"line":47,"column":45}}],"line":47}},"s":{"0":0,"1":0,"2":0,"3":0,"4":0,"5":0,"6":0,"7":0,"8":0,"9":0,"10":0,"11":0},"f":{"0":0,"1":0},"b":{"0":[0,0],"1":[0,0,0],"2":[0,0,0],"3":[0,0,0],"4":[0,0,0],"5":[0,0,0],"6":[0,0],"7":[0,0],"8":[0,0,0],"9":[0,0,0],"10":[0,0],"11":[0,0],"12":[0,0],"13":[0,0],"14":[0,0,0],"15":[0,0,0],"16":[0,0,0],"17":[0,0,0],"18":[0,0]}}
,"/home/aman-jaiswal/Desktop/aws-ai4bharat-hackathon/backend/lambdas/economic-services/savings.js": {"path":"/home/aman-jaiswal/Desktop/aws-ai4bharat-hackathon/backend/lambdas/economic-services/savings.js","statementMap":{"0":{"start":{"line":6,"column":20},"end":{"line":9,"column":1}},"1":{"start":{"line":12,"column":4},"end":{"line":14,"column":13}},"2":{"start":{"line":18,"column":34},"end":{"line":18,"column":82}},"3":{"start":{"line":19,"column":21},"end":{"line":19,"column":94}},"4":{"start":{"line":20,"column":26},"end":{"line":20,"column":51}},"5":{"start":{"line":21,"column":33},"end":{"line":21,"column":102}},"6":{"start":{"line":21,"column":64},"end":{"line":21,"column":98}},"7":{"start":{"line":22,"column":26},"end":{"line":22,"column":65}},"8":{"start":{"line":23,"column":28},"end":{"line":23,"column":67}},"9":{"start":{"line":25,"column":24},"end":{"line":28,"column":7}},"10":{"start":{"line":25,"column":54},"end":{"line":28,"column":5}},"11":{"start":{"line":30,"column":34},"end":{"line":37,"column":11}},"12":{"start":{"line":32,"column":24},"end":{"line":32,"column":76}},"13":{"start":{"line":33,"column":24},"end":{"line":37,"column":9}},"14":{"start":{"line":39,"column":4},"end":{"line":54,"column":6}},"15":{"start":{"line":57,"column":0},"end":{"line":60,"column":2}}},"fnMap":{"0":{"name":"getHarvestMonths","decl":{"start":{"line":11,"column":9},"end":{"line":11,"column":25}},"loc":{"start":{"line":11,"column":35},"end":{"line":15,"column":1}},"line":11},"1":{"name":"generateSavingsPlan","decl":{"start":{"line":17,"column":9},"end":{"line":17,"column":28}},"loc":{"start":{"line":17,"column":38},"end":{"line":55,"column":1}},"line":17},"2":{"name":"(anonymous_2)","decl":{"start":{"line":21,"column":49},"end":{"line":21,"column":50}},"loc":{"start":{"line":21,"column":64},"end":{"line":21,"column":98}},"line":21},"3":{"name":"(anonymous_3)","decl":{"start":{"line":25,"column":42},"end":{"line":25,"column":43}},"loc":{"start":{"line":25,"column":54},"end":{"line":28,"column":5}},"line":25},"4":{"name":"(anonymous_4)","decl":{"start":{"line":32,"column":14},"end":{"line":32,"column":15}},"loc":{"start":{"line":32,"column":24},"end":{"line":32,"column":76}},"line":32},"5":{"name":"(anonymous_5)","decl":{"start":{"line":33,"column":13},"end":{"line":33,"column":14}},"loc":{"start":{"line":33,"column":24},"end":{"line":37,"column":9}},"line":33}},"branchMap":{"0":{"loc":{"start":{"line":12,"column":11},"end":{"line":14,"column":12}},"type":"cond-expr","locations":[{"start":{"line":13,"column":10},"end":{"line":13,"column":32}},{"start":{"line":14,"column":10},"end":{"line":14,"column":12}}],"line":12},"1":{"loc":{"start":{"line":12,"column":11},"end":{"line":12,"column":81}},"type":"binary-expr","locations":[{"start":{"line":12,"column":11},"end":{"line":12,"column":48}},{"start":{"line":12,"column":52},"end":{"line":12,"column":81}}],"line":12},"2":{"loc":{"start":{"line":18,"column":41},"end":{"line":18,"column":81}},"type":"binary-expr","locations":[{"start":{"line":18,"column":41},"end":{"line":18,"column":76}},{"start":{"line":18,"column":80},"end":{"line":18,"column":81}}],"line":18},"3":{"loc":{"start":{"line":19,"column":21},"end":{"line":19,"column":94}},"type":"cond-expr","locations":[{"start":{"line":19,"column":64},"end":{"line":19,"column":89}},{"start":{"line":19,"column":92},"end":{"line":19,"column":94}}],"line":19},"4":{"loc":{"start":{"line":21,"column":77},"end":{"line":21,"column":97}},"type":"binary-expr","locations":[{"start":{"line":21,"column":77},"end":{"line":21,"column":92}},{"start":{"line":21,"column":96},"end":{"line":21,"column":97}}],"line":21},"5":{"loc":{"start":{"line":32,"column":25},"end":{"line":32,"column":42}},"type":"binary-expr","locations":[{"start":{"line":32,"column":25},"end":{"line":32,"column":36}},{"start":{"line":32,"column":40},"end":{"line":32,"column":42}}],"line":32},"6":{"loc":{"start":{"line":32,"column":58},"end":{"line":32,"column":75}},"type":"binary-expr","locations":[{"start":{"line":32,"column":58},"end":{"line":32,"column":69}},{"start":{"line":32,"column":73},"end":{"line":32,"column":75}}],"line":32},"7":{"loc":{"start":{"line":34,"column":22},"end":{"line":34,"column":53}},"type":"binary-expr","locations":[{"start":{"line":34,"column":22},"end":{"line":34,"column":35}},{"start":{"line":34,"column":39},"end":{"line":34,"column":53}}],"line":34},"8":{"loc":{"start":{"line":35,"column":23},"end":{"line":35,"column":51}},"type":"binary-expr","locations":[{"start":{"line":35,"column":23},"end":{"line":35,"column":37}},{"start":{"line":35,"column":41},"end":{"line":35,"column":51}}],"line":35},"9":{"loc":{"start":{"line":36,"column":55},"end":{"line":36,"column":75}},"type":"binary-expr","locations":[{"start":{"line":36,"column":55},"end":{"line":36,"column":70}},{"start":{"line":36,"column":74},"end":{"line":36,"column":75}}],"line":36},"10":{"loc":{"start":{"line":44,"column":23},"end":{"line":44,"column":113}},"type":"cond-expr","locations":[{"start":{"line":44,"column":51},"end":{"line":44,"column":109}},{"start":{"line":44,"column":112},"end":{"line":44,"column":113}}],"line":44},"11":{"loc":{"start":{"line":47,"column":19},"end":{"line":49,"column":88}},"type":"cond-expr","locations":[{"start":{"line":48,"column":14},"end":{"line":48,"column":140}},{"start":{"line":49,"column":14},"end":{"line":49,"column":88}}],"line":47},"12":{"loc":{"start":{"line":50,"column":25},"end":{"line":52,"column":97}},"type":"cond-expr","locations":[{"start":{"line":51,"column":14},"end":{"line":51,"column":147}},{"start":{"line":52,"column":14},"end":{"line":52,"column":97}}],"line":50}},"s":{"0":0,"1":0,"2":0,"3":0,"4":0,"5":0,"6":0,"7":0,"8":0,"9":0,"10":0,"11":0,"12":0,"13":0,"14":0,"15":0},"f":{"0":0,"1":0,"2":0,"3":0,"4":0,"5":0},"b":{"0":[0,0],"1":[0,0],"2":[0,0],"3":[0,0],"4":[0,0],"5":[0,0],"6":[0,0],"7":[0,0],"8":[0,0],"9":[0,0],"10":[0,0],"11":[0,0],"12":[0,0]}}
,"/home/aman-jaiswal/Desktop/aws-ai4bharat-hackathon/backend/lambdas/economic-services/schemes.js": {"path":"/home/aman-jaiswal/Desktop/aws-ai4bharat-hackathon/backend/lambdas/economic-services/schemes.js","statementMap":{"0":{"start":{"line":6,"column":23},"end":{"line":59,"column":1}},"1":{"start":{"line":62,"column":4},"end":{"line":71,"column":6}},"2":{"start":{"line":75,"column":18},"end":{"line":75,"column":59}},"3":{"start":{"line":76,"column":17},"end":{"line":76,"column":57}},"4":{"start":{"line":77,"column":19},"end":{"line":77,"column":61}},"5":{"start":{"line":78,"column":21},"end":{"line":78,"column":57}},"6":{"start":{"line":80,"column":20},"end":{"line":89,"column":26}},"7":{"start":{"line":81,"column":8},"end":{"line":81,"column":55}},"8":{"start":{"line":81,"column":42},"end":{"line":81,"column":55}},"9":{"start":{"line":82,"column":8},"end":{"line":85,"column":9}},"10":{"start":{"line":83,"column":29},"end":{"line":83,"column":121}},"11":{"start":{"line":84,"column":12},"end":{"line":84,"column":57}},"12":{"start":{"line":84,"column":44},"end":{"line":84,"column":57}},"13":{"start":{"line":86,"column":8},"end":{"line":86,"column":101}},"14":{"start":{"line":86,"column":88},"end":{"line":86,"column":101}},"15":{"start":{"line":87,"column":8},"end":{"line":87,"column":71}},"16":{"start":{"line":87,"column":58},"end":{"line":87,"column":71}},"17":{"start":{"line":88,"column":8},"end":{"line":88,"column":20}},"18":{"start":{"line":91,"column":4},"end":{"line":95,"column":6}},"19":{"start":{"line":99,"column":4},"end":{"line":99,"column":75}},"20":{"start":{"line":99,"column":43},"end":{"line":99,"column":65}},"21":{"start":{"line":102,"column":0},"end":{"line":106,"column":2}}},"fnMap":{"0":{"name":"simplifyScheme","decl":{"start":{"line":61,"column":9},"end":{"line":61,"column":23}},"loc":{"start":{"line":61,"column":32},"end":{"line":72,"column":1}},"line":61},"1":{"name":"filterSchemes","decl":{"start":{"line":74,"column":9},"end":{"line":74,"column":22}},"loc":{"start":{"line":74,"column":37},"end":{"line":96,"column":1}},"line":74},"2":{"name":"(anonymous_2)","decl":{"start":{"line":80,"column":42},"end":{"line":80,"column":43}},"loc":{"start":{"line":80,"column":54},"end":{"line":89,"column":5}},"line":80},"3":{"name":"getSchemeById","decl":{"start":{"line":98,"column":9},"end":{"line":98,"column":22}},"loc":{"start":{"line":98,"column":33},"end":{"line":100,"column":1}},"line":98},"4":{"name":"(anonymous_4)","decl":{"start":{"line":99,"column":31},"end":{"line":99,"column":32}},"loc":{"start":{"line":99,"column":43},"end":{"line":99,"column":65}},"line":99}},"branchMap":{"0":{"loc":{"start":{"line":74,"column":23},"end":{"line":74,"column":35}},"type":"default-arg","locations":[{"start":{"line":74,"column":33},"end":{"line":74,"column":35}}],"line":74},"1":{"loc":{"start":{"line":75,"column":25},"end":{"line":75,"column":44}},"type":"binary-expr","locations":[{"start":{"line":75,"column":25},"end":{"line":75,"column":38}},{"start":{"line":75,"column":42},"end":{"line":75,"column":44}}],"line":75},"2":{"loc":{"start":{"line":76,"column":24},"end":{"line":76,"column":42}},"type":"binary-expr","locations":[{"start":{"line":76,"column":24},"end":{"line":76,"column":36}},{"start":{"line":76,"column":40},"end":{"line":76,"column":42}}],"line":76},"3":{"loc":{"start":{"line":77,"column":26},"end":{"line":77,"column":46}},"type":"binary-expr","locations":[{"start":{"line":77,"column":26},"end":{"line":77,"column":40}},{"start":{"line":77,"column":44},"end":{"line":77,"column":46}}],"line":77},"4":{"loc":{"start":{"line":78,"column":28},"end":{"line":78,"column":56}},"type":"binary-expr","locations":[{"start":{"line":78,"column":28},"end":{"line":78,"column":51}},{"start":{"line":78,"column":55},"end":{"line":78,"column":56}}],"line":78},"5":{"loc":{"start":{"line":81,"column":8},"end":{"line":81,"column":55}},"type":"if","locations":[{"start":{"line":81,"column":8},"end":{"line":81,"column":55}},{"start":{},"end":{}}],"line":81},"6":{"loc":{"start":{"line":81,"column":12},"end":{"line":81,"column":40}},"type":"binary-expr","locations":[{"start":{"line":81,"column":12},"end":{"line":81,"column":16}},{"start":{"line":81,"column":20},"end":{"line":81,"column":40}}],"line":81},"7":{"loc":{"start":{"line":82,"column":8},"end":{"line":85,"column":9}},"type":"if","locations":[{"start":{"line":82,"column":8},"end":{"line":85,"column":9}},{"start":{},"end":{}}],"line":82},"8":{"loc":{"start":{"line":83,"column":66},"end":{"line":83,"column":94}},"type":"binary-expr","locations":[{"start":{"line":83,"column":66},"end":{"line":83,"column":88}},{"start":{"line":83,"column":92},"end":{"line":83,"column":94}}],"line":83},"9":{"loc":{"start":{"line":84,"column":12},"end":{"line":84,"column":57}},"type":"if","locations":[{"start":{"line":84,"column":12},"end":{"line":84,"column":57}},{"start":{},"end":{}}],"line":84},"10":{"loc":{"start":{"line":86,"column":8},"end":{"line":86,"column":101}},"type":"if","locations":[{"start":{"line":86,"column":8},"end":{"line":86,"column":101}},{"start":{},"end":{}}],"line":86},"11":{"loc":{"start":{"line":86,"column":12},"end":{"line":86,"column":86}},"type":"binary-expr","locations":[{"start":{"line":86,"column":12},"end":{"line":86,"column":17}},{"start":{"line":86,"column":21},"end":{"line":86,"column":86}}],"line":86},"12":{"loc":{"start":{"line":86,"column":23},"end":{"line":86,"column":85}},"type":"binary-expr","locations":[{"start":{"line":86,"column":23},"end":{"line":86,"column":52}},{"start":{"line":86,"column":56},"end":{"line":86,"column":85}}],"line":86},"13":{"loc":{"start":{"line":87,"column":8},"end":{"line":87,"column":71}},"type":"if","locations":[{"start":{"line":87,"column":8},"end":{"line":87,"column":71}},{"start":{},"end":{}}],"line":87},"14":{"loc":{"start":{"line":87,"column":12},"end":{"line":87,"column":56}},"type":"binary-expr","locations":[{"start":{"line":87,"column":12},"end":{"line":87,"column":20}},{"start":{"line":87,"column":24},"end":{"line":87,"column":56}}],"line":87},"15":{"loc":{"start":{"line":99,"column":11},"end":{"line":99,"column":74}},"type":"binary-expr","locations":[{"start":{"line":99,"column":11},"end":{"line":99,"column":66}},{"start":{"line":99,"column":70},"end":{"line":99,"column":74}}],"line":99}},"s":{"0":0,"1":0,"2":0,"3":0,"4":0,"5":0,"6":0,"7":0,"8":0,"9":0,"10":0,"11":0,"12":0,"13":0,"14":0,"15":0,"16":0,"17":0,"18":0,"19":0,"20":0,"21":0},"f":{"0":0,"1":0,"2":0,"3":0,"4":0},"b":{"0":[0],"1":[0,0],"2":[0,0],"3":[0,0],"4":[0,0],"5":[0,0],"6":[0,0],"7":[0,0],"8":[0,0],"9":[0,0],"10":[0,0],"11":[0,0],"12":[0,0],"13":[0,0],"14":[0,0],"15":[0,0]}}
,"/home/aman-jaiswal/Desktop/aws-ai4bharat-hackathon/backend/lambdas/government/portals.js": {"path":"/home/aman-jaiswal/Desktop/aws-ai4bharat-hackathon/backend/lambdas/government/portals.js","statementMap":{"0":{"start":{"line":5,"column":18},"end":{"line":5,"column":43}},"1":{"start":{"line":8,"column":21},"end":{"line":8,"column":23}},"2":{"start":{"line":9,"column":17},"end":{"line":9,"column":19}},"3":{"start":{"line":10,"column":12},"end":{"line":10,"column":13}},"4":{"start":{"line":12,"column":2},"end":{"line":12,"column":88}},"5":{"start":{"line":12,"column":18},"end":{"line":12,"column":56}},"6":{"start":{"line":12,"column":57},"end":{"line":12,"column":79}},"7":{"start":{"line":12,"column":80},"end":{"line":12,"column":86}},"8":{"start":{"line":13,"column":2},"end":{"line":13,"column":82}},"9":{"start":{"line":13,"column":16},"end":{"line":13,"column":52}},"10":{"start":{"line":13,"column":53},"end":{"line":13,"column":73}},"11":{"start":{"line":13,"column":74},"end":{"line":13,"column":80}},"12":{"start":{"line":14,"column":2},"end":{"line":17,"column":3}},"13":{"start":{"line":15,"column":4},"end":{"line":15,"column":85}},"14":{"start":{"line":16,"column":4},"end":{"line":16,"column":45}},"15":{"start":{"line":16,"column":46},"end":{"line":16,"column":52}},"16":{"start":{"line":19,"column":16},"end":{"line":19,"column":76}},"17":{"start":{"line":20,"column":22},"end":{"line":20,"column":102}},"18":{"start":{"line":21,"column":16},"end":{"line":21,"column":51}},"19":{"start":{"line":23,"column":17},"end":{"line":23,"column":35}},"20":{"start":{"line":24,"column":17},"end":{"line":27,"column":3}},"21":{"start":{"line":29,"column":2},"end":{"line":29,"column":108}},"22":{"start":{"line":33,"column":17},"end":{"line":33,"column":84}},"23":{"start":{"line":34,"column":2},"end":{"line":34,"column":32}},"24":{"start":{"line":37,"column":0},"end":{"line":37,"column":48}}},"fnMap":{"0":{"name":"listPortals","decl":{"start":{"line":7,"column":15},"end":{"line":7,"column":26}},"loc":{"start":{"line":7,"column":79},"end":{"line":30,"column":1}},"line":7},"1":{"name":"getPortalById","decl":{"start":{"line":32,"column":15},"end":{"line":32,"column":28}},"loc":{"start":{"line":32,"column":33},"end":{"line":35,"column":1}},"line":32}},"branchMap":{"0":{"loc":{"start":{"line":7,"column":29},"end":{"line":7,"column":37}},"type":"default-arg","locations":[{"start":{"line":7,"column":36},"end":{"line":7,"column":37}}],"line":7},"1":{"loc":{"start":{"line":7,"column":39},"end":{"line":7,"column":49}},"type":"default-arg","locations":[{"start":{"line":7,"column":47},"end":{"line":7,"column":49}}],"line":7},"2":{"loc":{"start":{"line":12,"column":2},"end":{"line":12,"column":88}},"type":"if","locations":[{"start":{"line":12,"column":2},"end":{"line":12,"column":88}},{"start":{},"end":{}}],"line":12},"3":{"loc":{"start":{"line":13,"column":2},"end":{"line":13,"column":82}},"type":"if","locations":[{"start":{"line":13,"column":2},"end":{"line":13,"column":82}},{"start":{},"end":{}}],"line":13},"4":{"loc":{"start":{"line":14,"column":2},"end":{"line":17,"column":3}},"type":"if","locations":[{"start":{"line":14,"column":2},"end":{"line":17,"column":3}},{"start":{},"end":{}}],"line":14},"5":{"loc":{"start":{"line":19,"column":16},"end":{"line":19,"column":76}},"type":"cond-expr","locations":[{"start":{"line":19,"column":36},"end":{"line":19,"column":71}},{"start":{"line":19,"column":74},"end":{"line":19,"column":76}}],"line":19},"6":{"loc":{"start":{"line":34,"column":9},"end":{"line":34,"column":31}},"type":"binary-expr","locations":[{"start":{"line":34,"column":9},"end":{"line":34,"column":23}},{"start":{"line":34,"column":27},"end":{"line":34,"column":31}}],"line":34}},"s":{"0":0,"1":0,"2":0,"3":0,"4":0,"5":0,"6":0,"7":0,"8":0,"9":0,"10":0,"11":0,"12":0,"13":0,"14":0,"15":0,"16":0,"17":0,"18":0,"19":0,"20":0,"21":0,"22":0,"23":0,"24":0},"f":{"0":0,"1":0},"b":{"0":[0],"1":[0],"2":[0,0],"3":[0,0],"4":[0,0],"5":[0,0],"6":[0,0]}}
[...]
,"/home/aman-jaiswal/Desktop/aws-ai4bharat-hackathon/backend/utils/constants.js": {"path":"/home/aman-jaiswal/Desktop/aws-ai4bharat-hackathon/backend/utils/constants.js","statementMap":{"0":{"start":{"line":5,"column":28},"end":{"line":18,"column":1}},"1":{"start":{"line":22,"column":24},"end":{"line":35,"column":1}},"2":{"start":{"line":38,"column":27},"end":{"line":51,"column":1}},"3":{"start":{"line":53,"column":26},"end":{"line":64,"column":1}},"4":{"start":{"line":66,"column":26},"end":{"line":66,"column":66}},"5":{"start":{"line":68,"column":26},"end":{"line":73,"column":1}},"6":{"start":{"line":75,"column":22},"end":{"line":79,"column":1}},"7":{"start":{"line":81,"column":23},"end":{"line":81,"column":87}},"8":{"start":{"line":85,"column":19},"end":{"line":91,"column":1}},"9":{"start":{"line":93,"column":20},"end":{"line":93,"column":78}},"10":{"start":{"line":95,"column":23},"end":{"line":100,"column":1}},"11":{"start":{"line":102,"column":27},"end":{"line":110,"column":1}},"12":{"start":{"line":112,"column":23},"end":{"line":117,"column":1}},"13":{"start":{"line":119,"column":25},"end":{"line":125,"column":1}},"14":{"start":{"line":127,"column":22},"end":{"line":127,"column":75}},"15":{"start":{"line":129,"column":26},"end":{"line":135,"column":1}},"16":{"start":{"line":137,"column":23},"end":{"line":137,"column":57}},"17":{"start":{"line":139,"column":28},"end":{"line":139,"column":60}},"18":{"start":{"line":143,"column":30},"end":{"line":143,"column":63}},"19":{"start":{"line":144,"column":30},"end":{"line":144,"column":67}},"20":{"start":{"line":145,"column":28},"end":{"line":157,"column":1}},"21":{"start":{"line":161,"column":30},"end":{"line":161,"column":62}},"22":{"start":{"line":162,"column":26},"end":{"line":162,"column":91}},"23":{"start":{"line":163,"column":31},"end":{"line":163,"column":106}},"24":{"start":{"line":167,"column":24},"end":{"line":180,"column":1}},"25":{"start":{"line":182,"column":29},"end":{"line":190,"column":1}},"26":{"start":{"line":194,"column":28},"end":{"line":198,"column":1}},"27":{"start":{"line":200,"column":25},"end":{"line":203,"column":1}},"28":{"start":{"line":205,"column":31},"end":{"line":207,"column":1}},"29":{"start":{"line":209,"column":31},"end":{"line":212,"column":1}},"30":{"start":{"line":214,"column":30},"end":{"line":216,"column":1}},"31":{"start":{"line":218,"column":25},"end":{"line":222,"column":1}},"32":{"start":{"line":224,"column":26},"end":{"line":227,"column":1}},"33":{"start":{"line":229,"column":30},"end":{"line":229,"column":32}},"34":{"start":{"line":230,"column":28},"end":{"line":230,"column":33}},"35":{"start":{"line":234,"column":25},"end":{"line":234,"column":97}},"36":{"start":{"line":236,"column":18},"end":{"line":240,"column":1}},"37":{"start":{"line":242,"column":27},"end":{"line":242,"column":64}},"38":{"start":{"line":244,"column":22},"end":{"line":248,"column":1}},"39":{"start":{"line":250,"column":23},"end":{"line":250,"column":97}},"40":{"start":{"line":252,"column":22},"end":{"line":252,"column":75}},"41":{"start":{"line":254,"column":26},"end":{"line":254,"column":194}},"42":{"start":{"line":258,"column":23},"end":{"line":258,"column":38}},"43":{"start":{"line":260,"column":26},"end":{"line":263,"column":1}},"44":{"start":{"line":265,"column":0},"end":{"line":314,"column":2}}},"fnMap":{},"branchMap":{"0":{"loc":{"start":{"line":81,"column":23},"end":{"line":81,"column":87}},"type":"binary-expr","locations":[{"start":{"line":81,"column":23},"end":{"line":81,"column":49}},{"start":{"line":81,"column":53},"end":{"line":81,"column":87}}],"line":81},"1":{"loc":{"start":{"line":234,"column":25},"end":{"line":234,"column":97}},"type":"binary-expr","locations":[{"start":{"line":234,"column":25},"end":{"line":234,"column":53}},{"start":{"line":234,"column":57},"end":{"line":234,"column":97}}],"line":234},"2":{"loc":{"start":{"line":237,"column":12},"end":{"line":237,"column":47}},"type":"binary-expr","locations":[{"start":{"line":237,"column":12},"end":{"line":237,"column":41}},{"start":{"line":237,"column":45},"end":{"line":237,"column":47}}],"line":237},"3":{"loc":{"start":{"line":238,"column":13},"end":{"line":238,"column":82}},"type":"binary-expr","locations":[{"start":{"line":238,"column":13},"end":{"line":238,"column":43}},{"start":{"line":238,"column":47},"end":{"line":238,"column":82}}],"line":238},"4":{"loc":{"start":{"line":239,"column":16},"end":{"line":239,"column":55}},"type":"binary-expr","locations":[{"start":{"line":239,"column":16},"end":{"line":239,"column":49}},{"start":{"line":239,"column":53},"end":{"line":239,"column":55}}],"line":239},"5":{"loc":{"start":{"line":261,"column":25},"end":{"line":261,"column":58}},"type":"binary-expr","locations":[{"start":{"line":261,"column":25},"end":{"line":261,"column":51}},{"start":{"line":261,"column":55},"end":{"line":261,"column":58}}],"line":261},"6":{"loc":{"start":{"line":262,"column":26},"end":{"line":262,"column":68}},"type":"binary-expr","locations":[{"start":{"line":262,"column":26},"end":{"line":262,"column":61}},{"start":{"line":262,"column":65},"end":{"line":262,"column":68}}],"line":262}},"s":{"0":1,"1":1,"2":1,"3":1,"4":1,"5":1,"6":1,"7":1,"8":1,"9":1,"10":1,"11":1,"12":1,"13":1,"14":1,"15":1,"16":1,"17":1,"18":1,"19":1,"20":1,"21":1,"22":1,"23":1,"24":1,"25":1,"26":1,"27":1,"28":1,"29":1,"30":1,"31":1,"32":1,"33":1,"34":1,"35":1,"36":1,"37":1,"38":1,"39":1,"40":1,"41":1,"42":1,"43":1,"44":1},"f":{},"b":{"0":[1,1],"1":[1,1],"2":[1,1],"3":[1,1],"4":[1,1],"5":[1,1],"6":[1,1]},"_coverageSchema":"1a1c01bbd47fc00a2c39e90264f33305004495a9","hash":"05a9005fe06b963c549f097d32aa521cf1497b49"}
,"/home/aman-jaiswal/Desktop/aws-ai4bharat-hackathon/backend/utils/db.js": {"path":"/home/aman-jaiswal/Desktop/aws-ai4bharat-hackathon/backend/utils/db.js","statementMap":{"0":{"start":{"line":5,"column":27},"end":{"line":5,"column":62}},"1":{"start":{"line":6,"column":35},"end":{"line":6,"column":67}},"2":{"start":{"line":7,"column":17},"end":{"line":7,"column":30}},"3":{"start":{"line":10,"column":16},"end":{"line":12,"column":1}},"4":{"start":{"line":13,"column":0},"end":{"line":20,"column":1}},"5":{"start":{"line":14,"column":4},"end":{"line":14,"column":53}},"6":{"start":{"line":16,"column":4},"end":{"line":19,"column":6}},"7":{"start":{"line":21,"column":18},"end":{"line":21,"column":45}},"8":{"start":{"line":23,"column":17},"end":{"line":25,"column":2}},"9":{"start":{"line":28,"column":13},"end":{"line":28,"column":17}},"10":{"start":{"line":31,"column":4},"end":{"line":43,"column":5}},"11":{"start":{"line":32,"column":8},"end":{"line":42,"column":11}},"12":{"start":{"line":44,"column":4},"end":{"line":44,"column":18}},"13":{"start":{"line":48,"column":17},"end":{"line":48,"column":34}},"14":{"start":{"line":49,"column":19},"end":{"line":49,"column":49}},"15":{"start":{"line":50,"column":4},"end":{"line":50,"column":18}},"16":{"start":{"line":54,"column":20},"end":{"line":84,"column":1}},"17":{"start":{"line":86,"column":0},"end":{"line":86,"column":67}}},"fnMap":{"0":{"name":"getPostgresPool","decl":{"start":{"line":30,"column":9},"end":{"line":30,"column":24}},"loc":{"start":{"line":30,"column":27},"end":{"line":45,"column":1}},"line":30},"1":{"name":"query","decl":{"start":{"line":47,"column":15},"end":{"line":47,"column":20}},"loc":{"start":{"line":47,"column":35},"end":{"line":51,"column":1}},"line":47}},"branchMap":{"0":{"loc":{"start":{"line":11,"column":12},"end":{"line":11,"column":50}},"type":"binary-expr","locations":[{"start":{"line":11,"column":12},"end":{"line":11,"column":34}},{"start":{"line":11,"column":38},"end":{"line":11,"column":50}}],"line":11},"1":{"loc":{"start":{"line":13,"column":0},"end":{"line":20,"column":1}},"type":"if","locations":[{"start":{"line":13,"column":0},"end":{"line":20,"column":1}},{"start":{},"end":{}}],"line":13},"2":{"loc":{"start":{"line":17,"column":21},"end":{"line":17,"column":61}},"type":"binary-expr","locations":[{"start":{"line":17,"column":21},"end":{"line":17,"column":50}},{"start":{"line":17,"column":54},"end":{"line":17,"column":61}}],"line":17},"3":{"loc":{"start":{"line":18,"column":25},"end":{"line":18,"column":69}},"type":"binary-expr","locations":[{"start":{"line":18,"column":25},"end":{"line":18,"column":58}},{"start":{"line":18,"column":62},"end":{"line":18,"column":69}}],"line":18},"4":{"loc":{"start":{"line":31,"column":4},"end":{"line":43,"column":5}},"type":"if","locations":[{"start":{"line":31,"column":4},"end":{"line":43,"column":5}},{"start":{},"end":{}}],"line":31},"5":{"loc":{"start":{"line":33,"column":18},"end":{"line":33,"column":52}},"type":"binary-expr","locations":[{"start":{"line":33,"column":18},"end":{"line":33,"column":37}},{"start":{"line":33,"column":41},"end":{"line":33,"column":52}}],"line":33},"6":{"loc":{"start":{"line":34,"column":27},"end":{"line":34,"column":56}},"type":"binary-expr","locations":[{"start":{"line":34,"column":27},"end":{"line":34,"column":46}},{"start":{"line":34,"column":50},"end":{"line":34,"column":56}}],"line":34},"7":{"loc":{"start":{"line":35,"column":22},"end":{"line":35,"column":65}},"type":"binary-expr","locations":[{"start":{"line":35,"column":22},"end":{"line":35,"column":45}},{"start":{"line":35,"column":49},"end":{"line":35,"column":65}}],"line":35},"8":{"loc":{"start":{"line":36,"column":18},"end":{"line":36,"column":48}},"type":"binary-expr","locations":[{"start":{"line":36,"column":18},"end":{"line":36,"column":37}},{"start":{"line":36,"column":41},"end":{"line":36,"column":48}}],"line":36},"9":{"loc":{"start":{"line":37,"column":29},"end":{"line":37,"column":69}},"type":"binary-expr","locations":[{"start":{"line":37,"column":29},"end":{"line":37,"column":52}},{"start":{"line":37,"column":56},"end":{"line":37,"column":69}}],"line":37},"10":{"loc":{"start":{"line":41,"column":17},"end":{"line":41,"column":86}},"type":"cond-expr","locations":[{"start":{"line":41,"column":49},"end":{"line":41,"column":78}},{"start":{"line":41,"column":81},"end":{"line":41,"column":86}}],"line":41},"11":{"loc":{"start":{"line":56,"column":11},"end":{"line":56,"column":45}},"type":"binary-expr","locations":[{"start":{"line":56,"column":11},"end":{"line":56,"column":34}},{"start":{"line":56,"column":38},"end":{"line":56,"column":45}}],"line":56},"12":{"loc":{"start":{"line":57,"column":34},"end":{"line":57,"column":100}},"type":"binary-expr","locations":[{"start":{"line":57,"column":34},"end":{"line":57,"column":67}},{"start":{"line":57,"column":71},"end":{"line":57,"column":100}}],"line":57},"13":{"loc":{"start":{"line":59,"column":27},"end":{"line":59,"column":91}},"type":"binary-expr","locations":[{"start":{"line":59,"column":27},"end":{"line":59,"column":66}},{"start":{"line":59,"column":70},"end":{"line":59,"column":91}}],"line":59},"14":{"loc":{"start":{"line":60,"column":17},"end":{"line":60,"column":62}},"type":"binary-expr","locations":[{"start":{"line":60,"column":17},"end":{"line":60,"column":46}},{"start":{"line":60,"column":50},"end":{"line":60,"column":62}}],"line":60},"15":{"loc":{"start":{"line":61,"column":30},"end":{"line":61,"column":101}},"type":"binary-expr","locations":[{"start":{"line":61,"column":30},"end":{"line":61,"column":72}},{"start":{"line":61,"column":76},"end":{"line":61,"column":101}}],"line":61},"16":{"loc":{"start":{"line":62,"column":26},"end":{"line":62,"column":89}},"type":"binary-expr","locations":[{"start":{"line":62,"column":26},"end":{"line":62,"column":64}},{"start":{"line":62,"column":68},"end":{"line":62,"column":89}}],"line":62},"17":{"loc":{"start":{"line":64,"column":21},"end":{"line":64,"column":74}},"type":"binary-expr","locations":[{"start":{"line":64,"column":21},"end":{"line":64,"column":54}},{"start":{"line":64,"column":58},"end":{"line":64,"column":74}}],"line":64},"18":{"loc":{"start":{"line":65,"column":18},"end":{"line":65,"column":65}},"type":"binary-expr","locations":[{"start":{"line":65,"column":18},"end":{"line":65,"column":48}},{"start":{"line":65,"column":52},"end":{"line":65,"column":65}}],"line":65},"19":{"loc":{"start":{"line":66,"column":17},"end":{"line":66,"column":62}},"type":"binary-expr","locations":[{"start":{"line":66,"column":17},"end":{"line":66,"column":46}},{"start":{"line":66,"column":50},"end":{"line":66,"column":62}}],"line":66},"20":{"loc":{"start":{"line":67,"column":24},"end":{"line":67,"column":82}},"type":"binary-expr","locations":[{"start":{"line":67,"column":24},"end":{"line":67,"column":60}},{"start":{"line":67,"column":64},"end":{"line":67,"column":82}}],"line":67},"21":{"loc":{"start":{"line":68,"column":23},"end":{"line":68,"column":80}},"type":"binary-expr","locations":[{"start":{"line":68,"column":23},"end":{"line":68,"column":58}},{"start":{"line":68,"column":62},"end":{"line":68,"column":80}}],"line":68},"22":{"loc":{"start":{"line":69,"column":22},"end":{"line":69,"column":77}},"type":"binary-expr","locations":[{"start":{"line":69,"column":22},"end":{"line":69,"column":56}},{"start":{"line":69,"column":60},"end":{"line":69,"column":77}}],"line":69},"23":{"loc":{"start":{"line":70,"column":22},"end":{"line":70,"column":77}},"type":"binary-expr","locations":[{"start":{"line":70,"column":22},"end":{"line":70,"column":56}},{"start":{"line":70,"column":60},"end":{"line":70,"column":77}}],"line":70},"24":{"loc":{"start":{"line":72,"column":25},"end":{"line":72,"column":86}},"type":"binary-expr","locations":[{"start":{"line":72,"column":25},"end":{"line":72,"column":62}},{"start":{"line":72,"column":66},"end":{"line":72,"column":86}}],"line":72},"25":{"loc":{"start":{"line":73,"column":23},"end":{"line":73,"column":79}},"type":"binary-expr","locations":[{"start":{"line":73,"column":23},"end":{"line":73,"column":58}},{"start":{"line":73,"column":62},"end":{"line":73,"column":79}}],"line":73},"26":{"loc":{"start":{"line":75,"column":17},"end":{"line":75,"column":62}},"type":"binary-expr","locations":[{"start":{"line":75,"column":17},"end":{"line":75,"column":46}},{"start":{"line":75,"column":50},"end":{"line":75,"column":62}}],"line":75},"27":{"loc":{"start":{"line":76,"column":29},"end":{"line":76,"column":97}},"type":"binary-expr","locations":[{"start":{"line":76,"column":29},"end":{"line":76,"column":70}},{"start":{"line":76,"column":74},"end":{"line":76,"column":97}}],"line":76},"28":{"loc":{"start":{"line":77,"column":19},"end":{"line":77,"column":68}},"type":"binary-expr","locations":[{"start":{"line":77,"column":19},"end":{"line":77,"column":50}},{"start":{"line":77,"column":54},"end":{"line":77,"column":68}}],"line":77},"29":{"loc":{"start":{"line":78,"column":27},"end":{"line":78,"column":92}},"type":"binary-expr","locations":[{"start":{"line":78,"column":27},"end":{"line":78,"column":66}},{"start":{"line":78,"column":70},"end":{"line":78,"column":92}}],"line":78},"30":{"loc":{"start":{"line":80,"column":21},"end":{"line":80,"column":74}},"type":"binary-expr","locations":[{"start":{"line":80,"column":21},"end":{"line":80,"column":54}},{"start":{"line":80,"column":58},"end":{"line":80,"column":74}}],"line":80},"31":{"loc":{"start":{"line":81,"column":18},"end":{"line":81,"column":65}},"type":"binary-expr","locations":[{"start":{"line":81,"column":18},"end":{"line":81,"column":48}},{"start":{"line":81,"column":52},"end":{"line":81,"column":65}}],"line":81},"32":{"loc":{"start":{"line":83,"column":18},"end":{"line":83,"column":65}},"type":"binary-expr","locations":[{"start":{"line":83,"column":18},"end":{"line":83,"column":48}},{"start":{"line":83,"column":52},"end":{"line":83,"column":65}}],"line":83}},"s":{"0":1,"1":1,"2":1,"3":1,"4":1,"5":0,"6":0,"7":1,"8":1,"9":1,"10":0,"11":0,"12":0,"13":0,"14":0,"15":0,"16":1,"17":1},"f":{"0":0,"1":0},"b":{"0":[1,1],"1":[0,1],"2":[0,0],"3":[0,0],"4":[0,0],"5":[0,0],"6":[0,0],"7":[0,0],"8":[0,0],"9":[0,0],"10":[0,0],"11":[1,1],"12":[1,1],"13":[1,1],"14":[1,1],"15":[1,1],"16":[1,1],"17":[1,1],"18":[1,1],"19":[1,1],"20":[1,1],"21":[1,1],"22":[1,1],"23":[1,1],"24":[1,1],"25":[1,1],"26":[1,1],"27":[1,1],"28":[1,1],"29":[1,1],"30":[1,1],"31":[1,1],"32":[1,1]},"_coverageSchema":"1a1c01bbd47fc00a2c39e90264f33305004495a9","hash":"ae1271799de8ecf6a174eb1dd7ffb5bf2bcf04e0"}
,"/home/aman-jaiswal/Desktop/aws-ai4bharat-hackathon/backend/utils/response.js": {"path":"/home/aman-jaiswal/Desktop/aws-ai4bharat-hackathon/backend/utils/response.js","statementMap":{"0":{"start":{"line":5,"column":21},"end":{"line":10,"column":1}},"1":{"start":{"line":13,"column":2},"end":{"line":17,"column":4}},"2":{"start":{"line":21,"column":15},"end":{"line":21,"column":33}},"3":{"start":{"line":22,"column":2},"end":{"line":22,"column":38}},"4":{"start":{"line":22,"column":15},"end":{"line":22,"column":38}},"5":{"start":{"line":23,"column":2},"end":{"line":27,"column":4}},"6":{"start":{"line":31,"column":2},"end":{"line":31,"column":38}},"7":{"start":{"line":35,"column":2},"end":{"line":35,"column":29}},"8":{"start":{"line":39,"column":2},"end":{"line":39,"column":29}},"9":{"start":{"line":42,"column":0},"end":{"line":42,"column":86}}},"fnMap":{"0":{"name":"success","decl":{"start":{"line":12,"column":9},"end":{"line":12,"column":16}},"loc":{"start":{"line":12,"column":41},"end":{"line":18,"column":1}},"line":12},"1":{"name":"error","decl":{"start":{"line":20,"column":9},"end":{"line":20,"column":14}},"loc":{"start":{"line":20,"column":58},"end":{"line":28,"column":1}},"line":20},"2":{"name":"badRequest","decl":{"start":{"line":30,"column":9},"end":{"line":30,"column":19}},"loc":{"start":{"line":30,"column":45},"end":{"line":32,"column":1}},"line":30},"3":{"name":"notFound","decl":{"start":{"line":34,"column":9},"end":{"line":34,"column":17}},"loc":{"start":{"line":34,"column":50},"end":{"line":36,"column":1}},"line":34},"4":{"name":"unauthorized","decl":{"start":{"line":38,"column":9},"end":{"line":38,"column":21}},"loc":{"start":{"line":38,"column":48},"end":{"line":40,"column":1}},"line":38}},"branchMap":{"0":{"loc":{"start":{"line":12,"column":23},"end":{"line":12,"column":39}},"type":"default-arg","locations":[{"start":{"line":12,"column":36},"end":{"line":12,"column":39}}],"line":12},"1":{"loc":{"start":{"line":20,"column":24},"end":{"line":20,"column":40}},"type":"default-arg","locations":[{"start":{"line":20,"column":37},"end":{"line":20,"column":40}}],"line":20},"2":{"loc":{"start":{"line":20,"column":42},"end":{"line":20,"column":56}},"type":"default-arg","locations":[{"start":{"line":20,"column":52},"end":{"line":20,"column":56}}],"line":20},"3":{"loc":{"start":{"line":22,"column":2},"end":{"line":22,"column":38}},"type":"if","locations":[{"start":{"line":22,"column":2},"end":{"line":22,"column":38}},{"start":{},"end":{}}],"line":22},"4":{"loc":{"start":{"line":30,"column":29},"end":{"line":30,"column":43}},"type":"default-arg","locations":[{"start":{"line":30,"column":39},"end":{"line":30,"column":43}}],"line":30},"5":{"loc":{"start":{"line":34,"column":18},"end":{"line":34,"column":48}},"type":"default-arg","locations":[{"start":{"line":34,"column":28},"end":{"line":34,"column":48}}],"line":34},"6":{"loc":{"start":{"line":38,"column":22},"end":{"line":38,"column":46}},"type":"default-arg","locations":[{"start":{"line":38,"column":32},"end":{"line":38,"column":46}}],"line":38}},"s":{"0":0,"1":0,"2":0,"3":0,"4":0,"5":0,"6":0,"7":0,"8":0,"9":0},"f":{"0":0,"1":0,"2":0,"3":0,"4":0},"b":{"0":[0],"1":[0],"2":[0],"3":[0,0],"4":[0],"5":[0],"6":[0]}}
}
