TN:
SF:lambdas\business\businesses.js
FN:8,createBusiness
FN:39,listBusinesses
FN:91,getBusinessById
FN:105,updateBusiness
FN:134,deactivateBusiness
FNF:5
FNH:2
FNDA:3,createBusiness
FNDA:1,listBusinesses
FNDA:0,getBusinessById
FNDA:0,updateBusiness
FNDA:0,deactivateBusiness
DA:5,1
DA:6,1
DA:10,3
DA:11,1
DA:15,2
DA:16,2
DA:19,2
DA:23,2
DA:25,1
DA:26,1
DA:36,1
DA:40,1
DA:41,1
DA:42,1
DA:44,1
DA:45,0
DA:46,0
DA:47,0
DA:49,1
DA:50,0
DA:51,0
DA:52,0
DA:54,1
DA:55,0
DA:56,0
DA:57,0
DA:59,1
DA:60,0
DA:61,0
DA:62,0
DA:64,1
DA:67,1
DA:69,1
DA:70,1
DA:72,1
DA:73,1
DA:85,1
DA:92,0
DA:102,0
DA:106,0
DA:107,0
DA:108,0
DA:110,0
DA:112,0
DA:113,0
DA:114,0
DA:116,0
DA:117,0
DA:118,0
DA:119,0
DA:120,0
DA:123,0
DA:124,0
DA:126,0
DA:131,0
DA:135,0
DA:136,0
DA:137,0
DA:139,0
DA:140,0
DA:143,1
LF:61
LH:26
BRDA:10,0,0,1
BRDA:10,0,1,2
BRDA:16,1,0,0
BRDA:16,1,1,2
BRDA:23,2,0,1
BRDA:23,2,1,1
BRDA:30,3,0,1
BRDA:30,3,1,1
BRDA:30,4,0,1
BRDA:30,4,1,1
BRDA:31,5,0,1
BRDA:31,5,1,1
BRDA:31,6,0,1
BRDA:31,6,1,1
BRDA:32,7,0,0
BRDA:32,7,1,1
BRDA:33,8,0,1
BRDA:33,8,1,1
BRDA:39,9,0,0
BRDA:39,10,0,0
BRDA:44,11,0,0
BRDA:44,11,1,1
BRDA:49,12,0,0
BRDA:49,12,1,1
BRDA:54,13,0,0
BRDA:54,13,1,1
BRDA:59,14,0,0
BRDA:59,14,1,1
BRDA:67,15,0,1
BRDA:67,15,1,0
BRDA:102,16,0,0
BRDA:102,16,1,0
BRDA:107,17,0,0
BRDA:107,17,1,0
BRDA:108,18,0,0
BRDA:108,18,1,0
BRDA:110,19,0,0
BRDA:110,19,1,0
BRDA:110,20,0,0
BRDA:110,20,1,0
BRDA:119,21,0,0
BRDA:119,21,1,0
BRDA:136,22,0,0
BRDA:136,22,1,0
BRDA:137,23,0,0
BRDA:137,23,1,0
BRF:46
BRH:21
end_of_record
TN:
SF:lambdas\business\categories.js
FN:7,listCategories
FN:21,getCategoryById
FNF:2
FNH:1
FNDA:1,listCategories
FNDA:0,getCategoryById
DA:5,1
DA:8,1
DA:18,1
DA:22,0
DA:32,0
DA:35,1
LF:6
LH:4
BRDA:32,0,0,0
BRDA:32,0,1,0
BRF:2
BRH:0
end_of_record
TN:
SF:lambdas\business\index.js
FN:9,(anonymous_0)
FNF:1
FNH:1
FNDA:7,(anonymous_0)
DA:5,1
DA:6,1
DA:7,1
DA:9,1
DA:10,7
DA:12,7
DA:13,7
DA:14,7
DA:15,7
DA:16,7
DA:17,7
DA:19,7
DA:21,7
DA:22,1
DA:23,1
DA:26,6
DA:27,0
DA:28,0
DA:29,0
DA:30,0
DA:34,6
DA:35,4
DA:36,1
DA:38,3
DA:39,3
DA:40,1
DA:42,2
DA:43,1
DA:44,1
DA:45,0
DA:50,2
DA:51,1
DA:59,1
DA:63,1
DA:64,0
DA:65,0
DA:66,0
DA:67,0
DA:71,1
DA:72,0
DA:73,0
DA:74,0
DA:75,0
DA:77,0
DA:78,0
DA:79,0
DA:80,0
DA:85,1
DA:86,0
DA:87,0
DA:88,0
DA:89,0
DA:91,0
DA:92,0
DA:93,0
DA:97,1
DA:100,0
DA:101,0
LF:58
LH:32
BRDA:12,0,0,7
BRDA:12,0,1,0
BRDA:13,1,0,7
BRDA:13,1,1,0
BRDA:14,2,0,7
BRDA:14,2,1,7
BRDA:14,2,2,3
BRDA:15,3,0,7
BRDA:15,3,1,6
BRDA:17,4,0,4
BRDA:17,4,1,3
BRDA:21,5,0,1
BRDA:21,5,1,6
BRDA:21,6,0,7
BRDA:21,6,1,1
BRDA:26,7,0,0
BRDA:26,7,1,6
BRDA:26,8,0,6
BRDA:26,8,1,0
BRDA:29,9,0,0
BRDA:29,9,1,0
BRDA:34,10,0,4
BRDA:34,10,1,2
BRDA:34,11,0,6
BRDA:34,11,1,5
BRDA:35,12,0,1
BRDA:35,12,1,3
BRDA:35,13,0,4
BRDA:35,13,1,4
BRDA:35,13,2,3
BRDA:35,13,3,3
BRDA:42,14,0,1
BRDA:42,14,1,1
BRDA:43,15,0,0
BRDA:43,15,1,1
BRDA:44,16,0,1
BRDA:44,16,1,0
BRDA:50,17,0,1
BRDA:50,17,1,1
BRDA:50,18,0,2
BRDA:50,18,1,1
BRDA:52,19,0,1
BRDA:52,19,1,0
BRDA:53,20,0,1
BRDA:53,20,1,0
BRDA:63,21,0,0
BRDA:63,21,1,1
BRDA:63,22,0,1
BRDA:63,22,1,0
BRDA:66,23,0,0
BRDA:66,23,1,0
BRDA:71,24,0,0
BRDA:71,24,1,1
BRDA:71,25,0,1
BRDA:71,25,1,0
BRDA:77,26,0,0
BRDA:77,26,1,0
BRDA:78,27,0,0
BRDA:78,27,1,0
BRDA:79,28,0,0
BRDA:79,28,1,0
BRDA:85,29,0,0
BRDA:85,29,1,1
BRDA:85,30,0,1
BRDA:85,30,1,0
BRDA:91,31,0,0
BRDA:91,31,1,0
BRDA:92,32,0,0
BRDA:92,32,1,0
BRF:69
BRH:41
end_of_record
TN:
SF:lambdas\community\index.js
FN:9,(anonymous_0)
FNF:1
FNH:1
FNDA:8,(anonymous_0)
DA:5,1
DA:6,1
DA:7,1
DA:9,1
DA:10,8
DA:12,8
DA:13,8
DA:14,8
DA:15,8
DA:16,8
DA:17,8
DA:19,8
DA:21,8
DA:22,2
DA:23,1
DA:24,1
DA:25,1
DA:27,0
DA:28,0
DA:33,6
DA:34,1
DA:41,1
DA:45,5
DA:46,0
DA:47,0
DA:48,0
DA:49,0
DA:53,5
DA:54,0
DA:55,0
DA:56,0
DA:60,5
DA:61,0
DA:62,0
DA:63,0
DA:64,0
DA:65,0
DA:67,0
DA:68,0
DA:73,5
DA:74,0
DA:78,0
DA:82,5
DA:83,0
DA:84,0
DA:85,0
DA:86,0
DA:88,0
DA:89,0
DA:94,5
DA:95,0
DA:99,0
DA:102,5
DA:105,0
DA:106,0
LF:55
LH:27
BRDA:12,0,0,8
BRDA:12,0,1,0
BRDA:13,1,0,8
BRDA:13,1,1,0
BRDA:14,2,0,8
BRDA:14,2,1,8
BRDA:14,2,2,1
BRDA:15,3,0,8
BRDA:15,3,1,7
BRDA:17,4,0,4
BRDA:17,4,1,4
BRDA:21,5,0,2
BRDA:21,5,1,6
BRDA:21,6,0,8
BRDA:21,6,1,3
BRDA:22,7,0,1
BRDA:22,7,1,1
BRDA:22,8,0,2
BRDA:22,8,1,1
BRDA:27,9,0,0
BRDA:27,9,1,0
BRDA:33,10,0,1
BRDA:33,10,1,5
BRDA:33,11,0,6
BRDA:33,11,1,1
BRDA:35,12,0,1
BRDA:35,12,1,0
BRDA:36,13,0,1
BRDA:36,13,1,0
BRDA:45,14,0,0
BRDA:45,14,1,5
BRDA:45,15,0,5
BRDA:45,15,1,0
BRDA:45,15,2,0
BRDA:45,15,3,0
BRDA:48,16,0,0
BRDA:48,16,1,0
BRDA:53,17,0,0
BRDA:53,17,1,5
BRDA:53,18,0,5
BRDA:53,18,1,0
BRDA:60,19,0,0
BRDA:60,19,1,5
BRDA:60,20,0,5
BRDA:60,20,1,0
BRDA:62,21,0,0
BRDA:62,21,1,0
BRDA:67,22,0,0
BRDA:67,22,1,0
BRDA:73,23,0,0
BRDA:73,23,1,5
BRDA:73,24,0,5
BRDA:73,24,1,0
BRDA:75,25,0,0
BRDA:75,25,1,0
BRDA:76,26,0,0
BRDA:76,26,1,0
BRDA:82,27,0,0
BRDA:82,27,1,5
BRDA:82,28,0,5
BRDA:82,28,1,0
BRDA:88,29,0,0
BRDA:88,29,1,0
BRDA:94,30,0,0
BRDA:94,30,1,5
BRDA:94,31,0,5
BRDA:94,31,1,0
BRDA:96,32,0,0
BRDA:96,32,1,0
BRDA:97,33,0,0
BRDA:97,33,1,0
BRF:71
BRH:35
end_of_record
TN:
SF:lambdas\community\posts.js
FN:8,createPost
FN:23,listPosts
FN:52,getPostById
FNF:3
FNH:2
FNDA:1,createPost
FNDA:1,listPosts
FNDA:0,getPostById
DA:5,1
DA:6,1
DA:9,1
DA:10,1
DA:11,0
DA:14,1
DA:15,1
DA:20,1
DA:24,1
DA:25,1
DA:26,1
DA:28,1
DA:29,1
DA:30,1
DA:31,0
DA:32,0
DA:35,1
DA:36,1
DA:37,1
DA:39,1
DA:40,1
DA:49,1
DA:53,0
DA:60,0
DA:63,1
LF:25
LH:20
BRDA:10,0,0,0
BRDA:10,0,1,1
BRDA:10,1,0,1
BRDA:10,1,1,1
BRDA:18,2,0,1
BRDA:18,2,1,0
BRDA:23,3,0,0
BRDA:23,4,0,0
BRDA:28,5,0,0
BRDA:28,5,1,1
BRDA:29,6,0,0
BRDA:29,6,1,1
BRDA:30,7,0,0
BRDA:30,7,1,1
BRDA:35,8,0,0
BRDA:35,8,1,1
BRDA:60,9,0,0
BRDA:60,9,1,0
BRF:18
BRH:8
end_of_record
TN:
SF:lambdas\community\social.js
FN:9,toggleBookmark
FN:26,listBookmarks
FN:45,toggleFollow
FN:64,listFollowing
FN:82,reportPost
FNF:5
FNH:0
FNDA:0,toggleBookmark
FNDA:0,listBookmarks
FNDA:0,toggleFollow
FNDA:0,listFollowing
FNDA:0,reportPost
DA:5,1
DA:6,1
DA:10,0
DA:14,0
DA:15,0
DA:16,0
DA:19,0
DA:23,0
DA:27,0
DA:28,0
DA:30,0
DA:31,0
DA:41,0
DA:46,0
DA:48,0
DA:52,0
DA:53,0
DA:54,0
DA:57,0
DA:61,0
DA:65,0
DA:66,0
DA:68,0
DA:69,0
DA:78,0
DA:84,0
DA:87,0
DA:89,0
DA:90,0
DA:94,0
DA:97,1
LF:31
LH:3
BRDA:14,0,0,0
BRDA:14,0,1,0
BRDA:26,1,0,0
BRDA:26,2,0,0
BRDA:46,3,0,0
BRDA:46,3,1,0
BRDA:52,4,0,0
BRDA:52,4,1,0
BRDA:64,5,0,0
BRDA:64,6,0,0
BRDA:87,7,0,0
BRDA:87,7,1,0
BRF:12
BRH:0
end_of_record
TN:
SF:lambdas\government\index.js
FN:9,(anonymous_0)
FNF:1
FNH:1
FNDA:6,(anonymous_0)
DA:5,1
DA:6,1
DA:7,1
DA:9,1
DA:10,6
DA:12,6
DA:13,6
DA:14,6
DA:15,6
DA:16,6
DA:17,6
DA:19,6
DA:21,6
DA:22,2
DA:29,2
DA:32,4
DA:33,0
DA:34,0
DA:35,0
DA:36,0
DA:40,4
DA:41,1
DA:42,1
DA:46,3
DA:47,1
DA:53,1
DA:56,2
DA:57,0
DA:58,0
DA:59,0
DA:60,0
DA:64,2
DA:65,2
DA:66,1
DA:67,1
DA:70,0
DA:71,0
DA:75,0
DA:78,0
DA:81,0
DA:82,0
LF:41
LH:27
BRDA:12,0,0,6
BRDA:12,0,1,0
BRDA:13,1,0,6
BRDA:13,1,1,0
BRDA:14,2,0,6
BRDA:14,2,1,6
BRDA:14,2,2,4
BRDA:15,3,0,6
BRDA:15,3,1,2
BRDA:17,4,0,2
BRDA:17,4,1,4
BRDA:21,5,0,2
BRDA:21,5,1,4
BRDA:21,6,0,6
BRDA:21,6,1,2
BRDA:23,7,0,2
BRDA:23,7,1,2
BRDA:24,8,0,2
BRDA:24,8,1,2
BRDA:32,9,0,0
BRDA:32,9,1,4
BRDA:32,10,0,4
BRDA:32,10,1,0
BRDA:35,11,0,0
BRDA:35,11,1,0
BRDA:40,12,0,1
BRDA:40,12,1,3
BRDA:40,13,0,4
BRDA:40,13,1,1
BRDA:46,14,0,1
BRDA:46,14,1,2
BRDA:46,15,0,3
BRDA:46,15,1,1
BRDA:48,16,0,1
BRDA:48,16,1,1
BRDA:49,17,0,1
BRDA:49,17,1,1
BRDA:56,18,0,0
BRDA:56,18,1,2
BRDA:56,19,0,2
BRDA:56,19,1,0
BRDA:59,20,0,0
BRDA:59,20,1,0
BRDA:64,21,0,2
BRDA:64,21,1,0
BRDA:64,22,0,2
BRDA:64,22,1,2
BRDA:65,23,0,1
BRDA:65,23,1,1
BRDA:65,24,0,2
BRDA:65,24,1,1
BRDA:70,25,0,0
BRDA:70,25,1,0
BRDA:70,26,0,0
BRDA:70,26,1,0
BRDA:72,27,0,0
BRDA:72,27,1,0
BRDA:73,28,0,0
BRDA:73,28,1,0
BRF:59
BRH:40
end_of_record
TN:
SF:lambdas\government\portals.js
FN:7,listPortals
FN:32,getPortalById
FNF:2
FNH:1
FNDA:2,listPortals
FNDA:0,getPortalById
DA:5,1
DA:8,2
DA:9,2
DA:10,2
DA:12,2
DA:13,2
DA:14,2
DA:15,0
DA:16,0
DA:19,2
DA:20,2
DA:21,2
DA:23,2
DA:24,2
DA:29,2
DA:33,0
DA:34,0
DA:37,1
LF:18
LH:14
BRDA:7,0,0,0
BRDA:7,1,0,0
BRDA:12,2,0,1
BRDA:12,2,1,1
BRDA:13,3,0,0
BRDA:13,3,1,2
BRDA:14,4,0,0
BRDA:14,4,1,2
BRDA:19,5,0,1
BRDA:19,5,1,1
BRDA:34,6,0,0
BRDA:34,6,1,0
BRF:12
BRH:6
end_of_record
TN:
SF:lambdas\government\schemes.js
FN:8,listSchemes
FN:35,getSchemeById
FN:45,listSchemeCategories
FN:55,saveComplaint
FN:65,listComplaints
FNF:5
FNH:3
FNDA:1,listSchemes
FNDA:0,getSchemeById
FNDA:1,listSchemeCategories
FNDA:1,saveComplaint
FNDA:0,listComplaints
DA:5,1
DA:6,1
DA:9,1
DA:10,1
DA:11,1
DA:13,1
DA:14,1
DA:15,0
DA:16,0
DA:19,1
DA:20,1
DA:21,1
DA:23,1
DA:24,1
DA:32,1
DA:36,0
DA:42,0
DA:46,1
DA:52,1
DA:56,1
DA:57,1
DA:62,1
DA:66,0
DA:67,0
DA:69,0
DA:70,0
DA:75,0
DA:78,1
LF:28
LH:19
BRDA:8,0,0,0
BRDA:8,1,0,0
BRDA:13,2,0,0
BRDA:13,2,1,1
BRDA:14,3,0,0
BRDA:14,3,1,1
BRDA:42,4,0,0
BRDA:42,4,1,0
BRDA:60,5,0,1
BRDA:60,5,1,1
BRDA:65,6,0,0
BRDA:65,7,0,0
BRF:12
BRH:4
end_of_record
TN:
SF:lambdas\livelihood\index.js
FN:8,listCategories
FN:18,listGuidance
FN:45,getGuidanceById
FN:55,(anonymous_3)
FNF:4
FNH:0
FNDA:0,listCategories
FNDA:0,listGuidance
FNDA:0,getGuidanceById
FNDA:0,(anonymous_3)
DA:5,0
DA:6,0
DA:9,0
DA:15,0
DA:19,0
DA:20,0
DA:21,0
DA:23,0
DA:24,0
DA:25,0
DA:26,0
DA:29,0
DA:30,0
DA:31,0
DA:33,0
DA:34,0
DA:42,0
DA:46,0
DA:52,0
DA:55,0
DA:56,0
DA:58,0
DA:59,0
DA:60,0
DA:62,0
DA:63,0
DA:64,0
DA:65,0
DA:68,0
DA:69,0
DA:75,0
DA:78,0
DA:79,0
DA:80,0
DA:81,0
DA:82,0
DA:85,0
DA:88,0
DA:89,0
LF:39
LH:0
BRDA:18,0,0,0
BRDA:18,1,0,0
BRDA:23,2,0,0
BRDA:23,2,1,0
BRDA:24,3,0,0
BRDA:24,3,1,0
BRDA:29,4,0,0
BRDA:29,4,1,0
BRDA:52,5,0,0
BRDA:52,5,1,0
BRDA:58,6,0,0
BRDA:58,6,1,0
BRDA:59,7,0,0
BRDA:59,7,1,0
BRDA:60,8,0,0
BRDA:60,8,1,0
BRDA:63,9,0,0
BRDA:63,9,1,0
BRDA:63,10,0,0
BRDA:63,10,1,0
BRDA:68,11,0,0
BRDA:68,11,1,0
BRDA:68,12,0,0
BRDA:68,12,1,0
BRDA:70,13,0,0
BRDA:70,13,1,0
BRDA:71,14,0,0
BRDA:71,14,1,0
BRDA:78,15,0,0
BRDA:78,15,1,0
BRDA:78,16,0,0
BRDA:78,16,1,0
BRDA:81,17,0,0
BRDA:81,17,1,0
BRF:34
BRH:0
end_of_record
TN:
SF:lambdas\voice-room\chat.js
FN:9,sendMessage
FN:30,getChatMessages
FNF:2
FNH:0
FNDA:0,sendMessage
FNDA:0,getChatMessages
DA:5,8
DA:6,8
DA:7,8
DA:10,0
DA:11,0
DA:13,0
DA:22,0
DA:27,0
DA:31,0
DA:39,0
DA:40,0
DA:43,0
DA:45,0
DA:53,8
LF:14
LH:4
BRDA:17,0,0,0
BRDA:17,0,1,0
BRDA:30,1,0,0
BRDA:30,2,0,0
BRDA:39,3,0,0
BRDA:39,3,1,0
BRDA:46,4,0,0
BRDA:46,4,1,0
BRDA:47,5,0,0
BRDA:47,5,1,0
BRF:10
BRH:0
end_of_record
TN:
SF:lambdas\voice-room\index.js
FN:11,(anonymous_0)
FNF:1
FNH:1
FNDA:8,(anonymous_0)
DA:6,8
DA:7,8
DA:8,8
DA:9,8
DA:11,8
DA:12,8
DA:14,8
DA:15,8
DA:16,8
DA:17,8
DA:18,8
DA:19,8
DA:20,8
DA:22,8
DA:24,8
DA:25,2
DA:26,1
DA:27,1
DA:31,6
DA:32,2
DA:39,0
DA:43,4
DA:44,0
DA:45,0
DA:46,0
DA:47,0
DA:51,4
DA:52,0
DA:53,0
DA:54,0
DA:55,0
DA:57,0
DA:58,0
DA:59,0
DA:60,0
DA:65,4
DA:66,0
DA:67,0
DA:68,0
DA:69,0
DA:71,0
DA:72,0
DA:73,0
DA:74,0
DA:79,4
DA:80,0
DA:81,0
DA:82,0
DA:83,0
DA:85,0
DA:86,0
DA:91,4
DA:92,0
DA:93,0
DA:94,0
DA:95,0
DA:97,0
DA:98,0
DA:99,0
DA:104,4
DA:105,0
DA:106,0
DA:107,0
DA:108,0
DA:110,0
DA:111,0
DA:112,0
DA:117,4
DA:118,0
DA:119,0
DA:120,0
DA:121,0
DA:122,0
DA:124,0
DA:125,0
DA:126,0
DA:131,4
DA:132,0
DA:133,0
DA:134,0
DA:135,0
DA:137,0
DA:138,0
DA:143,4
DA:144,0
DA:145,0
DA:146,0
DA:147,0
DA:149,0
DA:150,0
DA:155,4
DA:156,0
DA:157,0
DA:161,0
DA:164,4
DA:167,2
DA:168,2
LF:97
LH:33
BRDA:14,0,0,8
BRDA:14,0,1,0
BRDA:15,1,0,8
BRDA:15,1,1,0
BRDA:16,2,0,8
BRDA:16,2,1,8
BRDA:16,2,2,6
BRDA:17,3,0,8
BRDA:17,3,1,8
BRDA:17,3,2,7
BRDA:18,4,0,8
BRDA:18,4,1,5
BRDA:20,5,0,2
BRDA:20,5,1,6
BRDA:24,6,0,2
BRDA:24,6,1,6
BRDA:24,7,0,8
BRDA:24,7,1,4
BRDA:25,8,0,1
BRDA:25,8,1,1
BRDA:25,9,0,2
BRDA:25,9,1,1
BRDA:31,10,0,2
BRDA:31,10,1,4
BRDA:31,11,0,6
BRDA:31,11,1,2
BRDA:33,12,0,2
BRDA:33,12,1,2
BRDA:34,13,0,2
BRDA:34,13,1,2
BRDA:35,14,0,2
BRDA:35,14,1,1
BRDA:43,15,0,0
BRDA:43,15,1,4
BRDA:43,16,0,4
BRDA:43,16,1,0
BRDA:46,17,0,0
BRDA:46,17,1,0
BRDA:51,18,0,0
BRDA:51,18,1,4
BRDA:51,19,0,4
BRDA:51,19,1,0
BRDA:57,20,0,0
BRDA:57,20,1,0
BRDA:58,21,0,0
BRDA:58,21,1,0
BRDA:59,22,0,0
BRDA:59,22,1,0
BRDA:65,23,0,0
BRDA:65,23,1,4
BRDA:65,24,0,4
BRDA:65,24,1,0
BRDA:71,25,0,0
BRDA:71,25,1,0
BRDA:72,26,0,0
BRDA:72,26,1,0
BRDA:73,27,0,0
BRDA:73,27,1,0
BRDA:79,28,0,0
BRDA:79,28,1,4
BRDA:79,29,0,4
BRDA:79,29,1,0
BRDA:85,30,0,0
BRDA:85,30,1,0
BRDA:91,31,0,0
BRDA:91,31,1,4
BRDA:91,32,0,4
BRDA:91,32,1,0
BRDA:97,33,0,0
BRDA:97,33,1,0
BRDA:98,34,0,0
BRDA:98,34,1,0
BRDA:104,35,0,0
BRDA:104,35,1,4
BRDA:104,36,0,4
BRDA:104,36,1,0
BRDA:110,37,0,0
BRDA:110,37,1,0
BRDA:111,38,0,0
BRDA:111,38,1,0
BRDA:117,39,0,0
BRDA:117,39,1,4
BRDA:117,40,0,4
BRDA:117,40,1,0
BRDA:119,41,0,0
BRDA:119,41,1,0
BRDA:124,42,0,0
BRDA:124,42,1,0
BRDA:125,43,0,0
BRDA:125,43,1,0
BRDA:131,44,0,0
BRDA:131,44,1,4
BRDA:131,45,0,4
BRDA:131,45,1,0
BRDA:137,46,0,0
BRDA:137,46,1,0
BRDA:143,47,0,0
BRDA:143,47,1,4
BRDA:143,48,0,4
BRDA:143,48,1,0
BRDA:149,49,0,0
BRDA:149,49,1,0
BRDA:155,50,0,0
BRDA:155,50,1,4
BRDA:155,51,0,4
BRDA:155,51,1,0
BRDA:158,52,0,0
BRDA:158,52,1,0
BRF:108
BRH:50
end_of_record
TN:
SF:lambdas\voice-room\moderation.js
FN:9,getParticipant
FN:17,assertModerator
FN:25,assertRoomActive
FN:36,muteUser
FN:54,unmuteUser
FN:71,kickUser
FN:97,banUser
FN:120,transferModerator
FN:149,toggleRecording
FN:165,togglePrivacy
FNF:10
FNH:0
FNDA:0,getParticipant
FNDA:0,assertModerator
FNDA:0,assertRoomActive
FNDA:0,muteUser
FNDA:0,unmuteUser
FNDA:0,kickUser
FNDA:0,banUser
FNDA:0,transferModerator
FNDA:0,toggleRecording
FNDA:0,togglePrivacy
DA:5,8
DA:6,8
DA:7,8
DA:10,0
DA:14,0
DA:18,0
DA:19,0
DA:20,0
DA:22,0
DA:26,0
DA:27,0
DA:31,0
DA:32,0
DA:33,0
DA:37,0
DA:38,0
DA:39,0
DA:41,0
DA:42,0
DA:44,0
DA:51,0
DA:55,0
DA:56,0
DA:58,0
DA:59,0
DA:61,0
DA:68,0
DA:72,0
DA:73,0
DA:74,0
DA:76,0
DA:77,0
DA:79,0
DA:80,0
DA:87,0
DA:94,0
DA:98,0
DA:99,0
DA:100,0
DA:102,0
DA:103,0
DA:110,0
DA:117,0
DA:121,0
DA:122,0
DA:123,0
DA:125,0
DA:126,0
DA:129,0
DA:138,0
DA:146,0
DA:150,0
DA:152,0
DA:153,0
DA:155,0
DA:162,0
DA:166,0
DA:168,0
DA:169,0
DA:171,0
DA:178,0
DA:181,8
LF:62
LH:4
BRDA:14,0,0,0
BRDA:14,0,1,0
BRDA:19,1,0,0
BRDA:19,1,1,0
BRDA:19,2,0,0
BRDA:19,2,1,0
BRDA:31,3,0,0
BRDA:31,3,1,0
BRDA:32,4,0,0
BRDA:32,4,1,0
BRDA:39,5,0,0
BRDA:39,5,1,0
BRDA:42,6,0,0
BRDA:42,6,1,0
BRDA:59,7,0,0
BRDA:59,7,1,0
BRDA:74,8,0,0
BRDA:74,8,1,0
BRDA:77,9,0,0
BRDA:77,9,1,0
BRDA:100,10,0,0
BRDA:100,10,1,0
BRDA:123,11,0,0
BRDA:123,11,1,0
BRDA:126,12,0,0
BRDA:126,12,1,0
BRDA:126,13,0,0
BRDA:126,13,1,0
BRF:28
BRH:0
end_of_record
TN:
SF:lambdas\voice-room\rooms.js
FN:10,createRoom
FN:54,listRooms
FN:73,(anonymous_2)
FN:77,(anonymous_3)
FN:90,getRoomById
FN:109,(anonymous_5)
FN:113,endRoom
FN:131,joinRoom
FN:173,leaveRoom
FNF:9
FNH:2
FNDA:1,createRoom
FNDA:2,listRooms
FNDA:0,(anonymous_2)
FNDA:0,(anonymous_3)
FNDA:0,getRoomById
FNDA:0,(anonymous_5)
FNDA:0,endRoom
FNDA:0,joinRoom
FNDA:0,leaveRoom
DA:5,8
DA:6,8
DA:7,8
DA:8,8
DA:11,1
DA:12,1
DA:14,1
DA:31,1
DA:37,1
DA:51,1
DA:55,2
DA:56,2
DA:59,2
DA:68,2
DA:69,2
DA:72,0
DA:73,0
DA:75,0
DA:76,0
DA:77,0
DA:80,0
DA:81,0
DA:82,0
DA:84,0
DA:91,0
DA:96,0
DA:99,0
DA:107,0
DA:109,0
DA:114,0
DA:115,0
DA:116,0
DA:117,0
DA:119,0
DA:120,0
DA:128,0
DA:132,0
DA:133,0
DA:134,0
DA:137,0
DA:142,0
DA:145,0
DA:147,0
DA:148,0
DA:163,0
DA:170,0
DA:174,0
DA:176,0
DA:183,0
DA:191,0
DA:196,0
DA:197,0
DA:206,0
DA:209,8
LF:54
LH:16
BRDA:17,0,0,1
BRDA:17,0,1,1
BRDA:18,1,0,1
BRDA:18,1,1,0
BRDA:20,2,0,1
BRDA:20,2,1,1
BRDA:22,3,0,1
BRDA:22,3,1,1
BRDA:24,4,0,1
BRDA:24,4,1,0
BRDA:42,5,0,1
BRDA:42,5,1,0
BRDA:51,6,0,1
BRDA:51,6,1,0
BRDA:54,7,0,0
BRDA:54,8,0,0
BRDA:54,9,0,0
BRDA:69,10,0,2
BRDA:69,10,1,0
BRDA:72,11,0,0
BRDA:72,11,1,0
BRDA:73,12,0,0
BRDA:73,12,1,0
BRDA:75,13,0,0
BRDA:75,13,1,0
BRDA:77,14,0,0
BRDA:77,14,1,0
BRDA:77,15,0,0
BRDA:77,15,1,0
BRDA:96,16,0,0
BRDA:96,16,1,0
BRDA:109,17,0,0
BRDA:109,17,1,0
BRDA:115,18,0,0
BRDA:115,18,1,0
BRDA:116,19,0,0
BRDA:116,19,1,0
BRDA:117,20,0,0
BRDA:117,20,1,0
BRDA:133,21,0,0
BRDA:133,21,1,0
BRDA:134,22,0,0
BRDA:134,22,1,0
BRDA:142,23,0,0
BRDA:142,23,1,0
BRDA:142,24,0,0
BRDA:142,24,1,0
BRDA:145,25,0,0
BRDA:145,25,1,0
BRDA:153,26,0,0
BRDA:153,26,1,0
BRDA:196,27,0,0
BRDA:196,27,1,0
BRDA:196,28,0,0
BRDA:196,28,1,0
BRF:55
BRH:11
end_of_record
TN:
SF:lambdas\websocket\index.js
FN:11,getApiClient
FN:17,broadcastToRoom
FN:27,(anonymous_2)
FN:30,(anonymous_3)
FN:50,(anonymous_4)
FNF:5
FNH:0
FNDA:0,getApiClient
FNDA:0,broadcastToRoom
FNDA:0,(anonymous_2)
FNDA:0,(anonymous_3)
FNDA:0,(anonymous_4)
DA:5,0
DA:6,0
DA:7,0
DA:8,0
DA:9,0
DA:12,0
DA:14,0
DA:18,0
DA:21,0
DA:27,0
DA:28,0
DA:30,0
DA:31,0
DA:32,0
DA:37,0
DA:39,0
DA:47,0
DA:50,0
DA:51,0
DA:53,0
DA:54,0
DA:55,0
DA:57,0
DA:59,0
DA:60,0
DA:61,0
DA:71,0
DA:75,0
DA:77,0
DA:82,0
DA:84,0
DA:87,0
DA:94,0
DA:99,0
DA:104,0
DA:105,0
DA:107,0
DA:110,0
DA:112,0
DA:114,0
DA:115,0
DA:118,0
DA:129,0
DA:136,0
DA:140,0
DA:141,0
DA:143,0
DA:148,0
DA:154,0
DA:158,0
DA:159,0
DA:161,0
DA:166,0
DA:173,0
DA:176,0
DA:182,0
DA:183,0
DA:184,0
DA:190,0
DA:194,0
DA:198,0
DA:199,0
LF:62
LH:0
BRDA:12,0,0,0
BRDA:12,0,1,0
BRDA:17,1,0,0
BRDA:27,2,0,0
BRDA:27,2,1,0
BRDA:37,3,0,0
BRDA:37,3,1,0
BRDA:55,4,0,0
BRDA:55,4,1,0
BRDA:55,4,2,0
BRDA:59,5,0,0
BRDA:59,5,1,0
BRDA:75,6,0,0
BRDA:75,6,1,0
BRDA:82,7,0,0
BRDA:82,7,1,0
BRDA:82,8,0,0
BRDA:82,8,1,0
BRDA:112,9,0,0
BRDA:112,9,1,0
BRDA:112,9,2,0
BRDA:112,9,3,0
BRDA:112,9,4,0
BRDA:112,9,5,0
BRDA:112,9,6,0
BRDA:182,10,0,0
BRDA:182,10,1,0
BRDA:182,11,0,0
BRDA:182,11,1,0
BRF:29
BRH:0
end_of_record
TN:
SF:utils\constants.js
FNF:0
FNH:0
DA:5,8
DA:19,8
DA:30,8
DA:39,8
DA:48,8
DA:59,8
DA:67,8
DA:73,8
DA:78,8
DA:79,8
DA:81,8
LF:11
LH:11
BRF:0
BRH:0
end_of_record
TN:
SF:utils\db.js
FN:22,getPostgresPool
FN:39,query
FNF:2
FNH:0
FNDA:0,getPostgresPool
FNDA:0,query
DA:6,8
DA:7,8
DA:8,8
DA:11,8
DA:15,8
DA:20,8
DA:23,0
DA:24,0
DA:36,0
DA:40,0
DA:41,0
DA:42,0
DA:46,8
DA:53,8
LF:14
LH:8
BRDA:12,0,0,8
BRDA:12,0,1,8
BRDA:12,0,2,8
BRDA:23,1,0,0
BRDA:23,1,1,0
BRDA:26,2,0,0
BRDA:26,2,1,0
BRDA:27,3,0,0
BRDA:27,3,1,0
BRDA:33,4,0,0
BRDA:33,4,1,0
BRDA:47,5,0,8
BRDA:47,5,1,0
BRDA:48,6,0,8
BRDA:48,6,1,0
BRDA:49,7,0,8
BRDA:49,7,1,0
BRDA:50,8,0,8
BRDA:50,8,1,8
BRF:19
BRH:8
end_of_record
TN:
SF:utils\response.js
FN:13,success
FN:21,error
FN:31,badRequest
FN:35,notFound
FN:39,unauthorized
FN:43,forbidden
FN:47,conflict
FNF:7
FNH:7
FNDA:14,success
FNDA:32,error
FNDA:7,badRequest
FNDA:13,notFound
FNDA:2,unauthorized
FNDA:2,forbidden
FNDA:3,conflict
DA:6,12
DA:14,14
DA:22,32
DA:23,32
DA:24,32
DA:32,7
DA:36,13
DA:40,2
DA:44,2
DA:48,3
DA:51,12
LF:11
LH:11
BRDA:13,0,0,9
BRDA:21,1,0,2
BRDA:21,2,0,22
BRDA:23,3,0,3
BRDA:23,3,1,29
BRDA:31,4,0,7
BRDA:35,5,0,2
BRDA:39,6,0,2
BRDA:43,7,0,1
BRDA:47,8,0,1
BRF:10
BRH:10
end_of_record
