TN:
SF:lambdas/business/businesses.js
FN:8,createBusiness
FN:36,listBusinesses
FN:88,getBusinessById
FN:102,updateBusiness
FN:131,deactivateBusiness
FNF:5
FNH:0
FNDA:0,createBusiness
FNDA:0,listBusinesses
FNDA:0,getBusinessById
FNDA:0,updateBusiness
FNDA:0,deactivateBusiness
DA:5,0
DA:6,0
DA:9,0
DA:10,0
DA:13,0
DA:14,0
DA:16,0
DA:20,0
DA:22,0
DA:23,0
DA:33,0
DA:37,0
DA:38,0
DA:39,0
DA:41,0
DA:42,0
DA:43,0
DA:44,0
DA:46,0
DA:47,0
DA:48,0
DA:49,0
DA:51,0
DA:52,0
DA:53,0
DA:54,0
DA:56,0
DA:57,0
DA:58,0
DA:59,0
DA:61,0
DA:64,0
DA:66,0
DA:67,0
DA:69,0
DA:70,0
DA:82,0
DA:89,0
DA:99,0
DA:103,0
DA:104,0
DA:105,0
DA:107,0
DA:109,0
DA:110,0
DA:111,0
DA:113,0
DA:114,0
DA:115,0
DA:116,0
DA:117,0
DA:120,0
DA:121,0
DA:123,0
DA:128,0
DA:132,0
DA:133,0
DA:134,0
DA:136,0
DA:137,0
DA:140,0
LF:61
LH:0
BRDA:9,0,0,0
BRDA:9,0,1,0
BRDA:14,1,0,0
BRDA:14,1,1,0
BRDA:20,2,0,0
BRDA:20,2,1,0
BRDA:27,3,0,0
BRDA:27,3,1,0
BRDA:27,4,0,0
BRDA:27,4,1,0
BRDA:28,5,0,0
BRDA:28,5,1,0
BRDA:28,6,0,0
BRDA:28,6,1,0
BRDA:29,7,0,0
BRDA:29,7,1,0
BRDA:30,8,0,0
BRDA:30,8,1,0
BRDA:36,9,0,0
BRDA:36,10,0,0
BRDA:41,11,0,0
BRDA:41,11,1,0
BRDA:46,12,0,0
BRDA:46,12,1,0
BRDA:51,13,0,0
BRDA:51,13,1,0
BRDA:56,14,0,0
BRDA:56,14,1,0
BRDA:64,15,0,0
BRDA:64,15,1,0
BRDA:99,16,0,0
BRDA:99,16,1,0
BRDA:104,17,0,0
BRDA:104,17,1,0
BRDA:105,18,0,0
BRDA:105,18,1,0
BRDA:107,19,0,0
BRDA:107,19,1,0
BRDA:107,20,0,0
BRDA:107,20,1,0
BRDA:116,21,0,0
BRDA:116,21,1,0
BRDA:133,22,0,0
BRDA:133,22,1,0
BRDA:134,23,0,0
BRDA:134,23,1,0
BRF:46
BRH:0
end_of_record
TN:
SF:lambdas/business/categories.js
FN:7,listCategories
FN:21,getCategoryById
FNF:2
FNH:0
FNDA:0,listCategories
FNDA:0,getCategoryById
DA:5,0
DA:8,0
DA:18,0
DA:22,0
DA:32,0
DA:35,0
LF:6
LH:0
BRDA:32,0,0,0
BRDA:32,0,1,0
BRF:2
BRH:0
end_of_record
TN:
SF:lambdas/community/posts.js
FN:9,createPost
FN:23,listPosts
FN:52,getPostById
FNF:3
FNH:0
FNDA:0,createPost
FNDA:0,listPosts
FNDA:0,getPostById
DA:5,0
DA:6,0
DA:7,0
DA:10,0
DA:11,0
DA:14,0
DA:15,0
DA:20,0
DA:24,0
DA:25,0
DA:26,0
DA:28,0
DA:29,0
DA:30,0
DA:31,0
DA:32,0
DA:35,0
DA:36,0
DA:37,0
DA:39,0
DA:40,0
DA:49,0
DA:53,0
DA:60,0
DA:63,0
LF:25
LH:0
BRDA:10,0,0,0
BRDA:10,0,1,0
BRDA:10,1,0,0
BRDA:10,1,1,0
BRDA:18,2,0,0
BRDA:18,2,1,0
BRDA:23,3,0,0
BRDA:23,4,0,0
BRDA:28,5,0,0
BRDA:28,5,1,0
BRDA:29,6,0,0
BRDA:29,6,1,0
BRDA:30,7,0,0
BRDA:30,7,1,0
BRDA:35,8,0,0
BRDA:35,8,1,0
BRDA:60,9,0,0
BRDA:60,9,1,0
BRF:18
BRH:0
end_of_record
TN:
SF:lambdas/community/social.js
FN:9,toggleBookmark
FN:26,listBookmarks
FN:45,toggleFollow
FN:66,listFollowing
FN:84,reportPost
FNF:5
FNH:0
FNDA:0,toggleBookmark
FNDA:0,listBookmarks
FNDA:0,toggleFollow
FNDA:0,listFollowing
FNDA:0,reportPost
DA:5,0
DA:6,0
DA:10,0
DA:14,0
DA:15,0
DA:16,0
DA:19,0
DA:23,0
DA:27,0
DA:28,0
DA:30,0
DA:31,0
DA:41,0
DA:46,0
DA:47,0
DA:50,0
DA:54,0
DA:55,0
DA:56,0
DA:59,0
DA:63,0
DA:67,0
DA:68,0
DA:70,0
DA:71,0
DA:80,0
DA:85,0
DA:88,0
DA:89,0
DA:92,0
DA:93,0
DA:97,0
DA:100,0
LF:33
LH:0
BRDA:14,0,0,0
BRDA:14,0,1,0
BRDA:26,1,0,0
BRDA:26,2,0,0
BRDA:46,3,0,0
BRDA:46,3,1,0
BRDA:54,4,0,0
BRDA:54,4,1,0
BRDA:66,5,0,0
BRDA:66,6,0,0
BRDA:88,7,0,0
BRDA:88,7,1,0
BRF:12
BRH:0
end_of_record
TN:
SF:lambdas/economic-services/eligibility.js
FN:9,evaluateSchemeEligibility
FN:38,assessLoanEligibility
FN:55,(anonymous_2)
FNF:3
FNH:0
FNDA:0,evaluateSchemeEligibility
FNDA:0,assessLoanEligibility
FNDA:0,(anonymous_2)
DA:6,0
DA:7,0
DA:10,0
DA:11,0
DA:13,0
DA:14,0
DA:16,0
DA:19,0
DA:20,0
DA:21,0
DA:24,0
DA:25,0
DA:27,0
DA:30,0
DA:39,0
DA:40,0
DA:41,0
DA:48,0
DA:52,0
DA:55,0
DA:62,0
DA:75,0
LF:22
LH:0
BRDA:13,0,0,0
BRDA:13,0,1,0
BRDA:13,1,0,0
BRDA:13,1,1,0
BRDA:19,2,0,0
BRDA:19,2,1,0
BRDA:20,3,0,0
BRDA:20,3,1,0
BRDA:24,4,0,0
BRDA:24,4,1,0
BRDA:34,5,0,0
BRDA:34,5,1,0
BRDA:38,6,0,0
BRDA:39,7,0,0
BRDA:39,7,1,0
BRDA:40,8,0,0
BRDA:40,8,1,0
BRDA:48,9,0,0
BRDA:48,9,1,0
BRDA:48,10,0,0
BRDA:48,10,1,0
BRDA:65,11,0,0
BRDA:65,11,1,0
BRDA:66,12,0,0
BRDA:66,12,1,0
BRF:25
BRH:0
end_of_record
TN:
SF:lambdas/economic-services/index.js
FN:14,(anonymous_0)
FNF:1
FNH:0
FNDA:0,(anonymous_0)
DA:6,0
DA:7,0
DA:8,0
DA:9,0
DA:10,0
DA:11,0
DA:12,0
DA:14,0
DA:15,0
DA:17,0
DA:18,0
DA:19,0
DA:20,0
DA:21,0
DA:23,0
DA:24,0
DA:25,0
DA:28,0
DA:29,0
DA:32,0
DA:33,0
DA:36,0
DA:37,0
DA:38,0
DA:39,0
DA:40,0
DA:43,0
DA:44,0
DA:47,0
DA:48,0
DA:51,0
DA:52,0
DA:53,0
DA:56,0
DA:57,0
DA:60,0
DA:61,0
DA:64,0
DA:65,0
DA:68,0
DA:70,0
DA:71,0
LF:42
LH:0
BRDA:17,0,0,0
BRDA:17,0,1,0
BRDA:18,1,0,0
BRDA:18,1,1,0
BRDA:19,2,0,0
BRDA:19,2,1,0
BRDA:19,2,2,0
BRDA:20,3,0,0
BRDA:20,3,1,0
BRDA:21,4,0,0
BRDA:21,4,1,0
BRDA:24,5,0,0
BRDA:24,5,1,0
BRDA:24,6,0,0
BRDA:24,6,1,0
BRDA:28,7,0,0
BRDA:28,7,1,0
BRDA:28,8,0,0
BRDA:28,8,1,0
BRDA:32,9,0,0
BRDA:32,9,1,0
BRDA:32,10,0,0
BRDA:32,10,1,0
BRDA:36,11,0,0
BRDA:36,11,1,0
BRDA:36,12,0,0
BRDA:36,12,1,0
BRDA:39,13,0,0
BRDA:39,13,1,0
BRDA:43,14,0,0
BRDA:43,14,1,0
BRDA:43,15,0,0
BRDA:43,15,1,0
BRDA:47,16,0,0
BRDA:47,16,1,0
BRDA:47,17,0,0
BRDA:47,17,1,0
BRDA:51,18,0,0
BRDA:51,18,1,0
BRDA:51,19,0,0
BRDA:51,19,1,0
BRDA:52,20,0,0
BRDA:52,20,1,0
BRDA:56,21,0,0
BRDA:56,21,1,0
BRDA:56,22,0,0
BRDA:56,22,1,0
BRDA:57,23,0,0
BRDA:57,23,1,0
BRDA:60,24,0,0
BRDA:60,24,1,0
BRDA:60,25,0,0
BRDA:60,25,1,0
BRDA:64,26,0,0
BRDA:64,26,1,0
BRDA:64,27,0,0
BRDA:64,27,1,0
BRDA:65,28,0,0
BRDA:65,28,1,0
BRF:59
BRH:0
end_of_record
TN:
SF:lambdas/economic-services/insurance.js
FN:10,assessDamageEvidence
FN:51,createInsuranceClaim
FN:80,listInsuranceClaims
FNF:3
FNH:0
FNDA:0,assessDamageEvidence
FNDA:0,createInsuranceClaim
FNDA:0,listInsuranceClaims
DA:6,0
DA:7,0
DA:8,0
DA:11,0
DA:16,0
DA:17,0
DA:18,0
DA:20,0
DA:21,0
DA:22,0
DA:23,0
DA:24,0
DA:25,0
DA:26,0
DA:27,0
DA:28,0
DA:29,0
DA:30,0
DA:31,0
DA:32,0
DA:33,0
DA:34,0
DA:35,0
DA:38,0
DA:52,0
DA:53,0
DA:54,0
DA:56,0
DA:72,0
DA:77,0
DA:81,0
DA:89,0
DA:94,0
LF:33
LH:0
BRDA:12,0,0,0
BRDA:12,0,1,0
BRDA:13,1,0,0
BRDA:13,1,1,0
BRDA:20,2,0,0
BRDA:20,2,1,0
BRDA:20,3,0,0
BRDA:20,3,1,0
BRDA:24,4,0,0
BRDA:24,4,1,0
BRDA:24,5,0,0
BRDA:24,5,1,0
BRDA:28,6,0,0
BRDA:28,6,1,0
BRDA:28,7,0,0
BRDA:28,7,1,0
BRDA:32,8,0,0
BRDA:32,8,1,0
BRDA:32,9,0,0
BRDA:32,9,1,0
BRDA:59,10,0,0
BRDA:59,10,1,0
BRDA:60,11,0,0
BRDA:60,11,1,0
BRDA:61,12,0,0
BRDA:61,12,1,0
BRDA:62,13,0,0
BRDA:62,13,1,0
BRDA:63,14,0,0
BRDA:63,14,1,0
BRDA:64,15,0,0
BRDA:64,15,1,0
BRDA:65,16,0,0
BRDA:65,16,1,0
BRDA:67,17,0,0
BRDA:67,17,1,0
BRDA:80,18,0,0
BRDA:90,19,0,0
BRDA:90,19,1,0
BRF:39
BRH:0
end_of_record
TN:
SF:lambdas/economic-services/nudges.js
FN:13,buildSeasonalMessages
FN:26,generateFinancialNudge
FN:57,listFinancialNudges
FNF:3
FNH:0
FNDA:0,buildSeasonalMessages
FNDA:0,generateFinancialNudge
FNDA:0,listFinancialNudges
DA:6,0
DA:7,0
DA:8,0
DA:10,0
DA:11,0
DA:14,0
DA:15,0
DA:23,0
DA:27,0
DA:28,0
DA:29,0
DA:30,0
DA:32,0
DA:41,0
DA:46,0
DA:47,0
DA:54,0
DA:58,0
DA:66,0
DA:71,0
LF:20
LH:0
BRDA:10,0,0,0
BRDA:10,0,1,0
BRDA:11,1,0,0
BRDA:11,1,1,0
BRDA:13,2,0,0
BRDA:14,3,0,0
BRDA:14,3,1,0
BRDA:14,4,0,0
BRDA:14,4,1,0
BRDA:23,5,0,0
BRDA:23,5,1,0
BRDA:26,6,0,0
BRDA:27,7,0,0
BRDA:27,7,1,0
BRDA:28,8,0,0
BRDA:28,8,1,0
BRDA:30,9,0,0
BRDA:30,9,1,0
BRDA:36,10,0,0
BRDA:36,10,1,0
BRDA:38,11,0,0
BRDA:38,11,1,0
BRDA:46,12,0,0
BRDA:46,12,1,0
BRDA:57,13,0,0
BRDA:67,14,0,0
BRDA:67,14,1,0
BRF:27
BRH:0
end_of_record
TN:
SF:lambdas/economic-services/profile.js
FN:8,getEconomicProfile
FN:21,upsertEconomicProfile
FNF:2
FNH:0
FNDA:0,getEconomicProfile
FNDA:0,upsertEconomicProfile
DA:5,0
DA:6,0
DA:9,0
DA:10,0
DA:15,0
DA:17,0
DA:22,0
DA:23,0
DA:25,0
DA:51,0
DA:56,0
DA:59,0
LF:12
LH:0
BRDA:15,0,0,0
BRDA:15,0,1,0
BRDA:27,1,0,0
BRDA:27,1,1,0
BRDA:27,1,2,0
BRDA:28,2,0,0
BRDA:28,2,1,0
BRDA:28,2,2,0
BRDA:29,3,0,0
BRDA:29,3,1,0
BRDA:29,3,2,0
BRDA:30,4,0,0
BRDA:30,4,1,0
BRDA:30,4,2,0
BRDA:31,5,0,0
BRDA:31,5,1,0
BRDA:31,5,2,0
BRDA:32,6,0,0
BRDA:32,6,1,0
BRDA:32,7,0,0
BRDA:32,7,1,0
BRDA:33,8,0,0
BRDA:33,8,1,0
BRDA:33,8,2,0
BRDA:35,9,0,0
BRDA:35,9,1,0
BRDA:35,9,2,0
BRDA:37,10,0,0
BRDA:37,10,1,0
BRDA:39,11,0,0
BRDA:39,11,1,0
BRDA:40,12,0,0
BRDA:40,12,1,0
BRDA:42,13,0,0
BRDA:42,13,1,0
BRDA:43,14,0,0
BRDA:43,14,1,0
BRDA:43,14,2,0
BRDA:44,15,0,0
BRDA:44,15,1,0
BRDA:44,15,2,0
BRDA:45,16,0,0
BRDA:45,16,1,0
BRDA:45,16,2,0
BRDA:46,17,0,0
BRDA:46,17,1,0
BRDA:46,17,2,0
BRDA:47,18,0,0
BRDA:47,18,1,0
BRF:49
BRH:0
end_of_record
TN:
SF:lambdas/economic-services/savings.js
FN:11,getHarvestMonths
FN:17,generateSavingsPlan
FN:21,(anonymous_2)
FN:25,(anonymous_3)
FN:32,(anonymous_4)
FN:33,(anonymous_5)
FNF:6
FNH:0
FNDA:0,getHarvestMonths
FNDA:0,generateSavingsPlan
FNDA:0,(anonymous_2)
FNDA:0,(anonymous_3)
FNDA:0,(anonymous_4)
FNDA:0,(anonymous_5)
DA:6,0
DA:12,0
DA:18,0
DA:19,0
DA:20,0
DA:21,0
DA:22,0
DA:23,0
DA:25,0
DA:30,0
DA:32,0
DA:33,0
DA:39,0
DA:57,0
LF:14
LH:0
BRDA:12,0,0,0
BRDA:12,0,1,0
BRDA:12,1,0,0
BRDA:12,1,1,0
BRDA:18,2,0,0
BRDA:18,2,1,0
BRDA:19,3,0,0
BRDA:19,3,1,0
BRDA:21,4,0,0
BRDA:21,4,1,0
BRDA:32,5,0,0
BRDA:32,5,1,0
BRDA:32,6,0,0
BRDA:32,6,1,0
BRDA:34,7,0,0
BRDA:34,7,1,0
BRDA:35,8,0,0
BRDA:35,8,1,0
BRDA:36,9,0,0
BRDA:36,9,1,0
BRDA:44,10,0,0
BRDA:44,10,1,0
BRDA:47,11,0,0
BRDA:47,11,1,0
BRDA:50,12,0,0
BRDA:50,12,1,0
BRF:26
BRH:0
end_of_record
TN:
SF:lambdas/economic-services/schemes.js
FN:61,simplifyScheme
FN:74,filterSchemes
FN:80,(anonymous_2)
FN:98,getSchemeById
FN:99,(anonymous_4)
FNF:5
FNH:0
FNDA:0,simplifyScheme
FNDA:0,filterSchemes
FNDA:0,(anonymous_2)
FNDA:0,getSchemeById
FNDA:0,(anonymous_4)
DA:6,0
DA:62,0
DA:75,0
DA:76,0
DA:77,0
DA:78,0
DA:80,0
DA:81,0
DA:82,0
DA:83,0
DA:84,0
DA:86,0
DA:87,0
DA:88,0
DA:91,0
DA:99,0
DA:102,0
LF:17
LH:0
BRDA:74,0,0,0
BRDA:75,1,0,0
BRDA:75,1,1,0
BRDA:76,2,0,0
BRDA:76,2,1,0
BRDA:77,3,0,0
BRDA:77,3,1,0
BRDA:78,4,0,0
BRDA:78,4,1,0
BRDA:81,5,0,0
BRDA:81,5,1,0
BRDA:81,6,0,0
BRDA:81,6,1,0
BRDA:82,7,0,0
BRDA:82,7,1,0
BRDA:83,8,0,0
BRDA:83,8,1,0
BRDA:84,9,0,0
BRDA:84,9,1,0
BRDA:86,10,0,0
BRDA:86,10,1,0
BRDA:86,11,0,0
BRDA:86,11,1,0
BRDA:86,12,0,0
BRDA:86,12,1,0
BRDA:87,13,0,0
BRDA:87,13,1,0
BRDA:87,14,0,0
BRDA:87,14,1,0
BRDA:99,15,0,0
BRDA:99,15,1,0
BRF:31
BRH:0
end_of_record
TN:
SF:lambdas/government/portals.js
FN:7,listPortals
FN:32,getPortalById
FNF:2
FNH:0
FNDA:0,listPortals
FNDA:0,getPortalById
DA:5,0
DA:8,0
DA:9,0
DA:10,0
DA:12,0
DA:13,0
DA:14,0
DA:15,0
DA:16,0
DA:19,0
DA:20,0
DA:21,0
DA:23,0
DA:24,0
DA:29,0
DA:33,0
DA:34,0
DA:37,0
LF:18
LH:0
BRDA:7,0,0,0
BRDA:7,1,0,0
BRDA:12,2,0,0
BRDA:12,2,1,0
BRDA:13,3,0,0
BRDA:13,3,1,0
BRDA:14,4,0,0
BRDA:14,4,1,0
BRDA:19,5,0,0
BRDA:19,5,1,0
BRDA:34,6,0,0
BRDA:34,6,1,0
BRF:12
BRH:0
end_of_record
TN:
SF:lambdas/government/schemes.js
FN:8,listSchemes
FN:35,getSchemeById
FN:45,listSchemeCategories
FN:55,saveComplaint
FN:65,listComplaints
FNF:5
FNH:0
FNDA:0,listSchemes
FNDA:0,getSchemeById
FNDA:0,listSchemeCategories
FNDA:0,saveComplaint
FNDA:0,listComplaints
DA:5,0
DA:6,0
DA:9,0
DA:10,0
DA:11,0
DA:13,0
DA:14,0
DA:15,0
DA:16,0
DA:19,0
DA:20,0
DA:21,0
DA:23,0
DA:24,0
DA:32,0
DA:36,0
DA:42,0
DA:46,0
DA:52,0
DA:56,0
DA:57,0
DA:62,0
DA:66,0
DA:67,0
DA:69,0
DA:70,0
DA:75,0
DA:78,0
LF:28
LH:0
BRDA:8,0,0,0
BRDA:8,1,0,0
BRDA:13,2,0,0
BRDA:13,2,1,0
BRDA:14,3,0,0
BRDA:14,3,1,0
BRDA:42,4,0,0
BRDA:42,4,1,0
BRDA:60,5,0,0
BRDA:60,5,1,0
BRDA:65,6,0,0
BRDA:65,7,0,0
BRF:12
BRH:0
end_of_record
TN:
SF:lambdas/health-ai/knowledge-base.js
FN:25,listArticles
FN:46,getArticle
FN:58,generateArticle
FN:96,getBedrockArticle
FNF:4
FNH:0
FNDA:0,listArticles
FNDA:0,getArticle
FNDA:0,generateArticle
FNDA:0,getBedrockArticle
DA:6,0
DA:7,0
DA:8,0
DA:9,0
DA:10,0
DA:12,0
DA:26,0
DA:31,0
DA:32,0
DA:33,0
DA:34,0
DA:35,0
DA:36,0
DA:39,0
DA:40,0
DA:47,0
DA:51,0
DA:59,0
DA:60,0
DA:64,0
DA:65,0
DA:66,0
DA:70,0
DA:71,0
DA:73,0
DA:74,0
DA:77,0
DA:88,0
DA:93,0
DA:97,0
DA:99,0
DA:120,0
DA:131,0
DA:132,0
DA:133,0
DA:134,0
DA:135,0
DA:138,0
LF:38
LH:0
BRDA:13,0,0,0
BRDA:13,0,1,0
BRDA:14,1,0,0
BRDA:14,1,1,0
BRDA:16,2,0,0
BRDA:16,2,1,0
BRDA:16,2,2,0
BRDA:17,3,0,0
BRDA:17,3,1,0
BRDA:17,3,2,0
BRDA:18,4,0,0
BRDA:18,4,1,0
BRDA:18,4,2,0
BRDA:25,5,0,0
BRDA:31,6,0,0
BRDA:31,6,1,0
BRDA:36,7,0,0
BRDA:36,7,1,0
BRDA:40,8,0,0
BRDA:40,8,1,0
BRDA:51,9,0,0
BRDA:51,9,1,0
BRDA:58,10,0,0
BRDA:59,11,0,0
BRDA:59,11,1,0
BRDA:65,12,0,0
BRDA:65,12,1,0
BRDA:97,13,0,0
BRDA:97,13,1,0
BRDA:97,14,0,0
BRDA:97,14,1,0
BRDA:133,15,0,0
BRDA:133,15,1,0
BRF:33
BRH:0
end_of_record
TN:
SF:lambdas/health-ai/symptom-checker.js
FN:25,checkSymptoms
FN:27,(anonymous_1)
FN:49,getBedrockTriage
FN:69,buildTriagePrompt
FN:97,parseTriageResponse
FN:113,logSymptomCheck
FNF:6
FNH:0
FNDA:0,checkSymptoms
FNDA:0,(anonymous_1)
FNDA:0,getBedrockTriage
FNDA:0,buildTriagePrompt
FNDA:0,parseTriageResponse
FNDA:0,logSymptomCheck
DA:6,0
DA:7,0
DA:8,0
DA:9,0
DA:10,0
DA:12,0
DA:26,0
DA:27,0
DA:30,0
DA:31,0
DA:35,0
DA:36,0
DA:38,0
DA:39,0
DA:42,0
DA:43,0
DA:45,0
DA:46,0
DA:50,0
DA:52,0
DA:63,0
DA:64,0
DA:65,0
DA:66,0
DA:70,0
DA:98,0
DA:99,0
DA:100,0
DA:102,0
DA:114,0
DA:115,0
DA:128,0
DA:132,0
LF:33
LH:0
BRDA:13,0,0,0
BRDA:13,0,1,0
BRDA:14,1,0,0
BRDA:14,1,1,0
BRDA:16,2,0,0
BRDA:16,2,1,0
BRDA:16,2,2,0
BRDA:17,3,0,0
BRDA:17,3,1,0
BRDA:17,3,2,0
BRDA:18,4,0,0
BRDA:18,4,1,0
BRDA:18,4,2,0
BRDA:26,5,0,0
BRDA:26,5,1,0
BRDA:27,6,0,0
BRDA:27,6,1,0
BRDA:28,7,0,0
BRDA:28,7,1,0
BRDA:30,8,0,0
BRDA:30,8,1,0
BRDA:30,9,0,0
BRDA:30,9,1,0
BRDA:65,10,0,0
BRDA:65,10,1,0
BRDA:74,11,0,0
BRDA:74,11,1,0
BRDA:75,12,0,0
BRDA:75,12,1,0
BRDA:76,13,0,0
BRDA:76,13,1,0
BRDA:118,14,0,0
BRDA:118,14,1,0
BRF:33
BRH:0
end_of_record
TN:
SF:lambdas/health-directory/govt-portals.js
FN:18,listHealthPortals
FN:41,getHealthPortal
FN:49,checkEligibility
FN:70,getBedrockEligibility
FN:71,(anonymous_4)
FN:120,getRuleBasedEligibility
FNF:6
FNH:0
FNDA:0,listHealthPortals
FNDA:0,getHealthPortal
FNDA:0,checkEligibility
FNDA:0,getBedrockEligibility
FNDA:0,(anonymous_4)
FNDA:0,getRuleBasedEligibility
DA:6,0
DA:7,0
DA:8,0
DA:10,0
DA:19,0
DA:20,0
DA:21,0
DA:23,0
DA:24,0
DA:25,0
DA:27,0
DA:28,0
DA:29,0
DA:30,0
DA:33,0
DA:34,0
DA:35,0
DA:42,0
DA:43,0
DA:50,0
DA:52,0
DA:53,0
DA:56,0
DA:59,0
DA:60,0
DA:62,0
DA:63,0
DA:66,0
DA:67,0
DA:71,0
DA:72,0
DA:75,0
DA:97,0
DA:108,0
DA:109,0
DA:110,0
DA:111,0
DA:113,0
DA:114,0
DA:116,0
DA:121,0
DA:123,0
DA:125,0
DA:126,0
DA:129,0
DA:131,0
DA:132,0
DA:135,0
DA:142,0
LF:49
LH:0
BRDA:11,0,0,0
BRDA:11,0,1,0
BRDA:12,1,0,0
BRDA:12,1,1,0
BRDA:23,2,0,0
BRDA:23,2,1,0
BRDA:27,3,0,0
BRDA:27,3,1,0
BRDA:43,4,0,0
BRDA:43,4,1,0
BRDA:52,5,0,0
BRDA:52,5,1,0
BRDA:52,6,0,0
BRDA:52,6,1,0
BRDA:79,7,0,0
BRDA:79,7,1,0
BRDA:80,8,0,0
BRDA:80,8,1,0
BRDA:82,9,0,0
BRDA:82,9,1,0
BRDA:83,10,0,0
BRDA:83,10,1,0
BRDA:110,11,0,0
BRDA:110,11,1,0
BRDA:125,12,0,0
BRDA:125,12,1,0
BRDA:125,13,0,0
BRDA:125,13,1,0
BRDA:125,13,2,0
BRDA:131,14,0,0
BRDA:131,14,1,0
BRDA:131,15,0,0
BRDA:131,15,1,0
BRDA:131,15,2,0
BRDA:131,15,3,0
BRF:35
BRH:0
end_of_record
TN:
SF:lambdas/health-directory/providers.js
FN:11,listProviders
FN:57,getProvider
FNF:2
FNH:0
FNDA:0,listProviders
FNDA:0,getProvider
DA:6,0
DA:12,0
DA:14,0
DA:15,0
DA:16,0
DA:18,0
DA:19,0
DA:20,0
DA:21,0
DA:23,0
DA:24,0
DA:25,0
DA:27,0
DA:28,0
DA:29,0
DA:30,0
DA:33,0
DA:34,0
DA:35,0
DA:37,0
DA:38,0
DA:39,0
DA:41,0
DA:43,0
DA:58,0
DA:59,0
DA:62,0
LF:27
LH:0
BRDA:11,0,0,0
BRDA:12,1,0,0
BRDA:12,2,0,0
BRDA:18,3,0,0
BRDA:18,3,1,0
BRDA:23,4,0,0
BRDA:23,4,1,0
BRDA:27,5,0,0
BRDA:27,5,1,0
BRDA:35,6,0,0
BRDA:35,6,1,0
BRDA:59,7,0,0
BRDA:59,7,1,0
BRF:13
BRH:0
end_of_record
TN:
SF:lambdas/knowledge-api/content.js
FN:24,getModuleContent
FN:66,translateText
FN:86,getOrGenerateAudio
FN:139,getPresignedUrl
FN:147,chunkText
FN:175,streamToBuffer
FNF:6
FNH:0
FNDA:0,getModuleContent
FNDA:0,translateText
FNDA:0,getOrGenerateAudio
FNDA:0,getPresignedUrl
FNDA:0,chunkText
FNDA:0,streamToBuffer
DA:7,0
DA:8,0
DA:9,0
DA:10,0
DA:11,0
DA:12,0
DA:14,0
DA:15,0
DA:16,0
DA:25,0
DA:33,0
DA:35,0
DA:36,0
DA:37,0
DA:40,0
DA:41,0
DA:45,0
DA:46,0
DA:50,0
DA:51,0
DA:54,0
DA:67,0
DA:68,0
DA:70,0
DA:71,0
DA:76,0
DA:78,0
DA:79,0
DA:87,0
DA:90,0
DA:91,0
DA:92,0
DA:98,0
DA:100,0
DA:102,0
DA:103,0
DA:105,0
DA:106,0
DA:114,0
DA:115,0
DA:119,0
DA:122,0
DA:129,0
DA:131,0
DA:132,0
DA:140,0
DA:141,0
DA:148,0
DA:150,0
DA:151,0
DA:153,0
DA:154,0
DA:155,0
DA:156,0
DA:160,0
DA:161,0
DA:162,0
DA:163,0
DA:165,0
DA:166,0
DA:169,0
DA:176,0
DA:177,0
DA:178,0
DA:180,0
DA:183,0
LF:66
LH:0
BRDA:14,0,0,0
BRDA:14,0,1,0
BRDA:15,1,0,0
BRDA:15,1,1,0
BRDA:16,2,0,0
BRDA:16,2,1,0
BRDA:24,3,0,0
BRDA:24,4,0,0
BRDA:33,5,0,0
BRDA:33,5,1,0
BRDA:40,6,0,0
BRDA:40,6,1,0
BRDA:40,7,0,0
BRDA:40,7,1,0
BRDA:40,7,2,0
BRDA:45,8,0,0
BRDA:45,8,1,0
BRDA:45,9,0,0
BRDA:45,9,1,0
BRDA:50,10,0,0
BRDA:50,10,1,0
BRDA:50,11,0,0
BRDA:50,11,1,0
BRDA:67,12,0,0
BRDA:67,12,1,0
BRDA:68,13,0,0
BRDA:68,13,1,0
BRDA:98,14,0,0
BRDA:98,14,1,0
BRDA:111,15,0,0
BRDA:111,15,1,0
BRDA:111,16,0,0
BRDA:111,16,1,0
BRDA:148,17,0,0
BRDA:148,17,1,0
BRDA:154,18,0,0
BRDA:154,18,1,0
BRDA:161,19,0,0
BRDA:161,19,1,0
BRDA:162,20,0,0
BRDA:162,20,1,0
BRDA:163,21,0,0
BRDA:163,21,1,0
BRF:43
BRH:0
end_of_record
TN:
SF:lambdas/knowledge-api/courses.js
FN:11,listCourses
FN:59,getCourseById
FN:78,createCourse
FN:98,addModule
FNF:4
FNH:0
FNDA:0,listCourses
FNDA:0,getCourseById
FNDA:0,createCourse
FNDA:0,addModule
DA:6,0
DA:12,0
DA:13,0
DA:14,0
DA:16,0
DA:17,0
DA:18,0
DA:20,0
DA:21,0
DA:22,0
DA:24,0
DA:25,0
DA:26,0
DA:28,0
DA:29,0
DA:30,0
DA:31,0
DA:35,0
DA:36,0
DA:39,0
DA:40,0
DA:41,0
DA:43,0
DA:45,0
DA:60,0
DA:61,0
DA:63,0
DA:68,0
DA:82,0
DA:84,0
DA:92,0
DA:99,0
DA:101,0
DA:108,0
DA:111,0
LF:35
LH:0
BRDA:11,0,0,0
BRDA:11,1,0,0
BRDA:16,2,0,0
BRDA:16,2,1,0
BRDA:20,3,0,0
BRDA:20,3,1,0
BRDA:24,4,0,0
BRDA:24,4,1,0
BRDA:28,5,0,0
BRDA:28,5,1,0
BRDA:61,6,0,0
BRDA:61,6,1,0
BRDA:88,7,0,0
BRDA:88,7,1,0
BRDA:88,8,0,0
BRDA:88,8,1,0
BRDA:89,9,0,0
BRDA:89,9,1,0
BRDA:89,10,0,0
BRDA:89,10,1,0
BRDA:89,11,0,0
BRDA:89,11,1,0
BRDA:105,12,0,0
BRDA:105,12,1,0
BRDA:105,13,0,0
BRDA:105,13,1,0
BRF:26
BRH:0
end_of_record
TN:
SF:lambdas/knowledge-api/enrollment.js
FN:14,enrollUser
FN:68,getUserEnrollments
FN:90,(anonymous_2)
FN:101,completeModule
FNF:4
FNH:0
FNDA:0,enrollUser
FNDA:0,getUserEnrollments
FNDA:0,(anonymous_2)
FNDA:0,completeModule
DA:6,0
DA:7,0
DA:8,0
DA:9,0
DA:16,0
DA:17,0
DA:18,0
DA:22,0
DA:27,0
DA:28,0
DA:29,0
DA:30,0
DA:33,0
DA:37,0
DA:41,0
DA:47,0
DA:62,0
DA:69,0
DA:79,0
DA:81,0
DA:82,0
DA:83,0
DA:86,0
DA:88,0
DA:90,0
DA:103,0
DA:108,0
DA:109,0
DA:112,0
DA:115,0
DA:125,0
DA:129,0
DA:135,0
DA:136,0
DA:143,0
DA:146,0
DA:162,0
DA:165,0
LF:38
LH:0
BRDA:17,0,0,0
BRDA:17,0,1,0
BRDA:27,1,0,0
BRDA:27,1,1,0
BRDA:29,2,0,0
BRDA:29,2,1,0
BRDA:68,3,0,0
BRDA:81,4,0,0
BRDA:81,4,1,0
BRDA:92,5,0,0
BRDA:92,5,1,0
BRDA:101,6,0,0
BRDA:101,7,0,0
BRDA:101,8,0,0
BRDA:108,9,0,0
BRDA:108,9,1,0
BRDA:135,10,0,0
BRDA:135,10,1,0
BRF:18
BRH:0
end_of_record
TN:
SF:lambdas/knowledge-api/govt-integration.js
FN:51,listGovtCourses
FN:84,(anonymous_1)
FN:96,getGovtCourseById
FN:115,syncGovtCourses
FN:140,getAvailablePortals
FN:141,(anonymous_5)
FNF:6
FNH:0
FNDA:0,listGovtCourses
FNDA:0,(anonymous_1)
FNDA:0,getGovtCourseById
FNDA:0,syncGovtCourses
FNDA:0,getAvailablePortals
FNDA:0,(anonymous_5)
DA:7,0
DA:10,0
DA:52,0
DA:53,0
DA:54,0
DA:56,0
DA:57,0
DA:58,0
DA:60,0
DA:61,0
DA:62,0
DA:64,0
DA:65,0
DA:66,0
DA:68,0
DA:69,0
DA:70,0
DA:71,0
DA:74,0
DA:75,0
DA:77,0
DA:78,0
DA:79,0
DA:81,0
DA:83,0
DA:84,0
DA:97,0
DA:101,0
DA:103,0
DA:104,0
DA:118,0
DA:119,0
DA:121,0
DA:122,0
DA:123,0
DA:126,0
DA:127,0
DA:129,0
DA:141,0
DA:147,0
LF:40
LH:0
BRDA:51,0,0,0
BRDA:51,1,0,0
BRDA:56,2,0,0
BRDA:56,2,1,0
BRDA:60,3,0,0
BRDA:60,3,1,0
BRDA:64,4,0,0
BRDA:64,4,1,0
BRDA:68,5,0,0
BRDA:68,5,1,0
BRDA:86,6,0,0
BRDA:86,6,1,0
BRDA:101,7,0,0
BRDA:101,7,1,0
BRDA:106,8,0,0
BRDA:106,8,1,0
BRDA:115,9,0,0
BRDA:121,10,0,0
BRDA:121,10,1,0
BRDA:131,11,0,0
BRDA:131,11,1,0
BRF:21
BRH:0
end_of_record
TN:
SF:lambdas/knowledge-api/index.js
FN:13,(anonymous_0)
FNF:1
FNH:0
FNDA:0,(anonymous_0)
DA:6,0
DA:7,0
DA:8,0
DA:9,0
DA:10,0
DA:11,0
DA:13,0
DA:14,0
DA:16,0
DA:17,0
DA:18,0
DA:19,0
DA:20,0
DA:22,0
DA:24,0
DA:25,0
DA:33,0
DA:36,0
DA:37,0
DA:38,0
DA:39,0
DA:40,0
DA:43,0
DA:44,0
DA:45,0
DA:49,0
DA:50,0
DA:51,0
DA:52,0
DA:53,0
DA:55,0
DA:56,0
DA:57,0
DA:61,0
DA:62,0
DA:63,0
DA:67,0
DA:68,0
DA:69,0
DA:70,0
DA:71,0
DA:72,0
DA:73,0
DA:75,0
DA:76,0
DA:81,0
DA:82,0
DA:83,0
DA:84,0
DA:87,0
DA:88,0
DA:89,0
DA:94,0
DA:97,0
DA:106,0
DA:107,0
DA:115,0
DA:118,0
DA:119,0
DA:122,0
DA:123,0
DA:124,0
DA:127,0
DA:128,0
DA:133,0
DA:136,0
DA:139,0
DA:140,0
LF:68
LH:0
BRDA:16,0,0,0
BRDA:16,0,1,0
BRDA:17,1,0,0
BRDA:17,1,1,0
BRDA:18,2,0,0
BRDA:18,2,1,0
BRDA:18,2,2,0
BRDA:19,3,0,0
BRDA:19,3,1,0
BRDA:20,4,0,0
BRDA:20,4,1,0
BRDA:24,5,0,0
BRDA:24,5,1,0
BRDA:24,6,0,0
BRDA:24,6,1,0
BRDA:30,7,0,0
BRDA:30,7,1,0
BRDA:31,8,0,0
BRDA:31,8,1,0
BRDA:36,9,0,0
BRDA:36,9,1,0
BRDA:36,10,0,0
BRDA:36,10,1,0
BRDA:39,11,0,0
BRDA:39,11,1,0
BRDA:43,12,0,0
BRDA:43,12,1,0
BRDA:43,13,0,0
BRDA:43,13,1,0
BRDA:49,14,0,0
BRDA:49,14,1,0
BRDA:49,15,0,0
BRDA:49,15,1,0
BRDA:55,16,0,0
BRDA:55,16,1,0
BRDA:56,17,0,0
BRDA:56,17,1,0
BRDA:61,18,0,0
BRDA:61,18,1,0
BRDA:61,19,0,0
BRDA:61,19,1,0
BRDA:67,20,0,0
BRDA:67,20,1,0
BRDA:67,21,0,0
BRDA:67,21,1,0
BRDA:75,22,0,0
BRDA:75,22,1,0
BRDA:81,23,0,0
BRDA:81,23,1,0
BRDA:81,24,0,0
BRDA:81,24,1,0
BRDA:84,25,0,0
BRDA:84,25,1,0
BRDA:91,26,0,0
BRDA:91,26,1,0
BRDA:94,27,0,0
BRDA:94,27,1,0
BRDA:100,28,0,0
BRDA:100,28,1,0
BRDA:106,29,0,0
BRDA:106,29,1,0
BRDA:106,30,0,0
BRDA:106,30,1,0
BRDA:112,31,0,0
BRDA:112,31,1,0
BRDA:113,32,0,0
BRDA:113,32,1,0
BRDA:118,33,0,0
BRDA:118,33,1,0
BRDA:118,34,0,0
BRDA:118,34,1,0
BRDA:122,35,0,0
BRDA:122,35,1,0
BRDA:122,36,0,0
BRDA:122,36,1,0
BRDA:127,37,0,0
BRDA:127,37,1,0
BRDA:127,38,0,0
BRDA:127,38,1,0
BRDA:130,39,0,0
BRDA:130,39,1,0
BRDA:131,40,0,0
BRDA:131,40,1,0
BRF:83
BRH:0
end_of_record
TN:
SF:lambdas/learning-path/analytics.js
FN:13,getProgressSummary
FN:93,analyzeActivity
FN:107,(anonymous_2)
FN:111,(anonymous_3)
FN:122,(anonymous_4)
FN:129,(anonymous_5)
FN:132,(anonymous_6)
FN:135,(anonymous_7)
FN:167,shouldRefreshRecommendations
FNF:9
FNH:0
FNDA:0,getProgressSummary
FNDA:0,analyzeActivity
FNDA:0,(anonymous_2)
FNDA:0,(anonymous_3)
FNDA:0,(anonymous_4)
FNDA:0,(anonymous_5)
FNDA:0,(anonymous_6)
FNDA:0,(anonymous_7)
FNDA:0,shouldRefreshRecommendations
DA:7,0
DA:8,0
DA:15,0
DA:27,0
DA:39,0
DA:53,0
DA:61,0
DA:64,0
DA:66,0
DA:67,0
DA:69,0
DA:94,0
DA:95,0
DA:106,0
DA:107,0
DA:110,0
DA:111,0
DA:113,0
DA:114,0
DA:115,0
DA:116,0
DA:117,0
DA:118,0
DA:122,0
DA:123,0
DA:124,0
DA:125,0
DA:128,0
DA:129,0
DA:130,0
DA:132,0
DA:135,0
DA:136,0
DA:139,0
DA:140,0
DA:141,0
DA:143,0
DA:144,0
DA:146,0
DA:147,0
DA:149,0
DA:150,0
DA:153,0
DA:168,0
DA:176,0
DA:178,0
DA:179,0
DA:182,0
DA:185,0
DA:190,0
DA:193,0
LF:51
LH:0
BRDA:61,0,0,0
BRDA:61,0,1,0
BRDA:66,1,0,0
BRDA:66,1,1,0
BRDA:67,2,0,0
BRDA:67,2,1,0
BRDA:72,3,0,0
BRDA:72,3,1,0
BRDA:73,4,0,0
BRDA:73,4,1,0
BRDA:74,5,0,0
BRDA:74,5,1,0
BRDA:75,6,0,0
BRDA:75,6,1,0
BRDA:76,7,0,0
BRDA:76,7,1,0
BRDA:79,8,0,0
BRDA:79,8,1,0
BRDA:80,9,0,0
BRDA:80,9,1,0
BRDA:81,10,0,0
BRDA:81,10,1,0
BRDA:82,11,0,0
BRDA:82,11,1,0
BRDA:94,12,0,0
BRDA:94,12,1,0
BRDA:117,13,0,0
BRDA:117,13,1,0
BRDA:118,14,0,0
BRDA:118,14,1,0
BRDA:122,15,0,0
BRDA:122,15,1,0
BRDA:124,16,0,0
BRDA:124,16,1,0
BRDA:125,17,0,0
BRDA:125,17,1,0
BRDA:130,18,0,0
BRDA:130,18,1,0
BRDA:140,19,0,0
BRDA:140,19,1,0
BRDA:143,20,0,0
BRDA:143,20,1,0
BRDA:146,21,0,0
BRDA:146,21,1,0
BRDA:149,22,0,0
BRDA:149,22,1,0
BRDA:176,23,0,0
BRDA:176,23,1,0
BRDA:182,24,0,0
BRDA:182,24,1,0
BRDA:190,25,0,0
BRDA:190,25,1,0
BRF:52
BRH:0
end_of_record
TN:
SF:lambdas/learning-path/index.js
FN:11,(anonymous_0)
FNF:1
FNH:0
FNDA:0,(anonymous_0)
DA:6,0
DA:7,0
DA:8,0
DA:9,0
DA:11,0
DA:12,0
DA:14,0
DA:15,0
DA:16,0
DA:17,0
DA:18,0
DA:20,0
DA:22,0
DA:23,0
DA:24,0
DA:25,0
DA:29,0
DA:30,0
DA:31,0
DA:32,0
DA:35,0
DA:36,0
DA:37,0
DA:39,0
DA:40,0
DA:44,0
DA:45,0
DA:46,0
DA:50,0
DA:51,0
DA:52,0
DA:55,0
DA:58,0
DA:59,0
LF:34
LH:0
BRDA:14,0,0,0
BRDA:14,0,1,0
BRDA:15,1,0,0
BRDA:15,1,1,0
BRDA:16,2,0,0
BRDA:16,2,1,0
BRDA:16,2,2,0
BRDA:17,3,0,0
BRDA:17,3,1,0
BRDA:18,4,0,0
BRDA:18,4,1,0
BRDA:22,5,0,0
BRDA:22,5,1,0
BRDA:22,6,0,0
BRDA:22,6,1,0
BRDA:29,7,0,0
BRDA:29,7,1,0
BRDA:29,8,0,0
BRDA:29,8,1,0
BRDA:31,9,0,0
BRDA:31,9,1,0
BRDA:35,10,0,0
BRDA:35,10,1,0
BRDA:35,11,0,0
BRDA:35,11,1,0
BRDA:36,12,0,0
BRDA:36,12,1,0
BRDA:36,13,0,0
BRDA:36,13,1,0
BRDA:36,13,2,0
BRDA:44,14,0,0
BRDA:44,14,1,0
BRDA:44,15,0,0
BRDA:44,15,1,0
BRDA:50,16,0,0
BRDA:50,16,1,0
BRDA:50,17,0,0
BRDA:50,17,1,0
BRF:38
BRH:0
end_of_record
TN:
SF:lambdas/learning-path/learning-profile.js
FN:12,upsertLearningProfile
FN:104,getLearningProfile
FN:116,updateProfileStats
FNF:3
FNH:0
FNDA:0,upsertLearningProfile
FNDA:0,getLearningProfile
FNDA:0,updateProfileStats
DA:6,0
DA:7,0
DA:13,0
DA:16,0
DA:22,0
DA:24,0
DA:25,0
DA:26,0
DA:28,0
DA:29,0
DA:30,0
DA:31,0
DA:33,0
DA:34,0
DA:35,0
DA:37,0
DA:38,0
DA:39,0
DA:41,0
DA:42,0
DA:43,0
DA:45,0
DA:46,0
DA:47,0
DA:49,0
DA:50,0
DA:51,0
DA:53,0
DA:54,0
DA:55,0
DA:56,0
DA:59,0
DA:61,0
DA:70,0
DA:74,0
DA:93,0
DA:98,0
DA:105,0
DA:110,0
DA:117,0
DA:119,0
DA:133,0
LF:42
LH:0
BRDA:22,0,0,0
BRDA:22,0,1,0
BRDA:28,1,0,0
BRDA:28,1,1,0
BRDA:33,2,0,0
BRDA:33,2,1,0
BRDA:37,3,0,0
BRDA:37,3,1,0
BRDA:41,4,0,0
BRDA:41,4,1,0
BRDA:45,5,0,0
BRDA:45,5,1,0
BRDA:49,6,0,0
BRDA:49,6,1,0
BRDA:53,7,0,0
BRDA:53,7,1,0
BRDA:66,8,0,0
BRDA:66,8,1,0
BRDA:76,9,0,0
BRDA:76,9,1,0
BRDA:77,10,0,0
BRDA:77,10,1,0
BRDA:78,11,0,0
BRDA:78,11,1,0
BRDA:79,12,0,0
BRDA:79,12,1,0
BRDA:80,13,0,0
BRDA:80,13,1,0
BRDA:81,14,0,0
BRDA:81,14,1,0
BRDA:82,15,0,0
BRDA:82,15,1,0
BRDA:110,16,0,0
BRDA:110,16,1,0
BRDA:116,17,0,0
BRDA:116,18,0,0
BRF:36
BRH:0
end_of_record
TN:
SF:lambdas/learning-path/recommendations.js
FN:19,generateRecommendations
FN:72,getLatestRecommendations
FN:108,buildRecommendationPrompt
FN:121,(anonymous_3)
FN:124,(anonymous_4)
FN:127,(anonymous_5)
FN:151,getBedrockRecommendations
FN:176,generateFallbackRecommendations
FN:177,(anonymous_8)
FN:177,(anonymous_9)
FN:178,(anonymous_10)
FN:183,(anonymous_11)
FN:184,(anonymous_12)
FN:192,(anonymous_13)
FN:196,(anonymous_14)
FN:215,getUserProfile
FN:224,getEnrollmentHistory
FN:233,(anonymous_17)
FN:239,getRecentInteractions
FN:250,getAvailableCourses
FNF:20
FNH:0
FNDA:0,generateRecommendations
FNDA:0,getLatestRecommendations
FNDA:0,buildRecommendationPrompt
FNDA:0,(anonymous_3)
FNDA:0,(anonymous_4)
FNDA:0,(anonymous_5)
FNDA:0,getBedrockRecommendations
FNDA:0,generateFallbackRecommendations
FNDA:0,(anonymous_8)
FNDA:0,(anonymous_9)
FNDA:0,(anonymous_10)
FNDA:0,(anonymous_11)
FNDA:0,(anonymous_12)
FNDA:0,(anonymous_13)
FNDA:0,(anonymous_14)
FNDA:0,getUserProfile
FNDA:0,getEnrollmentHistory
FNDA:0,(anonymous_17)
FNDA:0,getRecentInteractions
FNDA:0,getAvailableCourses
DA:8,0
DA:9,0
DA:10,0
DA:11,0
DA:13,0
DA:14,0
DA:21,0
DA:22,0
DA:23,0
DA:24,0
DA:27,0
DA:31,0
DA:32,0
DA:34,0
DA:35,0
DA:39,0
DA:40,0
DA:42,0
DA:57,0
DA:73,0
DA:75,0
DA:83,0
DA:84,0
DA:85,0
DA:86,0
DA:87,0
DA:102,0
DA:109,0
DA:121,0
DA:124,0
DA:127,0
DA:152,0
DA:163,0
DA:164,0
DA:165,0
DA:167,0
DA:168,0
DA:170,0
DA:177,0
DA:178,0
DA:179,0
DA:180,0
DA:182,0
DA:183,0
DA:185,0
DA:186,0
DA:187,0
DA:188,0
DA:189,0
DA:190,0
DA:192,0
DA:195,0
DA:196,0
DA:216,0
DA:221,0
DA:225,0
DA:233,0
DA:240,0
DA:247,0
DA:251,0
DA:255,0
DA:258,0
LF:62
LH:0
BRDA:13,0,0,0
BRDA:13,0,1,0
BRDA:14,1,0,0
BRDA:14,1,1,0
BRDA:47,2,0,0
BRDA:47,2,1,0
BRDA:48,3,0,0
BRDA:48,3,1,0
BRDA:49,4,0,0
BRDA:49,4,1,0
BRDA:50,5,0,0
BRDA:50,5,1,0
BRDA:61,6,0,0
BRDA:61,6,1,0
BRDA:62,7,0,0
BRDA:62,7,1,0
BRDA:63,8,0,0
BRDA:63,8,1,0
BRDA:72,9,0,0
BRDA:73,10,0,0
BRDA:73,10,1,0
BRDA:84,11,0,0
BRDA:84,11,1,0
BRDA:86,12,0,0
BRDA:86,12,1,0
BRDA:113,13,0,0
BRDA:113,13,1,0
BRDA:114,14,0,0
BRDA:114,14,1,0
BRDA:115,15,0,0
BRDA:115,15,1,0
BRDA:116,16,0,0
BRDA:116,16,1,0
BRDA:117,17,0,0
BRDA:117,17,1,0
BRDA:118,18,0,0
BRDA:118,18,1,0
BRDA:121,19,0,0
BRDA:121,19,1,0
BRDA:121,20,0,0
BRDA:121,20,1,0
BRDA:164,21,0,0
BRDA:164,21,1,0
BRDA:167,22,0,0
BRDA:167,22,1,0
BRDA:179,23,0,0
BRDA:179,23,1,0
BRDA:180,24,0,0
BRDA:180,24,1,0
BRDA:186,25,0,0
BRDA:186,25,1,0
BRDA:187,26,0,0
BRDA:187,26,1,0
BRDA:188,27,0,0
BRDA:188,27,1,0
BRDA:188,28,0,0
BRDA:188,28,1,0
BRDA:189,29,0,0
BRDA:189,29,1,0
BRDA:189,30,0,0
BRDA:189,30,1,0
BRDA:203,31,0,0
BRDA:203,31,1,0
BRDA:221,32,0,0
BRDA:221,32,1,0
BRDA:235,33,0,0
BRDA:235,33,1,0
BRDA:247,34,0,0
BRDA:247,34,1,0
BRF:69
BRH:0
end_of_record
TN:
SF:lambdas/livelihood/livelihood.js
FN:7,listCategories
FN:17,listGuidance
FN:44,getGuidanceById
FNF:3
FNH:0
FNDA:0,listCategories
FNDA:0,listGuidance
FNDA:0,getGuidanceById
DA:5,0
DA:8,0
DA:14,0
DA:18,0
DA:19,0
DA:20,0
DA:22,0
DA:23,0
DA:24,0
DA:25,0
DA:28,0
DA:29,0
DA:30,0
DA:32,0
DA:33,0
DA:41,0
DA:45,0
DA:51,0
DA:54,0
LF:19
LH:0
BRDA:17,0,0,0
BRDA:17,1,0,0
BRDA:22,2,0,0
BRDA:22,2,1,0
BRDA:23,3,0,0
BRDA:23,3,1,0
BRDA:28,4,0,0
BRDA:28,4,1,0
BRDA:51,5,0,0
BRDA:51,5,1,0
BRF:10
BRH:0
end_of_record
TN:
SF:lambdas/logistics/collective-bargaining.js
FN:16,createGroup
FN:48,joinGroup
FN:85,getGroupById
FN:112,searchGroups
FN:132,(anonymous_4)
FN:140,suggestGroupsForFarmer
FN:164,(anonymous_6)
FN:165,(anonymous_7)
FN:197,getAINegotiationStrategy
FN:201,(anonymous_9)
FN:201,(anonymous_10)
FN:201,(anonymous_11)
FN:233,calculateBargainingPower
FNF:13
FNH:0
FNDA:0,createGroup
FNDA:0,joinGroup
FNDA:0,getGroupById
FNDA:0,searchGroups
FNDA:0,(anonymous_4)
FNDA:0,suggestGroupsForFarmer
FNDA:0,(anonymous_6)
FNDA:0,(anonymous_7)
FNDA:0,getAINegotiationStrategy
FNDA:0,(anonymous_9)
FNDA:0,(anonymous_10)
FNDA:0,(anonymous_11)
FNDA:0,calculateBargainingPower
DA:7,0
DA:8,0
DA:10,0
DA:11,0
DA:20,0
DA:22,0
DA:32,0
DA:35,0
DA:36,0
DA:42,0
DA:49,0
DA:51,0
DA:52,0
DA:53,0
DA:54,0
DA:58,0
DA:62,0
DA:64,0
DA:70,0
DA:79,0
DA:86,0
DA:87,0
DA:89,0
DA:95,0
DA:101,0
DA:113,0
DA:114,0
DA:115,0
DA:116,0
DA:118,0
DA:119,0
DA:120,0
DA:122,0
DA:123,0
DA:125,0
DA:126,0
DA:127,0
DA:129,0
DA:131,0
DA:132,0
DA:142,0
DA:147,0
DA:148,0
DA:152,0
DA:153,0
DA:154,0
DA:163,0
DA:164,0
DA:165,0
DA:168,0
DA:169,0
DA:170,0
DA:172,0
DA:175,0
DA:191,0
DA:198,0
DA:201,0
DA:213,0
DA:224,0
DA:225,0
DA:226,0
DA:227,0
DA:234,0
DA:235,0
DA:238,0
DA:239,0
DA:240,0
DA:241,0
DA:242,0
DA:244,0
DA:245,0
DA:246,0
DA:248,0
DA:249,0
DA:251,0
DA:254,0
LF:76
LH:0
BRDA:10,0,0,0
BRDA:10,0,1,0
BRDA:11,1,0,0
BRDA:11,1,1,0
BRDA:29,2,0,0
BRDA:29,2,1,0
BRDA:35,3,0,0
BRDA:35,3,1,0
BRDA:52,4,0,0
BRDA:52,4,1,0
BRDA:53,5,0,0
BRDA:53,5,1,0
BRDA:53,6,0,0
BRDA:53,6,1,0
BRDA:62,7,0,0
BRDA:62,7,1,0
BRDA:87,8,0,0
BRDA:87,8,1,0
BRDA:104,9,0,0
BRDA:104,9,1,0
BRDA:112,10,0,0
BRDA:113,11,0,0
BRDA:113,12,0,0
BRDA:113,13,0,0
BRDA:118,14,0,0
BRDA:118,14,1,0
BRDA:119,15,0,0
BRDA:119,15,1,0
BRDA:120,16,0,0
BRDA:120,16,1,0
BRDA:147,17,0,0
BRDA:147,17,1,0
BRDA:163,18,0,0
BRDA:163,18,1,0
BRDA:165,19,0,0
BRDA:165,19,1,0
BRDA:165,20,0,0
BRDA:165,20,1,0
BRDA:182,21,0,0
BRDA:182,21,1,0
BRDA:184,22,0,0
BRDA:184,22,1,0
BRDA:199,23,0,0
BRDA:199,23,1,0
BRDA:201,24,0,0
BRDA:201,24,1,0
BRDA:201,25,0,0
BRDA:201,25,1,0
BRDA:225,26,0,0
BRDA:225,26,1,0
BRDA:227,27,0,0
BRDA:227,27,1,0
BRDA:234,28,0,0
BRDA:234,28,1,0
BRDA:235,29,0,0
BRDA:235,29,1,0
BRDA:239,30,0,0
BRDA:239,30,1,0
BRDA:240,31,0,0
BRDA:240,31,1,0
BRDA:241,32,0,0
BRDA:241,32,1,0
BRDA:244,33,0,0
BRDA:244,33,1,0
BRDA:245,34,0,0
BRDA:245,34,1,0
BRDA:248,35,0,0
BRDA:248,35,1,0
BRDA:249,36,0,0
BRDA:249,36,1,0
BRF:70
BRH:0
end_of_record
TN:
SF:lambdas/logistics/index.js
FN:10,(anonymous_0)
FNF:1
FNH:0
FNDA:0,(anonymous_0)
DA:6,0
DA:7,0
DA:8,0
DA:10,0
DA:11,0
DA:13,0
DA:14,0
DA:15,0
DA:16,0
DA:17,0
DA:19,0
DA:23,0
DA:24,0
DA:25,0
DA:26,0
DA:30,0
DA:31,0
DA:35,0
DA:39,0
DA:40,0
DA:41,0
DA:42,0
DA:43,0
DA:47,0
DA:48,0
DA:49,0
DA:50,0
DA:51,0
DA:52,0
DA:54,0
DA:55,0
DA:56,0
DA:57,0
DA:62,0
DA:63,0
DA:64,0
DA:70,0
DA:71,0
DA:72,0
DA:73,0
DA:77,0
DA:78,0
DA:79,0
DA:83,0
DA:84,0
DA:85,0
DA:86,0
DA:87,0
DA:91,0
DA:92,0
DA:93,0
DA:94,0
DA:95,0
DA:99,0
DA:100,0
DA:104,0
DA:105,0
DA:106,0
DA:110,0
DA:118,0
DA:120,0
DA:121,0
LF:62
LH:0
BRDA:13,0,0,0
BRDA:13,0,1,0
BRDA:14,1,0,0
BRDA:14,1,1,0
BRDA:15,2,0,0
BRDA:15,2,1,0
BRDA:15,2,2,0
BRDA:16,3,0,0
BRDA:16,3,1,0
BRDA:17,4,0,0
BRDA:17,4,1,0
BRDA:23,5,0,0
BRDA:23,5,1,0
BRDA:23,6,0,0
BRDA:23,6,1,0
BRDA:24,7,0,0
BRDA:24,7,1,0
BRDA:24,8,0,0
BRDA:24,8,1,0
BRDA:30,9,0,0
BRDA:30,9,1,0
BRDA:30,10,0,0
BRDA:30,10,1,0
BRDA:32,11,0,0
BRDA:32,11,1,0
BRDA:33,12,0,0
BRDA:33,12,1,0
BRDA:33,13,0,0
BRDA:33,13,1,0
BRDA:39,14,0,0
BRDA:39,14,1,0
BRDA:39,15,0,0
BRDA:39,15,1,0
BRDA:42,16,0,0
BRDA:42,16,1,0
BRDA:47,17,0,0
BRDA:47,17,1,0
BRDA:47,18,0,0
BRDA:47,18,1,0
BRDA:49,19,0,0
BRDA:49,19,1,0
BRDA:54,20,0,0
BRDA:54,20,1,0
BRDA:55,21,0,0
BRDA:55,21,1,0
BRDA:56,22,0,0
BRDA:56,22,1,0
BRDA:62,23,0,0
BRDA:62,23,1,0
BRDA:62,24,0,0
BRDA:62,24,1,0
BRDA:70,25,0,0
BRDA:70,25,1,0
BRDA:70,26,0,0
BRDA:70,26,1,0
BRDA:71,27,0,0
BRDA:71,27,1,0
BRDA:71,28,0,0
BRDA:71,28,1,0
BRDA:77,29,0,0
BRDA:77,29,1,0
BRDA:77,30,0,0
BRDA:77,30,1,0
BRDA:83,31,0,0
BRDA:83,31,1,0
BRDA:83,32,0,0
BRDA:83,32,1,0
BRDA:86,33,0,0
BRDA:86,33,1,0
BRDA:91,34,0,0
BRDA:91,34,1,0
BRDA:91,35,0,0
BRDA:91,35,1,0
BRDA:94,36,0,0
BRDA:94,36,1,0
BRDA:99,37,0,0
BRDA:99,37,1,0
BRDA:99,38,0,0
BRDA:99,38,1,0
BRDA:104,39,0,0
BRDA:104,39,1,0
BRDA:104,40,0,0
BRDA:104,40,1,0
BRDA:105,41,0,0
BRDA:105,41,1,0
BRDA:107,42,0,0
BRDA:107,42,1,0
BRDA:107,43,0,0
BRDA:107,43,1,0
BRDA:113,44,0,0
BRDA:113,44,1,0
BRF:91
BRH:0
end_of_record
TN:
SF:lambdas/logistics/transport.js
FN:12,createRequest
FN:47,getUserRequests
FN:59,getRequestById
FN:73,updateRequest
FN:107,getVehicleTypes
FN:121,estimateTransportCost
FN:156,haversineDistance
FNF:7
FNH:0
FNDA:0,createRequest
FNDA:0,getUserRequests
FNDA:0,getRequestById
FNDA:0,updateRequest
FNDA:0,getVehicleTypes
FNDA:0,estimateTransportCost
FNDA:0,haversineDistance
DA:7,0
DA:18,0
DA:21,0
DA:27,0
DA:41,0
DA:48,0
DA:49,0
DA:50,0
DA:51,0
DA:52,0
DA:53,0
DA:60,0
DA:67,0
DA:74,0
DA:75,0
DA:76,0
DA:77,0
DA:79,0
DA:80,0
DA:81,0
DA:82,0
DA:84,0
DA:85,0
DA:91,0
DA:92,0
DA:93,0
DA:94,0
DA:101,0
DA:108,0
DA:122,0
DA:130,0
DA:133,0
DA:135,0
DA:136,0
DA:140,0
DA:141,0
DA:143,0
DA:147,0
DA:148,0
DA:150,0
DA:157,0
DA:158,0
DA:159,0
DA:160,0
DA:163,0
DA:164,0
DA:167,0
LF:47
LH:0
BRDA:37,0,0,0
BRDA:37,0,1,0
BRDA:47,1,0,0
BRDA:50,2,0,0
BRDA:50,2,1,0
BRDA:67,3,0,0
BRDA:67,3,1,0
BRDA:79,4,0,0
BRDA:79,4,1,0
BRDA:80,5,0,0
BRDA:80,5,1,0
BRDA:81,6,0,0
BRDA:81,6,1,0
BRDA:82,7,0,0
BRDA:82,7,1,0
BRDA:91,8,0,0
BRDA:91,8,1,0
BRDA:93,9,0,0
BRDA:93,9,1,0
BRDA:101,10,0,0
BRDA:101,10,1,0
BRDA:121,11,0,0
BRDA:130,12,0,0
BRDA:130,12,1,0
BRDA:135,13,0,0
BRDA:135,13,1,0
BRDA:135,14,0,0
BRDA:135,14,1,0
BRDA:135,14,2,0
BRDA:135,14,3,0
BRDA:140,15,0,0
BRDA:140,15,1,0
BRDA:147,16,0,0
BRDA:147,16,1,0
BRF:34
BRH:0
end_of_record
TN:
SF:lambdas/market-data/alerts.js
FN:31,toFiniteNumber
FN:36,normalizeAlert
FN:70,toStorageAlert
FN:85,logStorageFallback
FN:90,withAlertStoreFallback
FN:99,ensureAlertsTable
FN:103,insertAlertPostgres
FN:126,selectUserAlertsPostgres
FN:138,deleteAlertPostgres
FN:144,scanActiveAlertsPostgres
FN:158,subscribePriceAlert
FN:175,(anonymous_11)
FN:182,(anonymous_12)
FN:189,getUserAlerts
FN:193,(anonymous_14)
FN:201,(anonymous_15)
FN:212,deleteAlert
FN:215,(anonymous_17)
FN:222,(anonymous_18)
FN:230,dispatchPriceAlerts
FN:236,(anonymous_20)
FN:244,(anonymous_21)
FN:250,(anonymous_22)
FNF:23
FNH:0
FNDA:0,toFiniteNumber
FNDA:0,normalizeAlert
FNDA:0,toStorageAlert
FNDA:0,logStorageFallback
FNDA:0,withAlertStoreFallback
FNDA:0,ensureAlertsTable
FNDA:0,insertAlertPostgres
FNDA:0,selectUserAlertsPostgres
FNDA:0,deleteAlertPostgres
FNDA:0,scanActiveAlertsPostgres
FNDA:0,subscribePriceAlert
FNDA:0,(anonymous_11)
FNDA:0,(anonymous_12)
FNDA:0,getUserAlerts
FNDA:0,(anonymous_14)
FNDA:0,(anonymous_15)
FNDA:0,deleteAlert
FNDA:0,(anonymous_17)
FNDA:0,(anonymous_18)
FNDA:0,dispatchPriceAlerts
FNDA:0,(anonymous_20)
FNDA:0,(anonymous_21)
FNDA:0,(anonymous_22)
DA:7,0
DA:8,0
DA:9,0
DA:10,0
DA:12,0
DA:13,0
DA:15,0
DA:32,0
DA:33,0
DA:37,0
DA:38,0
DA:39,0
DA:40,0
DA:43,0
DA:44,0
DA:59,0
DA:60,0
DA:63,0
DA:64,0
DA:67,0
DA:71,0
DA:86,0
DA:87,0
DA:91,0
DA:92,0
DA:94,0
DA:95,0
DA:100,0
DA:104,0
DA:105,0
DA:123,0
DA:127,0
DA:128,0
DA:135,0
DA:139,0
DA:140,0
DA:141,0
DA:145,0
DA:146,0
DA:152,0
DA:159,0
DA:160,0
DA:173,0
DA:176,0
DA:180,0
DA:182,0
DA:190,0
DA:191,0
DA:194,0
DA:199,0
DA:201,0
DA:204,0
DA:205,0
DA:213,0
DA:216,0
DA:220,0
DA:222,0
DA:231,0
DA:233,0
DA:234,0
DA:237,0
DA:242,0
DA:244,0
DA:247,0
DA:249,0
DA:250,0
DA:251,0
DA:256,0
DA:257,0
DA:258,0
DA:259,0
DA:281,0
DA:283,0
DA:288,0
DA:290,0
DA:291,0
DA:295,0
LF:77
LH:0
BRDA:12,0,0,0
BRDA:12,0,1,0
BRDA:13,1,0,0
BRDA:13,1,1,0
BRDA:33,2,0,0
BRDA:33,2,1,0
BRDA:37,3,0,0
BRDA:37,3,1,0
BRDA:37,3,2,0
BRDA:37,3,3,0
BRDA:38,4,0,0
BRDA:38,4,1,0
BRDA:38,4,2,0
BRDA:39,5,0,0
BRDA:39,5,1,0
BRDA:40,6,0,0
BRDA:40,6,1,0
BRDA:42,7,0,0
BRDA:42,7,1,0
BRDA:43,8,0,0
BRDA:43,8,1,0
BRDA:49,9,0,0
BRDA:49,9,1,0
BRDA:49,9,2,0
BRDA:50,10,0,0
BRDA:50,10,1,0
BRDA:51,11,0,0
BRDA:51,11,1,0
BRDA:52,12,0,0
BRDA:52,12,1,0
BRDA:52,12,2,0
BRDA:53,13,0,0
BRDA:53,13,1,0
BRDA:54,14,0,0
BRDA:54,14,1,0
BRDA:59,15,0,0
BRDA:59,15,1,0
BRDA:59,16,0,0
BRDA:59,16,1,0
BRDA:60,17,0,0
BRDA:60,17,1,0
BRDA:63,18,0,0
BRDA:63,18,1,0
BRDA:78,19,0,0
BRDA:78,19,1,0
BRDA:79,20,0,0
BRDA:79,20,1,0
BRDA:86,21,0,0
BRDA:86,21,1,0
BRDA:86,21,2,0
BRDA:118,22,0,0
BRDA:118,22,1,0
BRDA:119,23,0,0
BRDA:119,23,1,0
BRDA:159,24,0,0
BRDA:159,25,0,0
BRDA:164,26,0,0
BRDA:164,26,1,0
BRDA:199,27,0,0
BRDA:199,27,1,0
BRDA:204,28,0,0
BRDA:204,28,1,0
BRDA:231,29,0,0
BRDA:231,29,1,0
BRDA:231,30,0,0
BRDA:231,30,1,0
BRDA:242,31,0,0
BRDA:242,31,1,0
BRDA:251,32,0,0
BRDA:251,32,1,0
BRDA:251,32,2,0
BRDA:251,32,3,0
BRDA:258,33,0,0
BRDA:258,33,1,0
BRDA:272,34,0,0
BRDA:272,34,1,0
BRDA:290,35,0,0
BRDA:290,35,1,0
BRF:78
BRH:0
end_of_record
TN:
SF:lambdas/market-data/index.js
FN:11,(anonymous_0)
FNF:1
FNH:0
FNDA:0,(anonymous_0)
DA:6,0
DA:7,0
DA:8,0
DA:9,0
DA:11,0
DA:12,0
DA:14,0
DA:15,0
DA:16,0
DA:17,0
DA:18,0
DA:20,0
DA:24,0
DA:25,0
DA:26,0
DA:29,0
DA:33,0
DA:34,0
DA:35,0
DA:39,0
DA:43,0
DA:44,0
DA:45,0
DA:49,0
DA:50,0
DA:51,0
DA:52,0
DA:56,0
DA:57,0
DA:58,0
DA:59,0
DA:65,0
DA:66,0
DA:67,0
DA:68,0
DA:72,0
DA:73,0
DA:74,0
DA:78,0
DA:79,0
DA:80,0
DA:81,0
DA:85,0
DA:86,0
DA:87,0
DA:88,0
DA:89,0
DA:92,0
DA:94,0
DA:95,0
LF:50
LH:0
BRDA:14,0,0,0
BRDA:14,0,1,0
BRDA:15,1,0,0
BRDA:15,1,1,0
BRDA:16,2,0,0
BRDA:16,2,1,0
BRDA:16,2,2,0
BRDA:17,3,0,0
BRDA:17,3,1,0
BRDA:18,4,0,0
BRDA:18,4,1,0
BRDA:24,5,0,0
BRDA:24,5,1,0
BRDA:24,6,0,0
BRDA:24,6,1,0
BRDA:27,7,0,0
BRDA:27,7,1,0
BRDA:33,8,0,0
BRDA:33,8,1,0
BRDA:33,9,0,0
BRDA:33,9,1,0
BRDA:37,10,0,0
BRDA:37,10,1,0
BRDA:43,11,0,0
BRDA:43,11,1,0
BRDA:43,12,0,0
BRDA:43,12,1,0
BRDA:49,13,0,0
BRDA:49,13,1,0
BRDA:49,14,0,0
BRDA:49,14,1,0
BRDA:56,15,0,0
BRDA:56,15,1,0
BRDA:56,16,0,0
BRDA:56,16,1,0
BRDA:57,17,0,0
BRDA:57,17,1,0
BRDA:57,18,0,0
BRDA:57,18,1,0
BRDA:65,19,0,0
BRDA:65,19,1,0
BRDA:65,20,0,0
BRDA:65,20,1,0
BRDA:66,21,0,0
BRDA:66,21,1,0
BRDA:72,22,0,0
BRDA:72,22,1,0
BRDA:72,23,0,0
BRDA:72,23,1,0
BRDA:78,24,0,0
BRDA:78,24,1,0
BRDA:78,25,0,0
BRDA:78,25,1,0
BRDA:85,26,0,0
BRDA:85,26,1,0
BRDA:85,27,0,0
BRDA:85,27,1,0
BRDA:86,28,0,0
BRDA:86,28,1,0
BRF:59
BRH:0
end_of_record
TN:
SF:lambdas/market-data/prices.js
FN:17,getCurrentPrices
FN:38,getPriceTrend
FN:46,getMandiPrices
FN:73,getMandis
FN:95,detectPriceChanges
FN:111,(anonymous_5)
FN:121,ingestPriceData
FNF:7
FNH:0
FNDA:0,getCurrentPrices
FNDA:0,getPriceTrend
FNDA:0,getMandiPrices
FNDA:0,getMandis
FNDA:0,detectPriceChanges
FNDA:0,(anonymous_5)
FNDA:0,ingestPriceData
DA:10,0
DA:11,0
DA:18,0
DA:21,0
DA:22,0
DA:23,0
DA:39,0
DA:40,0
DA:47,0
DA:55,0
DA:56,0
DA:57,0
DA:58,0
DA:61,0
DA:74,0
DA:78,0
DA:80,0
DA:81,0
DA:82,0
DA:85,0
DA:86,0
DA:87,0
DA:96,0
DA:111,0
DA:122,0
DA:123,0
DA:124,0
DA:125,0
DA:139,0
DA:141,0
DA:144,0
DA:147,0
LF:32
LH:0
BRDA:17,0,0,0
BRDA:18,1,0,0
BRDA:18,2,0,0
BRDA:22,3,0,0
BRDA:22,3,1,0
BRDA:38,4,0,0
BRDA:39,5,0,0
BRDA:57,6,0,0
BRDA:57,6,1,0
BRDA:73,7,0,0
BRDA:80,8,0,0
BRDA:80,8,1,0
BRDA:95,9,0,0
BRDA:113,10,0,0
BRDA:113,10,1,0
BRDA:114,11,0,0
BRDA:114,11,1,0
BRDA:136,12,0,0
BRDA:136,12,1,0
BRDA:137,13,0,0
BRDA:137,13,1,0
BRDA:137,14,0,0
BRDA:137,14,1,0
BRF:23
BRH:0
end_of_record
TN:
SF:lambdas/medical-imaging/imaging.js
FN:37,initiateUpload
FN:70,getDocumentStatus
FN:82,analyzeImage
FN:101,streamToString
FN:102,(anonymous_4)
FN:104,(anonymous_5)
FN:106,(anonymous_6)
FN:110,getBedrockAnalysis
FNF:8
FNH:0
FNDA:0,initiateUpload
FNDA:0,getDocumentStatus
FNDA:0,analyzeImage
FNDA:0,streamToString
FNDA:0,(anonymous_4)
FNDA:0,(anonymous_5)
FNDA:0,(anonymous_6)
FNDA:0,getBedrockAnalysis
DA:6,0
DA:7,0
DA:8,0
DA:9,0
DA:10,0
DA:12,0
DA:22,0
DA:32,0
DA:38,0
DA:39,0
DA:42,0
DA:43,0
DA:45,0
DA:52,0
DA:71,0
DA:84,0
DA:85,0
DA:87,0
DA:88,0
DA:91,0
DA:102,0
DA:103,0
DA:104,0
DA:105,0
DA:106,0
DA:111,0
DA:112,0
DA:114,0
DA:115,0
DA:119,0
DA:121,0
DA:122,0
DA:125,0
DA:126,0
DA:127,0
DA:144,0
DA:162,0
DA:173,0
DA:174,0
DA:175,0
DA:176,0
DA:178,0
DA:179,0
DA:181,0
DA:185,0
LF:45
LH:0
BRDA:13,0,0,0
BRDA:13,0,1,0
BRDA:14,1,0,0
BRDA:14,1,1,0
BRDA:17,2,0,0
BRDA:17,2,1,0
BRDA:18,3,0,0
BRDA:18,3,1,0
BRDA:23,4,0,0
BRDA:23,4,1,0
BRDA:24,5,0,0
BRDA:24,5,1,0
BRDA:26,6,0,0
BRDA:26,6,1,0
BRDA:26,6,2,0
BRDA:27,7,0,0
BRDA:27,7,1,0
BRDA:27,7,2,0
BRDA:28,8,0,0
BRDA:28,8,1,0
BRDA:28,8,2,0
BRDA:32,9,0,0
BRDA:32,9,1,0
BRDA:37,10,0,0
BRDA:38,11,0,0
BRDA:38,11,1,0
BRDA:49,12,0,0
BRDA:49,12,1,0
BRDA:175,13,0,0
BRDA:175,13,1,0
BRF:30
BRH:0
end_of_record
TN:
SF:lambdas/open-data/adapters.js
FN:5,adaptProfile
FN:17,adaptCommunityPosts
FN:19,(anonymous_2)
FN:28,adaptBusinesses
FN:30,(anonymous_4)
FN:40,adaptComplaints
FN:42,(anonymous_6)
FN:52,adaptCourses
FN:54,(anonymous_8)
FN:63,adaptLearningProfile
FNF:10
FNH:0
FNDA:0,adaptProfile
FNDA:0,adaptCommunityPosts
FNDA:0,(anonymous_2)
FNDA:0,adaptBusinesses
FNDA:0,(anonymous_4)
FNDA:0,adaptComplaints
FNDA:0,(anonymous_6)
FNDA:0,adaptCourses
FNDA:0,(anonymous_8)
FNDA:0,adaptLearningProfile
DA:6,0
DA:7,0
DA:18,0
DA:19,0
DA:29,0
DA:30,0
DA:41,0
DA:42,0
DA:53,0
DA:54,0
DA:64,0
DA:65,0
DA:73,0
LF:13
LH:0
BRDA:6,0,0,0
BRDA:6,0,1,0
BRDA:8,1,0,0
BRDA:8,1,1,0
BRDA:9,2,0,0
BRDA:9,2,1,0
BRDA:10,3,0,0
BRDA:10,3,1,0
BRDA:11,4,0,0
BRDA:11,4,1,0
BRDA:12,5,0,0
BRDA:12,5,1,0
BRDA:18,6,0,0
BRDA:18,6,1,0
BRDA:21,7,0,0
BRDA:21,7,1,0
BRDA:22,8,0,0
BRDA:22,8,1,0
BRDA:23,9,0,0
BRDA:23,9,1,0
BRDA:24,10,0,0
BRDA:24,10,1,0
BRDA:24,10,2,0
BRDA:29,11,0,0
BRDA:29,11,1,0
BRDA:32,12,0,0
BRDA:32,12,1,0
BRDA:33,13,0,0
BRDA:33,13,1,0
BRDA:33,13,2,0
BRDA:34,14,0,0
BRDA:34,14,1,0
BRDA:35,15,0,0
BRDA:35,15,1,0
BRDA:36,16,0,0
BRDA:36,16,1,0
BRDA:41,17,0,0
BRDA:41,17,1,0
BRDA:44,18,0,0
BRDA:44,18,1,0
BRDA:44,18,2,0
BRDA:45,19,0,0
BRDA:45,19,1,0
BRDA:45,19,2,0
BRDA:46,20,0,0
BRDA:46,20,1,0
BRDA:47,21,0,0
BRDA:47,21,1,0
BRDA:48,22,0,0
BRDA:48,22,1,0
BRDA:48,22,2,0
BRDA:48,22,3,0
BRDA:53,23,0,0
BRDA:53,23,1,0
BRDA:55,24,0,0
BRDA:55,24,1,0
BRDA:56,25,0,0
BRDA:56,25,1,0
BRDA:56,25,2,0
BRDA:57,26,0,0
BRDA:57,26,1,0
BRDA:57,26,2,0
BRDA:58,27,0,0
BRDA:58,27,1,0
BRDA:58,27,2,0
BRDA:59,28,0,0
BRDA:59,28,1,0
BRDA:59,28,2,0
BRDA:59,28,3,0
BRDA:64,29,0,0
BRDA:64,29,1,0
BRDA:66,30,0,0
BRDA:66,30,1,0
BRDA:66,30,2,0
BRDA:67,31,0,0
BRDA:67,31,1,0
BRDA:67,31,2,0
BRDA:68,32,0,0
BRDA:68,32,1,0
BRDA:68,32,2,0
BRDA:69,33,0,0
BRDA:69,33,1,0
BRDA:69,33,2,0
BRF:83
BRH:0
end_of_record
TN:
SF:lambdas/open-data/aggregator.js
FN:12,aggregateUserData
FNF:1
FNH:0
FNDA:0,aggregateUserData
DA:6,0
DA:7,0
DA:13,0
DA:24,0
DA:25,0
DA:26,0
DA:27,0
DA:28,0
DA:31,0
DA:32,0
DA:33,0
DA:37,0
DA:38,0
DA:42,0
DA:43,0
DA:45,0
DA:46,0
DA:47,0
DA:51,0
DA:52,0
DA:59,0
DA:60,0
DA:62,0
DA:63,0
DA:64,0
DA:68,0
DA:69,0
DA:73,0
DA:74,0
DA:76,0
DA:77,0
DA:78,0
DA:81,0
DA:84,0
LF:34
LH:0
BRDA:26,0,0,0
BRDA:26,0,1,0
BRF:2
BRH:0
end_of_record
TN:
SF:lambdas/open-data/csv-formatter.js
FN:5,escapeCSV
FN:14,arrayToCSV
FN:20,(anonymous_2)
FN:26,objectToCSV
FN:36,toCSV
FN:73,(anonymous_5)
FNF:6
FNH:0
FNDA:0,escapeCSV
FNDA:0,arrayToCSV
FNDA:0,(anonymous_2)
FNDA:0,objectToCSV
FNDA:0,toCSV
FNDA:0,(anonymous_5)
DA:6,0
DA:7,0
DA:8,0
DA:9,0
DA:11,0
DA:15,0
DA:16,0
DA:17,0
DA:18,0
DA:19,0
DA:20,0
DA:21,0
DA:23,0
DA:27,0
DA:28,0
DA:29,0
DA:30,0
DA:31,0
DA:33,0
DA:37,0
DA:39,0
DA:41,0
DA:42,0
DA:45,0
DA:46,0
DA:51,0
DA:52,0
DA:57,0
DA:58,0
DA:63,0
DA:64,0
DA:69,0
DA:70,0
DA:73,0
DA:76,0
LF:35
LH:0
BRDA:6,0,0,0
BRDA:6,0,1,0
BRDA:6,1,0,0
BRDA:6,1,1,0
BRDA:8,2,0,0
BRDA:8,2,1,0
BRDA:8,3,0,0
BRDA:8,3,1,0
BRDA:8,3,2,0
BRDA:15,4,0,0
BRDA:15,4,1,0
BRDA:15,5,0,0
BRDA:15,5,1,0
BRDA:27,6,0,0
BRDA:27,6,1,0
BRDA:30,7,0,0
BRDA:30,7,1,0
BRDA:41,8,0,0
BRDA:41,8,1,0
BRDA:45,9,0,0
BRDA:45,9,1,0
BRDA:45,10,0,0
BRDA:45,10,1,0
BRDA:51,11,0,0
BRDA:51,11,1,0
BRDA:51,12,0,0
BRDA:51,12,1,0
BRDA:57,13,0,0
BRDA:57,13,1,0
BRDA:57,14,0,0
BRDA:57,14,1,0
BRDA:63,15,0,0
BRDA:63,15,1,0
BRDA:63,16,0,0
BRDA:63,16,1,0
BRDA:69,17,0,0
BRDA:69,17,1,0
BRF:37
BRH:0
end_of_record
TN:
SF:lambdas/peer-grouping/clustering.js
FN:18,findPeersForUser
FN:49,getUserLearningProfile
FN:62,findCandidatePeers
FN:80,clusterWithBedrock
FN:93,(anonymous_4)
FN:144,fallbackClustering
FN:148,(anonymous_6)
FN:149,(anonymous_7)
FN:150,(anonymous_8)
FN:156,(anonymous_9)
FN:156,(anonymous_10)
FN:167,(anonymous_11)
FNF:12
FNH:0
FNDA:0,findPeersForUser
FNDA:0,getUserLearningProfile
FNDA:0,findCandidatePeers
FNDA:0,clusterWithBedrock
FNDA:0,(anonymous_4)
FNDA:0,fallbackClustering
FNDA:0,(anonymous_6)
FNDA:0,(anonymous_7)
FNDA:0,(anonymous_8)
FNDA:0,(anonymous_9)
FNDA:0,(anonymous_10)
FNDA:0,(anonymous_11)
DA:7,0
DA:8,0
DA:9,0
DA:11,0
DA:12,0
DA:20,0
DA:21,0
DA:22,0
DA:26,0
DA:28,0
DA:29,0
DA:37,0
DA:39,0
DA:50,0
DA:56,0
DA:64,0
DA:74,0
DA:81,0
DA:93,0
DA:112,0
DA:113,0
DA:124,0
DA:125,0
DA:128,0
DA:129,0
DA:130,0
DA:133,0
DA:135,0
DA:137,0
DA:145,0
DA:146,0
DA:148,0
DA:149,0
DA:150,0
DA:151,0
DA:152,0
DA:153,0
DA:156,0
DA:158,0
DA:159,0
DA:162,0
DA:167,0
DA:175,0
LF:43
LH:0
BRDA:11,0,0,0
BRDA:11,0,1,0
BRDA:12,1,0,0
BRDA:12,1,1,0
BRDA:21,2,0,0
BRDA:21,2,1,0
BRDA:28,3,0,0
BRDA:28,3,1,0
BRDA:56,4,0,0
BRDA:56,4,1,0
BRDA:69,5,0,0
BRDA:69,5,1,0
BRDA:74,6,0,0
BRDA:74,6,1,0
BRDA:85,7,0,0
BRDA:85,7,1,0
BRDA:86,8,0,0
BRDA:86,8,1,0
BRDA:87,9,0,0
BRDA:87,9,1,0
BRDA:88,10,0,0
BRDA:88,10,1,0
BRDA:89,11,0,0
BRDA:89,11,1,0
BRDA:90,12,0,0
BRDA:90,12,1,0
BRDA:93,13,0,0
BRDA:93,13,1,0
BRDA:93,14,0,0
BRDA:93,14,1,0
BRDA:93,15,0,0
BRDA:93,15,1,0
BRDA:93,16,0,0
BRDA:93,16,1,0
BRDA:93,17,0,0
BRDA:93,17,1,0
BRDA:125,18,0,0
BRDA:125,18,1,0
BRDA:129,19,0,0
BRDA:129,19,1,0
BRDA:145,20,0,0
BRDA:145,20,1,0
BRDA:146,21,0,0
BRDA:146,21,1,0
BRDA:149,22,0,0
BRDA:149,22,1,0
BRDA:150,23,0,0
BRDA:150,23,1,0
BRDA:151,24,0,0
BRDA:151,24,1,0
BRDA:158,25,0,0
BRDA:158,25,1,0
BRDA:165,26,0,0
BRDA:165,26,1,0
BRDA:166,27,0,0
BRDA:166,27,1,0
BRF:56
BRH:0
end_of_record
TN:
SF:lambdas/peer-grouping/digilocker.js
FN:28,(anonymous_0)
FN:38,(anonymous_1)
FN:50,(anonymous_2)
FN:81,(anonymous_3)
FN:100,(anonymous_4)
FN:113,(anonymous_5)
FN:130,(anonymous_6)
FN:140,(anonymous_7)
FN:163,startVerification
FN:177,completeVerification
FN:196,(anonymous_10)
FN:210,(anonymous_11)
FN:210,(anonymous_12)
FN:224,(anonymous_13)
FNF:14
FNH:0
FNDA:0,(anonymous_0)
FNDA:0,(anonymous_1)
FNDA:0,(anonymous_2)
FNDA:0,(anonymous_3)
FNDA:0,(anonymous_4)
FNDA:0,(anonymous_5)
FNDA:0,(anonymous_6)
FNDA:0,(anonymous_7)
FNDA:0,startVerification
FNDA:0,completeVerification
FNDA:0,(anonymous_10)
FNDA:0,(anonymous_11)
FNDA:0,(anonymous_12)
FNDA:0,(anonymous_13)
DA:9,0
DA:10,0
DA:11,0
DA:14,0
DA:15,0
DA:16,0
DA:17,0
DA:18,0
DA:24,0
DA:29,0
DA:39,0
DA:51,0
DA:82,0
DA:96,0
DA:101,0
DA:102,0
DA:107,0
DA:114,0
DA:124,0
DA:131,0
DA:134,0
DA:141,0
DA:144,0
DA:157,0
DA:164,0
DA:165,0
DA:179,0
DA:182,0
DA:183,0
DA:186,0
DA:187,0
DA:188,0
DA:189,0
DA:190,0
DA:192,0
DA:196,0
DA:197,0
DA:200,0
DA:210,0
DA:218,0
DA:224,0
DA:234,0
LF:42
LH:0
BRDA:14,0,0,0
BRDA:14,0,1,0
BRDA:15,1,0,0
BRDA:15,1,1,0
BRDA:16,2,0,0
BRDA:16,2,1,0
BRDA:17,3,0,0
BRDA:17,3,1,0
BRDA:18,4,0,0
BRDA:18,4,1,0
BRDA:157,5,0,0
BRDA:157,5,1,0
BRDA:168,6,0,0
BRDA:168,6,1,0
BRDA:183,7,0,0
BRDA:183,7,1,0
BRDA:189,8,0,0
BRDA:189,8,1,0
BRDA:208,9,0,0
BRDA:208,9,1,0
BRDA:210,10,0,0
BRDA:210,10,1,0
BRDA:228,11,0,0
BRDA:228,11,1,0
BRDA:230,12,0,0
BRDA:230,12,1,0
BRF:26
BRH:0
end_of_record
TN:
SF:lambdas/peer-grouping/groups.js
FN:10,isMissingTableError
FN:17,createGroup
FN:54,createGroupFromClustering
FN:58,(anonymous_3)
FN:66,(anonymous_4)
FN:103,getGroupById
FN:119,getUserGroups
FN:129,(anonymous_7)
FN:130,(anonymous_8)
FN:143,listGroups
FN:152,(anonymous_10)
FN:156,(anonymous_11)
FN:170,joinGroup
FN:175,(anonymous_13)
FN:205,leaveGroup
FN:209,(anonymous_15)
FNF:16
FNH:0
FNDA:0,isMissingTableError
FNDA:0,createGroup
FNDA:0,createGroupFromClustering
FNDA:0,(anonymous_3)
FNDA:0,(anonymous_4)
FNDA:0,getGroupById
FNDA:0,getUserGroups
FNDA:0,(anonymous_7)
FNDA:0,(anonymous_8)
FNDA:0,listGroups
FNDA:0,(anonymous_10)
FNDA:0,(anonymous_11)
FNDA:0,joinGroup
FNDA:0,(anonymous_13)
FNDA:0,leaveGroup
FNDA:0,(anonymous_15)
DA:6,0
DA:7,0
DA:8,0
DA:11,0
DA:18,0
DA:19,0
DA:21,0
DA:43,0
DA:48,0
DA:55,0
DA:56,0
DA:58,0
DA:66,0
DA:67,0
DA:75,0
DA:92,0
DA:97,0
DA:104,0
DA:105,0
DA:109,0
DA:111,0
DA:112,0
DA:120,0
DA:123,0
DA:129,0
DA:130,0
DA:133,0
DA:135,0
DA:136,0
DA:144,0
DA:145,0
DA:151,0
DA:152,0
DA:157,0
DA:158,0
DA:159,0
DA:162,0
DA:163,0
DA:171,0
DA:172,0
DA:173,0
DA:175,0
DA:176,0
DA:178,0
DA:179,0
DA:182,0
DA:189,0
DA:199,0
DA:206,0
DA:207,0
DA:209,0
DA:210,0
DA:211,0
DA:214,0
DA:221,0
DA:224,0
LF:56
LH:0
BRDA:11,0,0,0
BRDA:11,0,1,0
BRDA:11,1,0,0
BRDA:11,1,1,0
BRDA:25,2,0,0
BRDA:25,2,1,0
BRDA:26,3,0,0
BRDA:26,3,1,0
BRDA:27,4,0,0
BRDA:27,4,1,0
BRDA:28,5,0,0
BRDA:28,5,1,0
BRDA:58,6,0,0
BRDA:58,6,1,0
BRDA:61,7,0,0
BRDA:61,7,1,0
BRDA:66,8,0,0
BRDA:66,8,1,0
BRDA:77,9,0,0
BRDA:77,9,1,0
BRDA:78,10,0,0
BRDA:78,10,1,0
BRDA:79,11,0,0
BRDA:79,11,1,0
BRDA:80,12,0,0
BRDA:80,12,1,0
BRDA:85,13,0,0
BRDA:85,13,1,0
BRDA:86,14,0,0
BRDA:86,14,1,0
BRDA:109,15,0,0
BRDA:109,15,1,0
BRDA:111,16,0,0
BRDA:111,16,1,0
BRDA:129,17,0,0
BRDA:129,17,1,0
BRDA:135,18,0,0
BRDA:135,18,1,0
BRDA:151,19,0,0
BRDA:151,19,1,0
BRDA:154,20,0,0
BRDA:154,20,1,0
BRDA:154,21,0,0
BRDA:154,21,1,0
BRDA:157,22,0,0
BRDA:157,22,1,0
BRDA:157,23,0,0
BRDA:157,23,1,0
BRDA:158,24,0,0
BRDA:158,24,1,0
BRDA:159,25,0,0
BRDA:159,25,1,0
BRDA:159,26,0,0
BRDA:159,26,1,0
BRDA:162,27,0,0
BRDA:162,27,1,0
BRDA:170,28,0,0
BRDA:172,29,0,0
BRDA:172,29,1,0
BRDA:173,30,0,0
BRDA:173,30,1,0
BRDA:176,31,0,0
BRDA:176,31,1,0
BRDA:178,32,0,0
BRDA:178,32,1,0
BRDA:178,33,0,0
BRDA:178,33,1,0
BRDA:199,34,0,0
BRDA:199,34,1,0
BRDA:207,35,0,0
BRDA:207,35,1,0
BRDA:210,36,0,0
BRDA:210,36,1,0
BRDA:210,37,0,0
BRDA:210,37,1,0
BRF:75
BRH:0
end_of_record
TN:
SF:lambdas/peer-grouping/index.js
FN:11,(anonymous_0)
FNF:1
FNH:0
FNDA:0,(anonymous_0)
DA:6,0
DA:7,0
DA:8,0
DA:9,0
DA:11,0
DA:12,0
DA:14,0
DA:15,0
DA:16,0
DA:17,0
DA:18,0
DA:20,0
DA:22,0
DA:23,0
DA:26,0
DA:27,0
DA:28,0
DA:29,0
DA:36,0
DA:40,0
DA:41,0
DA:42,0
DA:46,0
DA:47,0
DA:48,0
DA:49,0
DA:50,0
DA:54,0
DA:55,0
DA:56,0
DA:57,0
DA:58,0
DA:60,0
DA:61,0
DA:62,0
DA:63,0
DA:64,0
DA:69,0
DA:70,0
DA:71,0
DA:72,0
DA:73,0
DA:75,0
DA:76,0
DA:77,0
DA:82,0
DA:83,0
DA:87,0
DA:91,0
DA:92,0
DA:93,0
DA:96,0
DA:97,0
DA:98,0
DA:99,0
DA:102,0
DA:105,0
DA:106,0
LF:58
LH:0
BRDA:14,0,0,0
BRDA:14,0,1,0
BRDA:15,1,0,0
BRDA:15,1,1,0
BRDA:16,2,0,0
BRDA:16,2,1,0
BRDA:16,2,2,0
BRDA:17,3,0,0
BRDA:17,3,1,0
BRDA:18,4,0,0
BRDA:18,4,1,0
BRDA:22,5,0,0
BRDA:22,5,1,0
BRDA:22,6,0,0
BRDA:22,6,1,0
BRDA:26,7,0,0
BRDA:26,7,1,0
BRDA:26,8,0,0
BRDA:26,8,1,0
BRDA:40,9,0,0
BRDA:40,9,1,0
BRDA:40,10,0,0
BRDA:40,10,1,0
BRDA:46,11,0,0
BRDA:46,11,1,0
BRDA:46,12,0,0
BRDA:46,12,1,0
BRDA:49,13,0,0
BRDA:49,13,1,0
BRDA:54,14,0,0
BRDA:54,14,1,0
BRDA:54,15,0,0
BRDA:54,15,1,0
BRDA:60,16,0,0
BRDA:60,16,1,0
BRDA:61,17,0,0
BRDA:61,17,1,0
BRDA:62,18,0,0
BRDA:62,18,1,0
BRDA:63,19,0,0
BRDA:63,19,1,0
BRDA:69,20,0,0
BRDA:69,20,1,0
BRDA:69,21,0,0
BRDA:69,21,1,0
BRDA:75,22,0,0
BRDA:75,22,1,0
BRDA:76,23,0,0
BRDA:76,23,1,0
BRDA:82,24,0,0
BRDA:82,24,1,0
BRDA:82,25,0,0
BRDA:82,25,1,0
BRDA:91,26,0,0
BRDA:91,26,1,0
BRDA:91,27,0,0
BRDA:91,27,1,0
BRDA:96,28,0,0
BRDA:96,28,1,0
BRDA:96,29,0,0
BRDA:96,29,1,0
BRDA:97,30,0,0
BRDA:97,30,1,0
BRF:63
BRH:0
end_of_record
TN:
SF:lambdas/precision-agriculture/advisory.js
FN:87,normalizeSymptoms
FN:96,mapSeverity
FN:103,buildAdvisoryPrompt
FN:127,runRuleBasedDiagnosis
FN:129,(anonymous_4)
FN:130,(anonymous_5)
FN:137,(anonymous_6)
FN:139,(anonymous_7)
FN:140,(anonymous_8)
FN:175,(anonymous_9)
FN:179,invokeBedrockAdvisory
FN:203,analyzeFarmImage
FNF:12
FNH:0
FNDA:0,normalizeSymptoms
FNDA:0,mapSeverity
FNDA:0,buildAdvisoryPrompt
FNDA:0,runRuleBasedDiagnosis
FNDA:0,(anonymous_4)
FNDA:0,(anonymous_5)
FNDA:0,(anonymous_6)
FNDA:0,(anonymous_7)
FNDA:0,(anonymous_8)
FNDA:0,(anonymous_9)
FNDA:0,invokeBedrockAdvisory
FNDA:0,analyzeFarmImage
DA:6,0
DA:8,0
DA:9,0
DA:12,0
DA:14,0
DA:88,0
DA:89,0
DA:90,0
DA:91,0
DA:97,0
DA:98,0
DA:99,0
DA:100,0
DA:104,0
DA:128,0
DA:129,0
DA:130,0
DA:133,0
DA:134,0
DA:137,0
DA:139,0
DA:140,0
DA:142,0
DA:143,0
DA:144,0
DA:145,0
DA:146,0
DA:147,0
DA:148,0
DA:151,0
DA:152,0
DA:158,0
DA:159,0
DA:164,0
DA:175,0
DA:180,0
DA:181,0
DA:192,0
DA:193,0
DA:194,0
DA:196,0
DA:197,0
DA:200,0
DA:204,0
DA:206,0
DA:207,0
DA:214,0
DA:215,0
DA:216,0
DA:223,0
DA:232,0
LF:51
LH:0
BRDA:8,0,0,0
BRDA:8,0,1,0
BRDA:9,1,0,0
BRDA:9,1,1,0
BRDA:9,1,2,0
BRDA:88,2,0,0
BRDA:88,2,1,0
BRDA:89,3,0,0
BRDA:89,3,1,0
BRDA:90,4,0,0
BRDA:90,4,1,0
BRDA:97,5,0,0
BRDA:97,5,1,0
BRDA:98,6,0,0
BRDA:98,6,1,0
BRDA:99,7,0,0
BRDA:99,7,1,0
BRDA:108,8,0,0
BRDA:108,8,1,0
BRDA:109,9,0,0
BRDA:109,9,1,0
BRDA:110,10,0,0
BRDA:110,10,1,0
BRDA:111,11,0,0
BRDA:111,11,1,0
BRDA:112,12,0,0
BRDA:112,12,1,0
BRDA:113,13,0,0
BRDA:113,13,1,0
BRDA:114,14,0,0
BRDA:114,14,1,0
BRDA:133,15,0,0
BRDA:133,15,1,0
BRDA:134,16,0,0
BRDA:134,16,1,0
BRDA:135,17,0,0
BRDA:135,17,1,0
BRDA:136,18,0,0
BRDA:136,18,1,0
BRDA:143,19,0,0
BRDA:143,19,1,0
BRDA:145,20,0,0
BRDA:145,20,1,0
BRDA:147,21,0,0
BRDA:147,21,1,0
BRDA:147,22,0,0
BRDA:147,22,1,0
BRDA:151,23,0,0
BRDA:151,23,1,0
BRDA:158,24,0,0
BRDA:158,24,1,0
BRDA:193,25,0,0
BRDA:193,25,1,0
BRDA:196,26,0,0
BRDA:196,26,1,0
BRDA:206,27,0,0
BRDA:206,27,1,0
BRF:57
BRH:0
end_of_record
TN:
SF:lambdas/precision-agriculture/carbon.js
FN:14,classifyCarbonIntensity
FN:20,buildReductionSuggestions
FN:23,(anonymous_2)
FN:25,(anonymous_3)
FN:42,calculateCarbonScore
FN:46,(anonymous_5)
FN:72,(anonymous_6)
FNF:7
FNH:0
FNDA:0,classifyCarbonIntensity
FNDA:0,buildReductionSuggestions
FNDA:0,(anonymous_2)
FNDA:0,(anonymous_3)
FNDA:0,calculateCarbonScore
FNDA:0,(anonymous_5)
FNDA:0,(anonymous_6)
DA:6,0
DA:15,0
DA:16,0
DA:17,0
DA:21,0
DA:23,0
DA:26,0
DA:27,0
DA:29,0
DA:30,0
DA:32,0
DA:33,0
DA:35,0
DA:36,0
DA:38,0
DA:43,0
DA:45,0
DA:47,0
DA:48,0
DA:50,0
DA:51,0
DA:60,0
DA:61,0
DA:71,0
DA:72,0
DA:75,0
DA:88,0
LF:27
LH:0
BRDA:15,0,0,0
BRDA:15,0,1,0
BRDA:16,1,0,0
BRDA:16,1,1,0
BRDA:26,2,0,0
BRDA:26,2,1,0
BRDA:29,3,0,0
BRDA:29,3,1,0
BRDA:32,4,0,0
BRDA:32,4,1,0
BRDA:35,5,0,0
BRDA:35,5,1,0
BRDA:43,6,0,0
BRDA:43,6,1,0
BRDA:47,7,0,0
BRDA:47,7,1,0
BRDA:50,8,0,0
BRDA:50,8,1,0
BRDA:52,9,0,0
BRDA:52,9,1,0
BRDA:53,10,0,0
BRDA:53,10,1,0
BRDA:54,11,0,0
BRDA:54,11,1,0
BRDA:60,12,0,0
BRDA:60,12,1,0
BRDA:65,13,0,0
BRDA:65,13,1,0
BRF:28
BRH:0
end_of_record
TN:
SF:lambdas/precision-agriculture/index.js
FN:13,(anonymous_0)
FNF:1
FNH:0
FNDA:0,(anonymous_0)
DA:6,0
DA:7,0
DA:8,0
DA:9,0
DA:10,0
DA:11,0
DA:13,0
DA:14,0
DA:16,0
DA:17,0
DA:18,0
DA:19,0
DA:20,0
DA:22,0
DA:23,0
DA:24,0
DA:27,0
DA:28,0
DA:31,0
DA:32,0
DA:33,0
DA:36,0
DA:37,0
DA:38,0
DA:41,0
DA:42,0
DA:45,0
DA:46,0
DA:47,0
DA:50,0
DA:51,0
DA:54,0
DA:56,0
DA:57,0
LF:34
LH:0
BRDA:16,0,0,0
BRDA:16,0,1,0
BRDA:17,1,0,0
BRDA:17,1,1,0
BRDA:18,2,0,0
BRDA:18,2,1,0
BRDA:18,2,2,0
BRDA:19,3,0,0
BRDA:19,3,1,0
BRDA:20,4,0,0
BRDA:20,4,1,0
BRDA:23,5,0,0
BRDA:23,5,1,0
BRDA:23,6,0,0
BRDA:23,6,1,0
BRDA:27,7,0,0
BRDA:27,7,1,0
BRDA:27,8,0,0
BRDA:27,8,1,0
BRDA:31,9,0,0
BRDA:31,9,1,0
BRDA:31,10,0,0
BRDA:31,10,1,0
BRDA:32,11,0,0
BRDA:32,11,1,0
BRDA:36,12,0,0
BRDA:36,12,1,0
BRDA:36,13,0,0
BRDA:36,13,1,0
BRDA:37,14,0,0
BRDA:37,14,1,0
BRDA:41,15,0,0
BRDA:41,15,1,0
BRDA:41,16,0,0
BRDA:41,16,1,0
BRDA:45,17,0,0
BRDA:45,17,1,0
BRDA:45,18,0,0
BRDA:45,18,1,0
BRDA:46,19,0,0
BRDA:46,19,1,0
BRDA:50,20,0,0
BRDA:50,20,1,0
BRDA:50,21,0,0
BRDA:50,21,1,0
BRDA:51,22,0,0
BRDA:51,22,1,0
BRF:47
BRH:0
end_of_record
TN:
SF:lambdas/precision-agriculture/pest-alerts.js
FN:12,(anonymous_0)
FN:21,(anonymous_1)
FN:30,(anonymous_2)
FN:39,(anonymous_3)
FN:45,normalizeDetections
FN:47,(anonymous_5)
FN:53,detectPestAlerts
FN:63,(anonymous_7)
FN:64,(anonymous_8)
FN:65,(anonymous_9)
FN:67,(anonymous_10)
FN:67,(anonymous_11)
FN:68,(anonymous_12)
FN:88,(anonymous_13)
FN:109,(anonymous_14)
FNF:15
FNH:0
FNDA:0,(anonymous_0)
FNDA:0,(anonymous_1)
FNDA:0,(anonymous_2)
FNDA:0,(anonymous_3)
FNDA:0,normalizeDetections
FNDA:0,(anonymous_5)
FNDA:0,detectPestAlerts
FNDA:0,(anonymous_7)
FNDA:0,(anonymous_8)
FNDA:0,(anonymous_9)
FNDA:0,(anonymous_10)
FNDA:0,(anonymous_11)
FNDA:0,(anonymous_12)
FNDA:0,(anonymous_13)
FNDA:0,(anonymous_14)
DA:6,0
DA:12,0
DA:21,0
DA:30,0
DA:39,0
DA:46,0
DA:47,0
DA:54,0
DA:55,0
DA:59,0
DA:60,0
DA:62,0
DA:63,0
DA:65,0
DA:66,0
DA:67,0
DA:68,0
DA:69,0
DA:70,0
DA:72,0
DA:74,0
DA:75,0
DA:76,0
DA:78,0
DA:88,0
DA:90,0
DA:91,0
DA:101,0
DA:109,0
DA:114,0
LF:30
LH:0
BRDA:12,0,0,0
BRDA:12,0,1,0
BRDA:21,1,0,0
BRDA:21,1,1,0
BRDA:39,2,0,0
BRDA:39,2,1,0
BRDA:46,3,0,0
BRDA:46,3,1,0
BRDA:48,4,0,0
BRDA:48,4,1,0
BRDA:49,5,0,0
BRDA:49,5,1,0
BRDA:54,6,0,0
BRDA:54,6,1,0
BRDA:56,7,0,0
BRDA:56,7,1,0
BRDA:57,8,0,0
BRDA:57,8,1,0
BRDA:60,9,0,0
BRDA:60,9,1,0
BRDA:69,10,0,0
BRDA:69,10,1,0
BRDA:72,11,0,0
BRDA:72,11,1,0
BRDA:75,12,0,0
BRDA:75,12,1,0
BRDA:76,13,0,0
BRDA:76,13,1,0
BRDA:90,14,0,0
BRDA:90,14,1,0
BRDA:90,15,0,0
BRDA:90,15,1,0
BRDA:90,15,2,0
BRDA:90,15,3,0
BRDA:109,16,0,0
BRDA:109,16,1,0
BRF:36
BRH:0
end_of_record
TN:
SF:lambdas/precision-agriculture/practice-tracker.js
FN:10,normalizePracticeType
FN:14,analyzePracticeData
FN:20,(anonymous_2)
FN:21,(anonymous_3)
FN:79,logPractice
FN:109,getPracticeLogs
FNF:6
FNH:0
FNDA:0,normalizePracticeType
FNDA:0,analyzePracticeData
FNDA:0,(anonymous_2)
FNDA:0,(anonymous_3)
FNDA:0,logPractice
FNDA:0,getPracticeLogs
DA:6,0
DA:7,0
DA:8,0
DA:11,0
DA:15,0
DA:16,0
DA:17,0
DA:18,0
DA:20,0
DA:21,0
DA:22,0
DA:23,0
DA:24,0
DA:27,0
DA:28,0
DA:29,0
DA:31,0
DA:32,0
DA:35,0
DA:36,0
DA:37,0
DA:40,0
DA:41,0
DA:42,0
DA:45,0
DA:46,0
DA:47,0
DA:50,0
DA:51,0
DA:52,0
DA:55,0
DA:56,0
DA:57,0
DA:60,0
DA:61,0
DA:62,0
DA:65,0
DA:67,0
DA:80,0
DA:93,0
DA:94,0
DA:99,0
DA:101,0
DA:110,0
DA:111,0
DA:119,0
DA:124,0
DA:132,0
LF:48
LH:0
BRDA:11,0,0,0
BRDA:11,0,1,0
BRDA:15,1,0,0
BRDA:15,1,1,0
BRDA:20,2,0,0
BRDA:20,2,1,0
BRDA:22,3,0,0
BRDA:22,3,1,0
BRDA:23,4,0,0
BRDA:23,4,1,0
BRDA:27,5,0,0
BRDA:27,5,1,0
BRDA:35,6,0,0
BRDA:35,6,1,0
BRDA:35,7,0,0
BRDA:35,7,1,0
BRDA:40,8,0,0
BRDA:40,8,1,0
BRDA:40,9,0,0
BRDA:40,9,1,0
BRDA:45,10,0,0
BRDA:45,10,1,0
BRDA:45,11,0,0
BRDA:45,11,1,0
BRDA:50,12,0,0
BRDA:50,12,1,0
BRDA:50,13,0,0
BRDA:50,13,1,0
BRDA:55,14,0,0
BRDA:55,14,1,0
BRDA:55,15,0,0
BRDA:55,15,1,0
BRDA:60,16,0,0
BRDA:60,16,1,0
BRDA:68,17,0,0
BRDA:68,17,1,0
BRDA:69,18,0,0
BRDA:69,18,1,0
BRDA:71,19,0,0
BRDA:71,19,1,0
BRDA:71,20,0,0
BRDA:71,20,1,0
BRDA:82,21,0,0
BRDA:82,21,1,0
BRDA:84,22,0,0
BRDA:84,22,1,0
BRDA:85,23,0,0
BRDA:85,23,1,0
BRDA:87,24,0,0
BRDA:87,24,1,0
BRDA:88,25,0,0
BRDA:88,25,1,0
BRDA:89,26,0,0
BRDA:89,26,1,0
BRDA:90,27,0,0
BRDA:90,27,1,0
BRDA:109,28,0,0
BRDA:120,29,0,0
BRDA:120,29,1,0
BRF:59
BRH:0
end_of_record
TN:
SF:lambdas/precision-agriculture/weather.js
FN:6,toRiskLevel
FN:13,buildWeatherAdvisory
FN:17,(anonymous_2)
FN:91,(anonymous_3)
FNF:4
FNH:0
FNDA:0,toRiskLevel
FNDA:0,buildWeatherAdvisory
FNDA:0,(anonymous_2)
FNDA:0,(anonymous_3)
DA:7,0
DA:8,0
DA:9,0
DA:10,0
DA:14,0
DA:15,0
DA:17,0
DA:18,0
DA:19,0
DA:20,0
DA:21,0
DA:22,0
DA:23,0
DA:25,0
DA:26,0
DA:38,0
DA:39,0
DA:51,0
DA:52,0
DA:64,0
DA:65,0
DA:77,0
DA:78,0
DA:91,0
DA:92,0
DA:93,0
DA:96,0
DA:111,0
LF:28
LH:0
BRDA:7,0,0,0
BRDA:7,0,1,0
BRDA:8,1,0,0
BRDA:8,1,1,0
BRDA:9,2,0,0
BRDA:9,2,1,0
BRDA:14,3,0,0
BRDA:14,3,1,0
BRDA:18,4,0,0
BRDA:18,4,1,0
BRDA:19,5,0,0
BRDA:19,5,1,0
BRDA:20,6,0,0
BRDA:20,6,1,0
BRDA:21,7,0,0
BRDA:21,7,1,0
BRDA:22,8,0,0
BRDA:22,8,1,0
BRDA:23,9,0,0
BRDA:23,9,1,0
BRDA:25,10,0,0
BRDA:25,10,1,0
BRDA:38,11,0,0
BRDA:38,11,1,0
BRDA:51,12,0,0
BRDA:51,12,1,0
BRDA:64,13,0,0
BRDA:64,13,1,0
BRDA:77,14,0,0
BRDA:77,14,1,0
BRDA:77,15,0,0
BRDA:77,15,1,0
BRDA:97,16,0,0
BRDA:97,16,1,0
BRDA:98,17,0,0
BRDA:98,17,1,0
BRDA:100,18,0,0
BRDA:100,18,1,0
BRF:38
BRH:0
end_of_record
TN:
SF:lambdas/supply-chain-api/buyers.js
FN:12,registerBuyer
FN:46,searchBuyers
FN:76,getBuyerById
FN:90,verifyBuyer
FN:103,createTradeOrder
FN:129,updateTradeOrder
FN:165,getOrders
FNF:7
FNH:0
FNDA:0,registerBuyer
FNDA:0,searchBuyers
FNDA:0,getBuyerById
FNDA:0,verifyBuyer
FNDA:0,createTradeOrder
FNDA:0,updateTradeOrder
FNDA:0,getOrders
DA:7,0
DA:18,0
DA:21,0
DA:22,0
DA:23,0
DA:26,0
DA:40,0
DA:47,0
DA:48,0
DA:49,0
DA:50,0
DA:52,0
DA:53,0
DA:54,0
DA:55,0
DA:56,0
DA:58,0
DA:59,0
DA:61,0
DA:62,0
DA:63,0
DA:65,0
DA:67,0
DA:77,0
DA:84,0
DA:91,0
DA:97,0
DA:104,0
DA:105,0
DA:108,0
DA:112,0
DA:114,0
DA:123,0
DA:130,0
DA:131,0
DA:132,0
DA:133,0
DA:135,0
DA:136,0
DA:137,0
DA:138,0
DA:140,0
DA:141,0
DA:147,0
DA:148,0
DA:149,0
DA:150,0
DA:159,0
DA:167,0
DA:169,0
DA:171,0
DA:172,0
DA:173,0
DA:174,0
DA:179,0
DA:186,0
DA:187,0
DA:189,0
DA:190,0
DA:193,0
LF:60
LH:0
BRDA:22,0,0,0
BRDA:22,0,1,0
BRDA:34,1,0,0
BRDA:34,1,1,0
BRDA:37,2,0,0
BRDA:37,2,1,0
BRDA:37,3,0,0
BRDA:37,3,1,0
BRDA:46,4,0,0
BRDA:47,5,0,0
BRDA:47,6,0,0
BRDA:52,7,0,0
BRDA:52,7,1,0
BRDA:53,8,0,0
BRDA:53,8,1,0
BRDA:54,9,0,0
BRDA:54,9,1,0
BRDA:55,10,0,0
BRDA:55,10,1,0
BRDA:56,11,0,0
BRDA:56,11,1,0
BRDA:84,12,0,0
BRDA:84,12,1,0
BRDA:90,13,0,0
BRDA:97,14,0,0
BRDA:97,14,1,0
BRDA:112,15,0,0
BRDA:112,15,1,0
BRDA:135,16,0,0
BRDA:135,16,1,0
BRDA:136,17,0,0
BRDA:136,17,1,0
BRDA:137,18,0,0
BRDA:137,18,1,0
BRDA:138,19,0,0
BRDA:138,19,1,0
BRDA:147,20,0,0
BRDA:147,20,1,0
BRDA:149,21,0,0
BRDA:149,21,1,0
BRDA:159,22,0,0
BRDA:159,22,1,0
BRDA:165,23,0,0
BRDA:165,24,0,0
BRDA:169,25,0,0
BRDA:169,25,1,0
BRDA:172,26,0,0
BRDA:172,26,1,0
BRDA:186,27,0,0
BRDA:186,27,1,0
BRF:50
BRH:0
end_of_record
TN:
SF:lambdas/supply-chain-api/index.js
FN:10,(anonymous_0)
FNF:1
FNH:0
FNDA:0,(anonymous_0)
DA:6,0
DA:7,0
DA:8,0
DA:10,0
DA:11,0
DA:13,0
DA:14,0
DA:15,0
DA:16,0
DA:17,0
DA:19,0
DA:23,0
DA:24,0
DA:25,0
DA:26,0
DA:30,0
DA:31,0
DA:36,0
DA:40,0
DA:41,0
DA:42,0
DA:46,0
DA:47,0
DA:48,0
DA:49,0
DA:50,0
DA:54,0
DA:55,0
DA:56,0
DA:57,0
DA:58,0
DA:59,0
DA:65,0
DA:66,0
DA:67,0
DA:68,0
DA:69,0
DA:71,0
DA:72,0
DA:77,0
DA:78,0
DA:83,0
DA:87,0
DA:88,0
DA:89,0
DA:90,0
DA:91,0
DA:95,0
DA:96,0
DA:97,0
DA:98,0
DA:99,0
DA:105,0
DA:106,0
DA:107,0
DA:108,0
DA:110,0
DA:111,0
DA:112,0
DA:114,0
DA:115,0
DA:120,0
DA:121,0
DA:122,0
DA:126,0
DA:127,0
DA:128,0
DA:129,0
DA:130,0
DA:133,0
DA:135,0
DA:136,0
LF:72
LH:0
BRDA:13,0,0,0
BRDA:13,0,1,0
BRDA:14,1,0,0
BRDA:14,1,1,0
BRDA:15,2,0,0
BRDA:15,2,1,0
BRDA:15,2,2,0
BRDA:16,3,0,0
BRDA:16,3,1,0
BRDA:17,4,0,0
BRDA:17,4,1,0
BRDA:23,5,0,0
BRDA:23,5,1,0
BRDA:23,6,0,0
BRDA:23,6,1,0
BRDA:24,7,0,0
BRDA:24,7,1,0
BRDA:24,8,0,0
BRDA:24,8,1,0
BRDA:30,9,0,0
BRDA:30,9,1,0
BRDA:30,10,0,0
BRDA:30,10,1,0
BRDA:34,11,0,0
BRDA:34,11,1,0
BRDA:34,12,0,0
BRDA:34,12,1,0
BRDA:40,13,0,0
BRDA:40,13,1,0
BRDA:40,14,0,0
BRDA:40,14,1,0
BRDA:46,15,0,0
BRDA:46,15,1,0
BRDA:46,16,0,0
BRDA:46,16,1,0
BRDA:49,17,0,0
BRDA:49,17,1,0
BRDA:54,18,0,0
BRDA:54,18,1,0
BRDA:54,19,0,0
BRDA:54,19,1,0
BRDA:56,20,0,0
BRDA:56,20,1,0
BRDA:58,21,0,0
BRDA:58,21,1,0
BRDA:65,22,0,0
BRDA:65,22,1,0
BRDA:65,23,0,0
BRDA:65,23,1,0
BRDA:66,24,0,0
BRDA:66,24,1,0
BRDA:71,25,0,0
BRDA:71,25,1,0
BRDA:77,26,0,0
BRDA:77,26,1,0
BRDA:77,27,0,0
BRDA:77,27,1,0
BRDA:81,28,0,0
BRDA:81,28,1,0
BRDA:81,29,0,0
BRDA:81,29,1,0
BRDA:87,30,0,0
BRDA:87,30,1,0
BRDA:87,31,0,0
BRDA:87,31,1,0
BRDA:90,32,0,0
BRDA:90,32,1,0
BRDA:95,33,0,0
BRDA:95,33,1,0
BRDA:95,34,0,0
BRDA:95,34,1,0
BRDA:97,35,0,0
BRDA:97,35,1,0
BRDA:98,36,0,0
BRDA:98,36,1,0
BRDA:105,37,0,0
BRDA:105,37,1,0
BRDA:105,38,0,0
BRDA:105,38,1,0
BRDA:107,39,0,0
BRDA:107,39,1,0
BRDA:107,40,0,0
BRDA:107,40,1,0
BRDA:107,40,2,0
BRDA:114,41,0,0
BRDA:114,41,1,0
BRDA:120,42,0,0
BRDA:120,42,1,0
BRDA:120,43,0,0
BRDA:120,43,1,0
BRDA:121,44,0,0
BRDA:121,44,1,0
BRDA:126,45,0,0
BRDA:126,45,1,0
BRDA:126,46,0,0
BRDA:126,46,1,0
BRDA:129,47,0,0
BRDA:129,47,1,0
BRF:98
BRH:0
end_of_record
TN:
SF:lambdas/supply-chain-api/listings.js
FN:12,createListing
FN:40,searchListings
FN:76,getListingById
FN:111,getFarmerListings
FN:128,updateListingStatus
FNF:5
FNH:0
FNDA:0,createListing
FNDA:0,searchListings
FNDA:0,getListingById
FNDA:0,getFarmerListings
FNDA:0,updateListingStatus
DA:7,0
DA:18,0
DA:20,0
DA:34,0
DA:41,0
DA:42,0
DA:45,0
DA:46,0
DA:48,0
DA:49,0
DA:50,0
DA:51,0
DA:52,0
DA:53,0
DA:56,0
DA:58,0
DA:59,0
DA:61,0
DA:62,0
DA:63,0
DA:65,0
DA:67,0
DA:77,0
DA:78,0
DA:81,0
DA:92,0
DA:101,0
DA:112,0
DA:113,0
DA:115,0
DA:116,0
DA:117,0
DA:120,0
DA:121,0
DA:122,0
DA:129,0
DA:134,0
DA:137,0
LF:38
LH:0
BRDA:29,0,0,0
BRDA:29,0,1,0
BRDA:29,1,0,0
BRDA:29,1,1,0
BRDA:31,2,0,0
BRDA:31,2,1,0
BRDA:40,3,0,0
BRDA:41,4,0,0
BRDA:41,5,0,0
BRDA:48,6,0,0
BRDA:48,6,1,0
BRDA:49,7,0,0
BRDA:49,7,1,0
BRDA:50,8,0,0
BRDA:50,8,1,0
BRDA:51,9,0,0
BRDA:51,9,1,0
BRDA:52,10,0,0
BRDA:52,10,1,0
BRDA:53,11,0,0
BRDA:53,11,1,0
BRDA:78,12,0,0
BRDA:78,12,1,0
BRDA:111,13,0,0
BRDA:115,14,0,0
BRDA:115,14,1,0
BRDA:134,15,0,0
BRDA:134,15,1,0
BRF:28
BRH:0
end_of_record
TN:
SF:lambdas/voice-room/chat.js
FN:12,sendMessage
FN:36,getChatMessages
FNF:2
FNH:0
FNDA:0,sendMessage
FNDA:0,getChatMessages
DA:5,0
DA:6,0
DA:7,0
DA:13,0
DA:14,0
DA:16,0
DA:25,0
DA:30,0
DA:37,0
DA:45,0
DA:46,0
DA:49,0
DA:51,0
DA:59,0
LF:14
LH:0
BRDA:20,0,0,0
BRDA:20,0,1,0
BRDA:36,1,0,0
BRDA:36,2,0,0
BRDA:45,3,0,0
BRDA:45,3,1,0
BRDA:52,4,0,0
BRDA:52,4,1,0
BRDA:53,5,0,0
BRDA:53,5,1,0
BRF:10
BRH:0
end_of_record
TN:
SF:lambdas/voice-room/moderation.js
FN:11,getParticipant
FN:19,assertModerator
FN:27,assertRoomActive
FN:39,muteUser
FN:57,unmuteUser
FN:74,kickUser
FN:100,banUser
FN:123,transferModerator
FN:152,toggleRecording
FN:167,togglePrivacy
FN:182,requestToSpeak
FN:198,approveSpeaker
FN:216,revokeSpeaker
FNF:13
FNH:0
FNDA:0,getParticipant
FNDA:0,assertModerator
FNDA:0,assertRoomActive
FNDA:0,muteUser
FNDA:0,unmuteUser
FNDA:0,kickUser
FNDA:0,banUser
FNDA:0,transferModerator
FNDA:0,toggleRecording
FNDA:0,togglePrivacy
FNDA:0,requestToSpeak
FNDA:0,approveSpeaker
FNDA:0,revokeSpeaker
DA:5,0
DA:6,0
DA:7,0
DA:12,0
DA:16,0
DA:20,0
DA:21,0
DA:22,0
DA:24,0
DA:28,0
DA:32,0
DA:33,0
DA:34,0
DA:40,0
DA:41,0
DA:42,0
DA:44,0
DA:45,0
DA:47,0
DA:54,0
DA:58,0
DA:59,0
DA:61,0
DA:62,0
DA:64,0
DA:71,0
DA:75,0
DA:76,0
DA:77,0
DA:79,0
DA:80,0
DA:82,0
DA:83,0
DA:90,0
DA:97,0
DA:101,0
DA:102,0
DA:103,0
DA:105,0
DA:106,0
DA:113,0
DA:120,0
DA:124,0
DA:125,0
DA:126,0
DA:128,0
DA:129,0
DA:132,0
DA:141,0
DA:149,0
DA:153,0
DA:154,0
DA:155,0
DA:157,0
DA:164,0
DA:168,0
DA:169,0
DA:170,0
DA:172,0
DA:179,0
DA:183,0
DA:185,0
DA:186,0
DA:188,0
DA:195,0
DA:199,0
DA:200,0
DA:202,0
DA:203,0
DA:205,0
DA:213,0
DA:217,0
DA:218,0
DA:220,0
DA:221,0
DA:223,0
DA:231,0
DA:234,0
LF:78
LH:0
BRDA:16,0,0,0
BRDA:16,0,1,0
BRDA:21,1,0,0
BRDA:21,1,1,0
BRDA:21,2,0,0
BRDA:21,2,1,0
BRDA:32,3,0,0
BRDA:32,3,1,0
BRDA:33,4,0,0
BRDA:33,4,1,0
BRDA:42,5,0,0
BRDA:42,5,1,0
BRDA:45,6,0,0
BRDA:45,6,1,0
BRDA:62,7,0,0
BRDA:62,7,1,0
BRDA:77,8,0,0
BRDA:77,8,1,0
BRDA:80,9,0,0
BRDA:80,9,1,0
BRDA:103,10,0,0
BRDA:103,10,1,0
BRDA:126,11,0,0
BRDA:126,11,1,0
BRDA:129,12,0,0
BRDA:129,12,1,0
BRDA:129,13,0,0
BRDA:129,13,1,0
BRDA:186,14,0,0
BRDA:186,14,1,0
BRDA:203,15,0,0
BRDA:203,15,1,0
BRDA:221,16,0,0
BRDA:221,16,1,0
BRF:34
BRH:0
end_of_record
TN:
SF:lambdas/voice-room/rooms.js
FN:14,createRoom
FN:64,listRooms
FN:73,(anonymous_2)
FN:78,(anonymous_3)
FN:84,(anonymous_4)
FN:91,(anonymous_5)
FN:106,getRoomById
FN:121,(anonymous_7)
FN:129,endRoom
FN:154,getRoomToken
FN:158,(anonymous_10)
FN:168,joinRoom
FN:230,leaveRoom
FNF:13
FNH:0
FNDA:0,createRoom
FNDA:0,listRooms
FNDA:0,(anonymous_2)
FNDA:0,(anonymous_3)
FNDA:0,(anonymous_4)
FNDA:0,(anonymous_5)
FNDA:0,getRoomById
FNDA:0,(anonymous_7)
FNDA:0,endRoom
FNDA:0,getRoomToken
FNDA:0,(anonymous_10)
FNDA:0,joinRoom
FNDA:0,leaveRoom
DA:5,0
DA:6,0
DA:7,0
DA:8,0
DA:9,0
DA:15,0
DA:16,0
DA:18,0
DA:35,0
DA:41,0
DA:55,0
DA:65,0
DA:69,0
DA:72,0
DA:73,0
DA:77,0
DA:78,0
DA:82,0
DA:83,0
DA:84,0
DA:85,0
DA:91,0
DA:93,0
DA:94,0
DA:95,0
DA:97,0
DA:107,0
DA:112,0
DA:115,0
DA:121,0
DA:123,0
DA:130,0
DA:131,0
DA:132,0
DA:133,0
DA:135,0
DA:136,0
DA:138,0
DA:140,0
DA:148,0
DA:155,0
DA:156,0
DA:158,0
DA:159,0
DA:161,0
DA:162,0
DA:169,0
DA:170,0
DA:171,0
DA:174,0
DA:178,0
DA:181,0
DA:182,0
DA:186,0
DA:188,0
DA:189,0
DA:190,0
DA:202,0
DA:217,0
DA:224,0
DA:231,0
DA:233,0
DA:240,0
DA:248,0
DA:253,0
DA:254,0
DA:263,0
DA:266,0
LF:68
LH:0
BRDA:21,0,0,0
BRDA:21,0,1,0
BRDA:22,1,0,0
BRDA:22,1,1,0
BRDA:24,2,0,0
BRDA:24,2,1,0
BRDA:26,3,0,0
BRDA:26,3,1,0
BRDA:28,4,0,0
BRDA:28,4,1,0
BRDA:46,5,0,0
BRDA:46,5,1,0
BRDA:57,6,0,0
BRDA:57,6,1,0
BRDA:64,7,0,0
BRDA:64,8,0,0
BRDA:64,9,0,0
BRDA:64,10,0,0
BRDA:69,11,0,0
BRDA:69,11,1,0
BRDA:72,12,0,0
BRDA:72,12,1,0
BRDA:77,13,0,0
BRDA:77,13,1,0
BRDA:78,14,0,0
BRDA:78,14,1,0
BRDA:82,15,0,0
BRDA:82,15,1,0
BRDA:85,16,0,0
BRDA:85,16,1,0
BRDA:86,17,0,0
BRDA:86,17,1,0
BRDA:91,18,0,0
BRDA:91,18,1,0
BRDA:91,19,0,0
BRDA:91,19,1,0
BRDA:112,20,0,0
BRDA:112,20,1,0
BRDA:121,21,0,0
BRDA:121,21,1,0
BRDA:121,22,0,0
BRDA:121,22,1,0
BRDA:131,23,0,0
BRDA:131,23,1,0
BRDA:132,24,0,0
BRDA:132,24,1,0
BRDA:133,25,0,0
BRDA:133,25,1,0
BRDA:156,26,0,0
BRDA:156,26,1,0
BRDA:158,27,0,0
BRDA:158,27,1,0
BRDA:159,28,0,0
BRDA:159,28,1,0
BRDA:170,29,0,0
BRDA:170,29,1,0
BRDA:171,30,0,0
BRDA:171,30,1,0
BRDA:178,31,0,0
BRDA:178,31,1,0
BRDA:178,32,0,0
BRDA:178,32,1,0
BRDA:181,33,0,0
BRDA:181,33,1,0
BRDA:181,34,0,0
BRDA:181,34,1,0
BRDA:186,35,0,0
BRDA:186,35,1,0
BRDA:189,36,0,0
BRDA:189,36,1,0
BRDA:189,37,0,0
BRDA:189,37,1,0
BRDA:195,38,0,0
BRDA:195,38,1,0
BRDA:195,38,2,0
BRDA:207,39,0,0
BRDA:207,39,1,0
BRDA:224,40,0,0
BRDA:224,40,1,0
BRDA:253,41,0,0
BRDA:253,41,1,0
BRDA:253,42,0,0
BRDA:253,42,1,0
BRF:83
BRH:0
end_of_record
TN:
SF:middleware/auth.js
FN:18,authMiddleware
FNF:1
FNH:0
FNDA:0,authMiddleware
DA:11,0
DA:13,0
DA:20,0
DA:23,0
DA:26,0
DA:27,0
DA:28,0
DA:29,0
DA:30,0
DA:31,0
DA:32,0
DA:33,0
DA:36,0
DA:37,0
DA:43,0
DA:44,0
DA:45,0
DA:49,0
DA:52,0
LF:19
LH:0
BRDA:20,0,0,0
BRDA:20,0,1,0
BRDA:20,1,0,0
BRDA:20,1,1,0
BRDA:23,2,0,0
BRDA:23,2,1,0
BRDA:27,3,0,0
BRDA:27,3,1,0
BRDA:27,4,0,0
BRDA:27,4,1,0
BRDA:36,5,0,0
BRDA:36,5,1,0
BRDA:43,6,0,0
BRDA:43,6,1,0
BRDA:44,7,0,0
BRDA:44,7,1,0
BRF:16
BRH:0
end_of_record
TN:
SF:middleware/error-handler.js
FN:5,errorHandler
FN:30,(anonymous_1)
FNF:2
FNH:0
FNDA:0,errorHandler
FNDA:0,(anonymous_1)
DA:6,0
DA:9,0
DA:21,0
DA:22,0
DA:23,0
DA:27,0
DA:28,0
DA:30,0
DA:35,0
DA:36,0
DA:43,0
DA:49,0
LF:12
LH:0
BRDA:22,0,0,0
BRDA:22,0,1,0
BRDA:27,1,0,0
BRDA:27,1,1,0
BRDA:35,2,0,0
BRDA:35,2,1,0
BRDA:35,3,0,0
BRDA:35,3,1,0
BRDA:38,4,0,0
BRDA:38,4,1,0
BRDA:43,5,0,0
BRDA:43,5,1,0
BRDA:43,5,2,0
BRDA:44,6,0,0
BRDA:44,6,1,0
BRDA:44,7,0,0
BRDA:44,7,1,0
BRDA:45,8,0,0
BRDA:45,8,1,0
BRF:19
BRH:0
end_of_record
TN:
SF:routes/agriculture.js
FN:14,agricultureRoutes
FN:30,(anonymous_1)
FN:35,(anonymous_2)
FN:43,(anonymous_3)
FN:48,(anonymous_4)
FN:62,(anonymous_5)
FN:80,(anonymous_6)
FN:85,(anonymous_7)
FN:94,(anonymous_8)
FN:100,(anonymous_9)
FN:122,(anonymous_10)
FN:127,(anonymous_11)
FN:132,(anonymous_12)
FN:142,(anonymous_13)
FN:150,(anonymous_14)
FN:159,(anonymous_15)
FN:167,(anonymous_16)
FN:172,(anonymous_17)
FN:184,(anonymous_18)
FN:200,(anonymous_19)
FN:205,(anonymous_20)
FN:210,(anonymous_21)
FN:214,(anonymous_22)
FN:236,(anonymous_23)
FN:241,(anonymous_24)
FN:246,(anonymous_25)
FN:260,(anonymous_26)
FN:264,(anonymous_27)
FN:283,(anonymous_28)
FN:288,(anonymous_29)
FN:293,(anonymous_30)
FN:297,(anonymous_31)
FN:303,(anonymous_32)
FN:317,(anonymous_33)
FNF:34
FNH:0
FNDA:0,agricultureRoutes
FNDA:0,(anonymous_1)
FNDA:0,(anonymous_2)
FNDA:0,(anonymous_3)
FNDA:0,(anonymous_4)
FNDA:0,(anonymous_5)
FNDA:0,(anonymous_6)
FNDA:0,(anonymous_7)
FNDA:0,(anonymous_8)
FNDA:0,(anonymous_9)
FNDA:0,(anonymous_10)
FNDA:0,(anonymous_11)
FNDA:0,(anonymous_12)
FNDA:0,(anonymous_13)
FNDA:0,(anonymous_14)
FNDA:0,(anonymous_15)
FNDA:0,(anonymous_16)
FNDA:0,(anonymous_17)
FNDA:0,(anonymous_18)
FNDA:0,(anonymous_19)
FNDA:0,(anonymous_20)
FNDA:0,(anonymous_21)
FNDA:0,(anonymous_22)
FNDA:0,(anonymous_23)
FNDA:0,(anonymous_24)
FNDA:0,(anonymous_25)
FNDA:0,(anonymous_26)
FNDA:0,(anonymous_27)
FNDA:0,(anonymous_28)
FNDA:0,(anonymous_29)
FNDA:0,(anonymous_30)
FNDA:0,(anonymous_31)
FNDA:0,(anonymous_32)
FNDA:0,(anonymous_33)
DA:6,0
DA:7,0
DA:8,0
DA:9,0
DA:10,0
DA:11,0
DA:12,0
DA:19,0
DA:31,0
DA:32,0
DA:35,0
DA:36,0
DA:37,0
DA:43,0
DA:44,0
DA:45,0
DA:48,0
DA:49,0
DA:50,0
DA:51,0
DA:54,0
DA:63,0
DA:64,0
DA:65,0
DA:72,0
DA:81,0
DA:82,0
DA:85,0
DA:86,0
DA:87,0
DA:94,0
DA:95,0
DA:96,0
DA:97,0
DA:100,0
DA:101,0
DA:102,0
DA:103,0
DA:110,0
DA:123,0
DA:124,0
DA:127,0
DA:128,0
DA:129,0
DA:132,0
DA:133,0
DA:134,0
DA:135,0
DA:142,0
DA:143,0
DA:150,0
DA:151,0
DA:152,0
DA:159,0
DA:160,0
DA:161,0
DA:167,0
DA:168,0
DA:169,0
DA:172,0
DA:173,0
DA:176,0
DA:185,0
DA:192,0
DA:201,0
DA:202,0
DA:205,0
DA:206,0
DA:207,0
DA:210,0
DA:211,0
DA:214,0
DA:215,0
DA:216,0
DA:217,0
DA:218,0
DA:225,0
DA:237,0
DA:238,0
DA:241,0
DA:242,0
DA:243,0
DA:246,0
DA:247,0
DA:248,0
DA:249,0
DA:252,0
DA:261,0
DA:264,0
DA:265,0
DA:272,0
DA:284,0
DA:285,0
DA:288,0
DA:289,0
DA:290,0
DA:293,0
DA:294,0
DA:297,0
DA:298,0
DA:299,0
DA:300,0
DA:303,0
DA:304,0
DA:305,0
DA:306,0
DA:309,0
DA:318,0
DA:322,0
DA:331,0
LF:110
LH:0
BRDA:36,0,0,0
BRDA:36,1,0,0
BRDA:50,2,0,0
BRDA:50,2,1,0
BRDA:64,3,0,0
BRDA:64,3,1,0
BRDA:86,4,0,0
BRDA:86,5,0,0
BRDA:96,6,0,0
BRDA:96,6,1,0
BRDA:101,7,0,0
BRDA:101,7,1,0
BRDA:102,8,0,0
BRDA:102,8,1,0
BRDA:128,9,0,0
BRDA:128,9,1,0
BRDA:134,10,0,0
BRDA:134,10,1,0
BRDA:154,11,0,0
BRDA:154,11,1,0
BRDA:155,12,0,0
BRDA:155,12,1,0
BRDA:163,13,0,0
BRDA:163,13,1,0
BRDA:215,14,0,0
BRDA:215,14,1,0
BRDA:242,15,0,0
BRDA:242,16,0,0
BRDA:242,17,0,0
BRDA:248,18,0,0
BRDA:248,18,1,0
BRDA:299,19,0,0
BRDA:299,19,1,0
BRDA:305,20,0,0
BRDA:305,20,1,0
BRDA:319,21,0,0
BRDA:319,21,1,0
BRDA:319,22,0,0
BRDA:319,22,1,0
BRDA:325,23,0,0
BRDA:325,23,1,0
BRF:41
BRH:0
end_of_record
TN:
SF:routes/auth.js
FN:19,authRoutes
FN:45,(anonymous_1)
FN:71,(anonymous_2)
FN:91,(anonymous_3)
FN:112,(anonymous_4)
FN:151,(anonymous_5)
FN:179,(anonymous_6)
FN:192,(anonymous_7)
FN:218,(anonymous_8)
FN:231,(anonymous_9)
FN:254,(anonymous_10)
FN:273,(anonymous_11)
FN:286,(anonymous_12)
FN:299,(anonymous_13)
FN:308,(anonymous_14)
FN:317,(anonymous_15)
FN:326,(anonymous_16)
FNF:17
FNH:0
FNDA:0,authRoutes
FNDA:0,(anonymous_1)
FNDA:0,(anonymous_2)
FNDA:0,(anonymous_3)
FNDA:0,(anonymous_4)
FNDA:0,(anonymous_5)
FNDA:0,(anonymous_6)
FNDA:0,(anonymous_7)
FNDA:0,(anonymous_8)
FNDA:0,(anonymous_9)
FNDA:0,(anonymous_10)
FNDA:0,(anonymous_11)
FNDA:0,(anonymous_12)
FNDA:0,(anonymous_13)
FNDA:0,(anonymous_14)
FNDA:0,(anonymous_15)
FNDA:0,(anonymous_16)
DA:13,0
DA:14,0
DA:15,0
DA:16,0
DA:17,0
DA:29,0
DA:46,0
DA:47,0
DA:59,0
DA:72,0
DA:73,0
DA:74,0
DA:91,0
DA:92,0
DA:93,0
DA:101,0
DA:113,0
DA:115,0
DA:116,0
DA:119,0
DA:122,0
DA:127,0
DA:141,0
DA:152,0
DA:154,0
DA:156,0
DA:157,0
DA:163,0
DA:179,0
DA:180,0
DA:181,0
DA:182,0
DA:184,0
DA:192,0
DA:193,0
DA:194,0
DA:195,0
DA:197,0
DA:204,0
DA:219,0
DA:220,0
DA:231,0
DA:232,0
DA:233,0
DA:240,0
DA:255,0
DA:256,0
DA:263,0
DA:274,0
DA:279,0
DA:286,0
DA:287,0
DA:288,0
DA:299,0
DA:300,0
DA:301,0
DA:308,0
DA:309,0
DA:310,0
DA:317,0
DA:318,0
DA:319,0
DA:326,0
DA:327,0
DA:328,0
DA:332,0
LF:66
LH:0
BRDA:115,0,0,0
BRDA:115,0,1,0
BRDA:115,1,0,0
BRDA:115,1,1,0
BRDA:156,2,0,0
BRDA:156,2,1,0
BRDA:181,3,0,0
BRDA:181,3,1,0
BRDA:194,4,0,0
BRDA:194,4,1,0
BRF:10
BRH:0
end_of_record
TN:
SF:routes/business.js
FN:8,businessRoutes
FN:13,(anonymous_1)
FN:17,(anonymous_2)
FN:46,(anonymous_3)
FN:58,(anonymous_4)
FN:65,(anonymous_5)
FN:71,(anonymous_6)
FN:82,(anonymous_7)
FNF:8
FNH:0
FNDA:0,businessRoutes
FNDA:0,(anonymous_1)
FNDA:0,(anonymous_2)
FNDA:0,(anonymous_3)
FNDA:0,(anonymous_4)
FNDA:0,(anonymous_5)
FNDA:0,(anonymous_6)
FNDA:0,(anonymous_7)
DA:5,0
DA:6,0
DA:13,0
DA:14,0
DA:17,0
DA:18,0
DA:19,0
DA:20,0
DA:27,0
DA:47,0
DA:48,0
DA:49,0
DA:51,0
DA:52,0
DA:53,0
DA:54,0
DA:58,0
DA:59,0
DA:60,0
DA:65,0
DA:66,0
DA:67,0
DA:68,0
DA:71,0
DA:72,0
DA:73,0
DA:75,0
DA:76,0
DA:77,0
DA:78,0
DA:82,0
DA:83,0
DA:84,0
DA:86,0
DA:87,0
DA:88,0
DA:93,0
LF:37
LH:0
BRDA:19,0,0,0
BRDA:19,0,1,0
BRDA:51,1,0,0
BRDA:51,1,1,0
BRDA:52,2,0,0
BRDA:52,2,1,0
BRDA:53,3,0,0
BRDA:53,3,1,0
BRDA:59,4,0,0
BRDA:59,5,0,0
BRDA:67,6,0,0
BRDA:67,6,1,0
BRDA:75,7,0,0
BRDA:75,7,1,0
BRDA:76,8,0,0
BRDA:76,8,1,0
BRDA:77,9,0,0
BRDA:77,9,1,0
BRDA:86,10,0,0
BRDA:86,10,1,0
BRDA:87,11,0,0
BRDA:87,11,1,0
BRF:22
BRH:0
end_of_record
TN:
SF:routes/community.js
FN:8,communityRoutes
FN:25,(anonymous_1)
FN:35,(anonymous_2)
FN:42,(anonymous_3)
FN:52,(anonymous_4)
FN:56,(anonymous_5)
FN:65,(anonymous_6)
FN:69,(anonymous_7)
FN:88,(anonymous_8)
FNF:9
FNH:0
FNDA:0,communityRoutes
FNDA:0,(anonymous_1)
FNDA:0,(anonymous_2)
FNDA:0,(anonymous_3)
FNDA:0,(anonymous_4)
FNDA:0,(anonymous_5)
FNDA:0,(anonymous_6)
FNDA:0,(anonymous_7)
FNDA:0,(anonymous_8)
DA:5,0
DA:6,0
DA:13,0
DA:26,0
DA:27,0
DA:28,0
DA:30,0
DA:31,0
DA:35,0
DA:36,0
DA:37,0
DA:42,0
DA:43,0
DA:44,0
DA:45,0
DA:52,0
DA:53,0
DA:56,0
DA:57,0
DA:58,0
DA:65,0
DA:66,0
DA:69,0
DA:70,0
DA:71,0
DA:78,0
DA:89,0
DA:93,0
LF:28
LH:0
BRDA:30,0,0,0
BRDA:30,0,1,0
BRDA:36,1,0,0
BRDA:36,2,0,0
BRDA:44,3,0,0
BRDA:44,3,1,0
BRDA:57,4,0,0
BRDA:57,5,0,0
BRDA:70,6,0,0
BRDA:70,7,0,0
BRF:10
BRH:0
end_of_record
TN:
SF:routes/economic-services.js
FN:12,economicServicesRoutes
FN:13,(anonymous_1)
FN:37,(anonymous_2)
FN:42,(anonymous_3)
FN:44,(anonymous_4)
FN:50,(anonymous_5)
FN:63,(anonymous_6)
FN:82,(anonymous_7)
FN:87,(anonymous_8)
FN:91,(anonymous_9)
FN:93,(anonymous_10)
FNF:11
FNH:0
FNDA:0,economicServicesRoutes
FNDA:0,(anonymous_1)
FNDA:0,(anonymous_2)
FNDA:0,(anonymous_3)
FNDA:0,(anonymous_4)
FNDA:0,(anonymous_5)
FNDA:0,(anonymous_6)
FNDA:0,(anonymous_7)
FNDA:0,(anonymous_8)
FNDA:0,(anonymous_9)
FNDA:0,(anonymous_10)
DA:5,0
DA:6,0
DA:7,0
DA:8,0
DA:9,0
DA:10,0
DA:13,0
DA:15,0
DA:38,0
DA:39,0
DA:42,0
DA:44,0
DA:45,0
DA:46,0
DA:47,0
DA:50,0
DA:52,0
DA:63,0
DA:65,0
DA:83,0
DA:84,0
DA:87,0
DA:88,0
DA:91,0
DA:93,0
DA:96,0
LF:26
LH:0
BRDA:46,0,0,0
BRDA:46,0,1,0
BRDA:88,1,0,0
BRDA:88,1,1,0
BRDA:93,2,0,0
BRDA:93,2,1,0
BRF:6
BRH:0
end_of_record
TN:
SF:routes/government.js
FN:8,governmentRoutes
FN:13,(anonymous_1)
FN:18,(anonymous_2)
FN:28,(anonymous_3)
FN:33,(anonymous_4)
FN:39,(anonymous_5)
FN:60,(anonymous_6)
FN:65,(anonymous_7)
FNF:8
FNH:0
FNDA:0,governmentRoutes
FNDA:0,(anonymous_1)
FNDA:0,(anonymous_2)
FNDA:0,(anonymous_3)
FNDA:0,(anonymous_4)
FNDA:0,(anonymous_5)
FNDA:0,(anonymous_6)
FNDA:0,(anonymous_7)
DA:5,0
DA:6,0
DA:13,0
DA:14,0
DA:15,0
DA:18,0
DA:19,0
DA:20,0
DA:21,0
DA:28,0
DA:29,0
DA:30,0
DA:33,0
DA:34,0
DA:35,0
DA:36,0
DA:39,0
DA:40,0
DA:47,0
DA:61,0
DA:62,0
DA:65,0
DA:66,0
DA:70,0
LF:24
LH:0
BRDA:20,0,0,0
BRDA:20,0,1,0
BRDA:29,1,0,0
BRDA:29,2,0,0
BRDA:35,3,0,0
BRDA:35,3,1,0
BRF:6
BRH:0
end_of_record
TN:
SF:routes/health.js
FN:11,healthRoutes
FN:31,(anonymous_1)
FN:44,(anonymous_2)
FN:49,(anonymous_3)
FN:66,(anonymous_4)
FN:74,(anonymous_5)
FN:79,(anonymous_6)
FN:101,(anonymous_7)
FN:109,(anonymous_8)
FN:114,(anonymous_9)
FN:137,(anonymous_10)
FN:146,(anonymous_11)
FN:152,(anonymous_12)
FNF:13
FNH:0
FNDA:0,healthRoutes
FNDA:0,(anonymous_1)
FNDA:0,(anonymous_2)
FNDA:0,(anonymous_3)
FNDA:0,(anonymous_4)
FNDA:0,(anonymous_5)
FNDA:0,(anonymous_6)
FNDA:0,(anonymous_7)
FNDA:0,(anonymous_8)
FNDA:0,(anonymous_9)
FNDA:0,(anonymous_10)
FNDA:0,(anonymous_11)
FNDA:0,(anonymous_12)
DA:5,0
DA:6,0
DA:7,0
DA:8,0
DA:9,0
DA:16,0
DA:32,0
DA:33,0
DA:37,0
DA:44,0
DA:45,0
DA:46,0
DA:49,0
DA:50,0
DA:51,0
DA:52,0
DA:55,0
DA:67,0
DA:74,0
DA:75,0
DA:76,0
DA:79,0
DA:80,0
DA:81,0
DA:82,0
DA:85,0
DA:102,0
DA:109,0
DA:110,0
DA:111,0
DA:114,0
DA:115,0
DA:116,0
DA:117,0
DA:124,0
DA:138,0
DA:146,0
DA:147,0
DA:148,0
DA:149,0
DA:152,0
DA:153,0
DA:154,0
DA:160,0
DA:161,0
DA:162,0
DA:167,0
LF:47
LH:0
BRDA:33,0,0,0
BRDA:33,0,1,0
BRDA:33,1,0,0
BRDA:33,1,1,0
BRDA:45,2,0,0
BRDA:45,3,0,0
BRDA:51,4,0,0
BRDA:51,4,1,0
BRDA:67,5,0,0
BRDA:67,5,1,0
BRDA:81,6,0,0
BRDA:81,6,1,0
BRDA:110,7,0,0
BRDA:110,8,0,0
BRDA:116,9,0,0
BRDA:116,9,1,0
BRDA:141,10,0,0
BRDA:141,10,1,0
BRDA:148,11,0,0
BRDA:148,11,1,0
BRDA:156,12,0,0
BRDA:156,12,1,0
BRDA:160,13,0,0
BRDA:160,13,1,0
BRDA:161,14,0,0
BRDA:161,14,1,0
BRF:26
BRH:0
end_of_record
TN:
SF:routes/knowledge.js
FN:18,knowledgeRoutes
FN:23,(anonymous_1)
FN:28,(anonymous_2)
FN:34,(anonymous_3)
FN:43,(anonymous_4)
FN:48,(anonymous_5)
FN:52,(anonymous_6)
FN:60,(anonymous_7)
FN:87,(anonymous_8)
FN:91,(anonymous_9)
FN:95,(anonymous_10)
FN:99,(anonymous_11)
FN:112,(anonymous_12)
FN:116,(anonymous_13)
FN:121,(anonymous_14)
FN:125,(anonymous_15)
FN:131,(anonymous_16)
FN:135,(anonymous_17)
FN:139,(anonymous_18)
FN:148,(anonymous_19)
FN:152,(anonymous_20)
FN:160,(anonymous_21)
FN:165,(anonymous_22)
FN:170,(anonymous_23)
FN:176,(anonymous_24)
FN:181,(anonymous_25)
FNF:26
FNH:0
FNDA:0,knowledgeRoutes
FNDA:0,(anonymous_1)
FNDA:0,(anonymous_2)
FNDA:0,(anonymous_3)
FNDA:0,(anonymous_4)
FNDA:0,(anonymous_5)
FNDA:0,(anonymous_6)
FNDA:0,(anonymous_7)
FNDA:0,(anonymous_8)
FNDA:0,(anonymous_9)
FNDA:0,(anonymous_10)
FNDA:0,(anonymous_11)
FNDA:0,(anonymous_12)
FNDA:0,(anonymous_13)
FNDA:0,(anonymous_14)
FNDA:0,(anonymous_15)
FNDA:0,(anonymous_16)
FNDA:0,(anonymous_17)
FNDA:0,(anonymous_18)
FNDA:0,(anonymous_19)
FNDA:0,(anonymous_20)
FNDA:0,(anonymous_21)
FNDA:0,(anonymous_22)
FNDA:0,(anonymous_23)
FNDA:0,(anonymous_24)
FNDA:0,(anonymous_25)
DA:6,0
DA:7,0
DA:8,0
DA:9,0
DA:10,0
DA:11,0
DA:12,0
DA:13,0
DA:14,0
DA:15,0
DA:16,0
DA:23,0
DA:24,0
DA:25,0
DA:28,0
DA:29,0
DA:30,0
DA:31,0
DA:34,0
DA:35,0
DA:36,0
DA:43,0
DA:44,0
DA:45,0
DA:48,0
DA:49,0
DA:52,0
DA:53,0
DA:60,0
DA:61,0
DA:62,0
DA:63,0
DA:65,0
DA:66,0
DA:67,0
DA:72,0
DA:75,0
DA:87,0
DA:88,0
DA:91,0
DA:92,0
DA:95,0
DA:96,0
DA:99,0
DA:100,0
DA:101,0
DA:112,0
DA:113,0
DA:116,0
DA:117,0
DA:118,0
DA:121,0
DA:122,0
DA:125,0
DA:126,0
DA:127,0
DA:128,0
DA:131,0
DA:132,0
DA:135,0
DA:136,0
DA:139,0
DA:140,0
DA:141,0
DA:148,0
DA:149,0
DA:152,0
DA:153,0
DA:160,0
DA:161,0
DA:162,0
DA:165,0
DA:166,0
DA:167,0
DA:170,0
DA:171,0
DA:172,0
DA:173,0
DA:176,0
DA:177,0
DA:178,0
DA:181,0
DA:182,0
DA:186,0
LF:84
LH:0
BRDA:24,0,0,0
BRDA:24,1,0,0
BRDA:30,2,0,0
BRDA:30,2,1,0
BRDA:61,3,0,0
BRDA:61,4,0,0
BRDA:63,5,0,0
BRDA:63,5,1,0
BRDA:72,6,0,0
BRDA:72,6,1,0
BRDA:100,7,0,0
BRDA:100,8,0,0
BRDA:127,9,0,0
BRDA:127,9,1,0
BRDA:172,10,0,0
BRDA:172,10,1,0
BRF:16
BRH:0
end_of_record
TN:
SF:routes/livelihood.js
FN:7,livelihoodRoutes
FN:8,(anonymous_1)
FN:12,(anonymous_2)
FN:17,(anonymous_3)
FNF:4
FNH:0
FNDA:0,livelihoodRoutes
FNDA:0,(anonymous_1)
FNDA:0,(anonymous_2)
FNDA:0,(anonymous_3)
DA:5,0
DA:8,0
DA:9,0
DA:12,0
DA:13,0
DA:14,0
DA:17,0
DA:18,0
DA:19,0
DA:20,0
DA:24,0
LF:11
LH:0
BRDA:19,0,0,0
BRDA:19,0,1,0
BRF:2
BRH:0
end_of_record
TN:
SF:routes/open-data.js
FN:10,openDataRoutes
FN:17,(anonymous_1)
FNF:2
FNH:0
FNDA:0,openDataRoutes
FNDA:0,(anonymous_1)
DA:5,0
DA:6,0
DA:7,0
DA:8,0
DA:17,0
DA:18,0
DA:19,0
DA:21,0
DA:22,0
DA:26,0
DA:27,0
DA:30,0
DA:33,0
DA:40,0
DA:41,0
DA:42,0
DA:43,0
DA:44,0
DA:47,0
DA:51,0
LF:20
LH:0
BRDA:19,0,0,0
BRDA:19,0,1,0
BRDA:21,1,0,0
BRDA:21,1,1,0
BRDA:26,2,0,0
BRDA:26,2,1,0
BRDA:40,3,0,0
BRDA:40,3,1,0
BRF:8
BRH:0
end_of_record
TN:
SF:routes/precision-agriculture.js
FN:15,precisionAgricultureRoutes
FN:31,(anonymous_1)
FN:56,(anonymous_2)
FN:79,(anonymous_3)
FN:106,(anonymous_4)
FN:129,(anonymous_5)
FN:148,(anonymous_6)
FN:153,(anonymous_7)
FNF:8
FNH:0
FNDA:0,precisionAgricultureRoutes
FNDA:0,(anonymous_1)
FNDA:0,(anonymous_2)
FNDA:0,(anonymous_3)
FNDA:0,(anonymous_4)
FNDA:0,(anonymous_5)
FNDA:0,(anonymous_6)
FNDA:0,(anonymous_7)
DA:5,0
DA:6,0
DA:7,0
DA:8,0
DA:13,0
DA:16,0
DA:31,0
DA:33,0
DA:56,0
DA:58,0
DA:79,0
DA:81,0
DA:106,0
DA:108,0
DA:129,0
DA:131,0
DA:149,0
DA:150,0
DA:153,0
DA:154,0
DA:158,0
LF:21
LH:0
BRDA:154,0,0,0
BRDA:154,0,1,0
BRF:2
BRH:0
end_of_record
TN:
SF:routes/voice-room.js
FN:9,mapError
FN:23,handleError
FN:29,voiceRoomRoutes
FN:49,(anonymous_3)
FN:57,(anonymous_4)
FN:62,(anonymous_5)
FN:70,(anonymous_6)
FN:80,(anonymous_7)
FN:87,(anonymous_8)
FN:93,(anonymous_9)
FN:103,(anonymous_10)
FN:118,(anonymous_11)
FN:128,(anonymous_12)
FN:134,(anonymous_13)
FN:140,(anonymous_14)
FN:146,(anonymous_15)
FN:162,(anonymous_16)
FN:168,(anonymous_17)
FN:174,(anonymous_18)
FN:180,(anonymous_19)
FN:186,(anonymous_20)
FN:192,(anonymous_21)
FNF:22
FNH:0
FNDA:0,mapError
FNDA:0,handleError
FNDA:0,voiceRoomRoutes
FNDA:0,(anonymous_3)
FNDA:0,(anonymous_4)
FNDA:0,(anonymous_5)
FNDA:0,(anonymous_6)
FNDA:0,(anonymous_7)
FNDA:0,(anonymous_8)
FNDA:0,(anonymous_9)
FNDA:0,(anonymous_10)
FNDA:0,(anonymous_11)
FNDA:0,(anonymous_12)
FNDA:0,(anonymous_13)
FNDA:0,(anonymous_14)
FNDA:0,(anonymous_15)
FNDA:0,(anonymous_16)
FNDA:0,(anonymous_17)
FNDA:0,(anonymous_18)
FNDA:0,(anonymous_19)
FNDA:0,(anonymous_20)
FNDA:0,(anonymous_21)
DA:5,0
DA:6,0
DA:7,0
DA:10,0
DA:20,0
DA:24,0
DA:25,0
DA:26,0
DA:35,0
DA:50,0
DA:51,0
DA:52,0
DA:53,0
DA:54,0
DA:57,0
DA:58,0
DA:59,0
DA:62,0
DA:63,0
DA:64,0
DA:65,0
DA:66,0
DA:67,0
DA:70,0
DA:71,0
DA:72,0
DA:73,0
DA:80,0
DA:81,0
DA:82,0
DA:83,0
DA:84,0
DA:87,0
DA:88,0
DA:89,0
DA:90,0
DA:93,0
DA:94,0
DA:95,0
DA:96,0
DA:103,0
DA:104,0
DA:105,0
DA:108,0
DA:119,0
DA:120,0
DA:121,0
DA:128,0
DA:129,0
DA:130,0
DA:131,0
DA:134,0
DA:135,0
DA:136,0
DA:137,0
DA:140,0
DA:141,0
DA:142,0
DA:143,0
DA:146,0
DA:147,0
DA:148,0
DA:149,0
DA:152,0
DA:163,0
DA:164,0
DA:165,0
DA:168,0
DA:169,0
DA:170,0
DA:171,0
DA:174,0
DA:175,0
DA:176,0
DA:177,0
DA:180,0
DA:181,0
DA:182,0
DA:183,0
DA:186,0
DA:187,0
DA:188,0
DA:189,0
DA:192,0
DA:193,0
DA:194,0
DA:195,0
DA:199,0
LF:88
LH:0
BRDA:20,0,0,0
BRDA:20,0,1,0
BRDA:25,1,0,0
BRDA:25,1,1,0
BRDA:51,2,0,0
BRDA:51,2,1,0
BRDA:58,3,0,0
BRDA:58,4,0,0
BRDA:65,5,0,0
BRDA:65,5,1,0
BRDA:82,6,0,0
BRDA:82,6,1,0
BRDA:104,7,0,0
BRDA:119,8,0,0
BRDA:119,8,1,0
BRF:15
BRH:0
end_of_record
TN:
SF:routes/voice.js
FN:33,voiceRoutes
FN:41,(anonymous_1)
FN:99,(anonymous_2)
FN:129,(anonymous_3)
FN:157,(anonymous_4)
FN:211,(anonymous_5)
FN:284,(anonymous_6)
FN:285,(anonymous_7)
FN:309,(anonymous_8)
FN:316,(anonymous_9)
FN:325,(anonymous_10)
FN:335,(anonymous_11)
FN:343,(anonymous_12)
FN:353,(anonymous_13)
FN:365,(anonymous_14)
FN:371,(anonymous_15)
FNF:16
FNH:0
FNDA:0,voiceRoutes
FNDA:0,(anonymous_1)
FNDA:0,(anonymous_2)
FNDA:0,(anonymous_3)
FNDA:0,(anonymous_4)
FNDA:0,(anonymous_5)
FNDA:0,(anonymous_6)
FNDA:0,(anonymous_7)
FNDA:0,(anonymous_8)
FNDA:0,(anonymous_9)
FNDA:0,(anonymous_10)
FNDA:0,(anonymous_11)
FNDA:0,(anonymous_12)
FNDA:0,(anonymous_13)
FNDA:0,(anonymous_14)
FNDA:0,(anonymous_15)
DA:26,0
DA:27,0
DA:28,0
DA:29,0
DA:30,0
DA:31,0
DA:39,0
DA:43,0
DA:45,0
DA:46,0
DA:47,0
DA:48,0
DA:50,0
DA:51,0
DA:52,0
DA:53,0
DA:56,0
DA:57,0
DA:58,0
DA:59,0
DA:60,0
DA:61,0
DA:62,0
DA:64,0
DA:68,0
DA:69,0
DA:73,0
DA:75,0
DA:86,0
DA:100,0
DA:102,0
DA:108,0
DA:117,0
DA:130,0
DA:131,0
DA:132,0
DA:143,0
DA:158,0
DA:159,0
DA:166,0
DA:168,0
DA:177,0
DA:178,0
DA:187,0
DA:194,0
DA:196,0
DA:201,0
DA:209,0
DA:212,0
DA:213,0
DA:217,0
DA:218,0
DA:219,0
DA:221,0
DA:222,0
DA:223,0
DA:224,0
DA:226,0
DA:227,0
DA:228,0
DA:229,0
DA:230,0
DA:231,0
DA:232,0
DA:233,0
DA:234,0
DA:235,0
DA:237,0
DA:240,0
DA:249,0
DA:250,0
DA:259,0
DA:268,0
DA:270,0
DA:275,0
DA:282,0
DA:285,0
DA:294,0
DA:307,0
DA:310,0
DA:316,0
DA:317,0
DA:318,0
DA:319,0
DA:325,0
DA:326,0
DA:327,0
DA:328,0
DA:329,0
DA:335,0
DA:336,0
DA:337,0
DA:343,0
DA:344,0
DA:345,0
DA:351,0
DA:354,0
DA:365,0
DA:367,0
DA:371,0
DA:376,0
LF:101
LH:0
BRDA:45,0,0,0
BRDA:45,0,1,0
BRDA:45,1,0,0
BRDA:45,1,1,0
BRDA:47,2,0,0
BRDA:47,2,1,0
BRDA:52,3,0,0
BRDA:52,3,1,0
BRDA:57,4,0,0
BRDA:57,4,1,0
BRDA:59,5,0,0
BRDA:59,5,1,0
BRDA:60,6,0,0
BRDA:60,6,1,0
BRDA:62,7,0,0
BRDA:62,7,1,0
BRDA:68,8,0,0
BRDA:68,8,1,0
BRDA:68,9,0,0
BRDA:68,9,1,0
BRDA:100,10,0,0
BRDA:109,11,0,0
BRDA:109,11,1,0
BRDA:130,12,0,0
BRDA:162,13,0,0
BRDA:163,14,0,0
BRDA:164,15,0,0
BRDA:165,16,0,0
BRDA:174,17,0,0
BRDA:174,17,1,0
BRDA:221,18,0,0
BRDA:221,18,1,0
BRDA:221,19,0,0
BRDA:221,19,1,0
BRDA:223,20,0,0
BRDA:223,20,1,0
BRDA:228,21,0,0
BRDA:228,21,1,0
BRDA:229,22,0,0
BRDA:229,22,1,0
BRDA:230,23,0,0
BRDA:230,23,1,0
BRDA:231,24,0,0
BRDA:231,24,1,0
BRDA:233,25,0,0
BRDA:233,25,1,0
BRDA:234,26,0,0
BRDA:234,26,1,0
BRDA:235,27,0,0
BRDA:235,27,1,0
BRDA:246,28,0,0
BRDA:246,28,1,0
BRDA:289,29,0,0
BRDA:289,29,1,0
BRDA:317,30,0,0
BRDA:317,30,1,0
BRDA:327,31,0,0
BRDA:327,31,1,0
BRDA:355,32,0,0
BRDA:355,32,1,0
BRDA:356,33,0,0
BRDA:356,33,1,0
BRDA:357,34,0,0
BRDA:357,34,1,0
BRDA:358,35,0,0
BRDA:358,35,1,0
BRDA:359,36,0,0
BRDA:359,36,1,0
BRDA:360,37,0,0
BRDA:360,37,1,0
BRDA:361,38,0,0
BRDA:361,38,1,0
BRF:72
BRH:0
end_of_record
TN:
SF:utils/agora.js
FN:12,getNumericUid
FN:28,generateRtcToken
FNF:2
FNH:0
FNDA:0,getNumericUid
FNDA:0,generateRtcToken
DA:4,0
DA:6,0
DA:7,0
DA:13,0
DA:14,0
DA:15,0
DA:16,0
DA:17,0
DA:29,0
DA:30,0
DA:31,0
DA:34,0
DA:38,0
DA:39,0
DA:41,0
DA:50,0
DA:53,0
LF:17
LH:0
BRDA:13,0,0,0
BRDA:13,0,1,0
BRDA:14,1,0,0
BRDA:14,1,1,0
BRDA:17,2,0,0
BRDA:17,2,1,0
BRDA:29,3,0,0
BRDA:29,3,1,0
BRDA:29,4,0,0
BRDA:29,4,1,0
BRDA:34,5,0,0
BRDA:34,5,1,0
BRDA:34,6,0,0
BRDA:34,6,1,0
BRDA:39,7,0,0
BRDA:39,7,1,0
BRF:16
BRH:0
end_of_record
TN:
SF:utils/constants.js
FNF:0
FNH:0
DA:5,0
DA:22,0
DA:38,0
DA:53,0
DA:66,0
DA:68,0
DA:75,0
DA:81,0
DA:85,0
DA:93,0
DA:95,0
DA:102,0
DA:112,0
DA:119,0
DA:127,0
DA:129,0
DA:137,0
DA:139,0
DA:143,0
DA:144,0
DA:145,0
DA:161,0
DA:162,0
DA:163,0
DA:167,0
DA:182,0
DA:194,0
DA:200,0
DA:205,0
DA:209,0
DA:214,0
DA:218,0
DA:224,0
DA:229,0
DA:230,0
DA:234,0
DA:236,0
DA:242,0
DA:244,0
DA:250,0
DA:252,0
DA:254,0
DA:258,0
DA:260,0
DA:265,0
LF:45
LH:0
BRDA:81,0,0,0
BRDA:81,0,1,0
BRDA:234,1,0,0
BRDA:234,1,1,0
BRDA:237,2,0,0
BRDA:237,2,1,0
BRDA:238,3,0,0
BRDA:238,3,1,0
BRDA:239,4,0,0
BRDA:239,4,1,0
BRDA:261,5,0,0
BRDA:261,5,1,0
BRDA:262,6,0,0
BRDA:262,6,1,0
BRF:14
BRH:0
end_of_record
TN:
SF:utils/db.js
FN:30,getPostgresPool
FN:47,query
FNF:2
FNH:0
FNDA:0,getPostgresPool
FNDA:0,query
DA:5,0
DA:6,0
DA:7,0
DA:10,0
DA:13,0
DA:14,0
DA:16,0
DA:21,0
DA:23,0
DA:28,0
DA:31,0
DA:32,0
DA:44,0
DA:48,0
DA:49,0
DA:50,0
DA:54,0
DA:86,0
LF:18
LH:0
BRDA:11,0,0,0
BRDA:11,0,1,0
BRDA:13,1,0,0
BRDA:13,1,1,0
BRDA:17,2,0,0
BRDA:17,2,1,0
BRDA:18,3,0,0
BRDA:18,3,1,0
BRDA:31,4,0,0
BRDA:31,4,1,0
BRDA:33,5,0,0
BRDA:33,5,1,0
BRDA:34,6,0,0
BRDA:34,6,1,0
BRDA:35,7,0,0
BRDA:35,7,1,0
BRDA:36,8,0,0
BRDA:36,8,1,0
BRDA:37,9,0,0
BRDA:37,9,1,0
BRDA:41,10,0,0
BRDA:41,10,1,0
BRDA:56,11,0,0
BRDA:56,11,1,0
BRDA:57,12,0,0
BRDA:57,12,1,0
BRDA:59,13,0,0
BRDA:59,13,1,0
BRDA:60,14,0,0
BRDA:60,14,1,0
BRDA:61,15,0,0
BRDA:61,15,1,0
BRDA:62,16,0,0
BRDA:62,16,1,0
BRDA:64,17,0,0
BRDA:64,17,1,0
BRDA:65,18,0,0
BRDA:65,18,1,0
BRDA:66,19,0,0
BRDA:66,19,1,0
BRDA:67,20,0,0
BRDA:67,20,1,0
BRDA:68,21,0,0
BRDA:68,21,1,0
BRDA:69,22,0,0
BRDA:69,22,1,0
BRDA:70,23,0,0
BRDA:70,23,1,0
BRDA:72,24,0,0
BRDA:72,24,1,0
BRDA:73,25,0,0
BRDA:73,25,1,0
BRDA:75,26,0,0
BRDA:75,26,1,0
BRDA:76,27,0,0
BRDA:76,27,1,0
BRDA:77,28,0,0
BRDA:77,28,1,0
BRDA:78,29,0,0
BRDA:78,29,1,0
BRDA:80,30,0,0
BRDA:80,30,1,0
BRDA:81,31,0,0
BRDA:81,31,1,0
BRDA:83,32,0,0
BRDA:83,32,1,0
BRF:66
BRH:0
end_of_record
TN:
SF:utils/response.js
FN:12,success
FN:20,error
FN:30,badRequest
FN:34,notFound
FN:38,unauthorized
FNF:5
FNH:0
FNDA:0,success
FNDA:0,error
FNDA:0,badRequest
FNDA:0,notFound
FNDA:0,unauthorized
DA:5,0
DA:13,0
DA:21,0
DA:22,0
DA:23,0
DA:31,0
DA:35,0
DA:39,0
DA:42,0
LF:9
LH:0
BRDA:12,0,0,0
BRDA:20,1,0,0
BRDA:20,2,0,0
BRDA:22,3,0,0
BRDA:22,3,1,0
BRDA:30,4,0,0
BRDA:34,5,0,0
BRDA:38,6,0,0
BRF:8
BRH:0
end_of_record
